PRT1
40
108
4 0 10 (1962 -1914 -154.80000000000007 ) (1962 -2058 -154.80000000000007 ) (1962 -2058 781.1999999999999 ) (1962 -1914 781.1999999999999 ) 
4 0 7 (1962 -1914 115.59999999999997 ) (1962 -1914 781.1999999999999 ) (1962 -390 781.1999999999999 ) (1962 -390 115.59999999999997 ) 
4 0 6 (1962 -78 -154.80000000000007 ) (1962 -390 -154.80000000000007 ) (1962 -390 781.1999999999999 ) (1962 -78 781.1999999999999 ) 
4 0 2 (1962 930 781.1999999999999 ) (1962 930 -144.40000000000006 ) (1962 -78 -144.40000000000006 ) (1962 -78 781.1999999999999 ) 
4 0 1 (1962 930 1186.8000000000002 ) (1962 930 781.1999999999999 ) (1962 -2058 781.1999999999999 ) (1962 -2058 1186.8000000000002 ) 
4 1 29 (-198 -1554 781.1999999999999 ) (-198 -2058 781.1999999999999 ) (-198 -2058 1186.8000000000002 ) (-198 -1554 1186.8000000000002 ) 
4 1 24 (-198 450 781.1999999999999 ) (-198 -1554 781.1999999999999 ) (-198 -1554 1186.8000000000002 ) (-198 450 1186.8000000000002 ) 
4 1 14 (-198 930 1186.8000000000002 ) (-198 930 781.1999999999999 ) (-198 450 781.1999999999999 ) (-198 450 1186.8000000000002 ) 
4 1 13 (-198 -2058 781.1999999999999 ) (-198 -1938 781.1999999999999 ) (330 -1938 781.1999999999999 ) (330 -2058 781.1999999999999 ) 
4 1 12 (-198 -1338 781.1999999999999 ) (-198 -78 781.1999999999999 ) (330 -78 781.1999999999999 ) (330 -1338 781.1999999999999 ) 
4 1 11 (330 -78 781.1999999999999 ) (438 -78 781.1999999999999 ) (438 -2058 781.1999999999999 ) (330 -2058 781.1999999999999 ) 
4 1 10 (1962 -1914 781.1999999999999 ) (1962 -2058 781.1999999999999 ) (438 -2058 781.1999999999999 ) (438 -1914 781.1999999999999 ) 
4 1 9 (438 -78 781.1999999999999 ) (966 -78 781.1999999999999 ) (966 -1314 781.1999999999999 ) (438 -1314 781.1999999999999 ) 
4 1 8 (966 -78 781.1999999999999 ) (1434 -78 781.1999999999999 ) (1434 -1914 781.1999999999999 ) (966 -1914 781.1999999999999 ) 
4 1 7 (1962 -390 781.1999999999999 ) (1962 -1914 781.1999999999999 ) (1434 -1914 781.1999999999999 ) (1434 -390 781.1999999999999 ) 
4 1 6 (1434 -78 781.1999999999999 ) (1962 -78 781.1999999999999 ) (1962 -390 781.1999999999999 ) (1434 -390 781.1999999999999 ) 
4 1 5 (-198 -78 781.1999999999999 ) (-198 930 781.1999999999999 ) (462 930 781.1999999999999 ) (462 -78 781.1999999999999 ) 
4 1 4 (1470 438 781.1999999999999 ) (1470 -78 781.1999999999999 ) (462 -78 781.1999999999999 ) (462 438 781.1999999999999 ) 
4 1 3 (462 930 781.1999999999999 ) (1470 930 781.1999999999999 ) (1470 438 781.1999999999999 ) (462 438 781.1999999999999 ) 
4 1 2 (1470 930 781.1999999999999 ) (1962 930 781.1999999999999 ) (1962 -78 781.1999999999999 ) (1470 -78 781.1999999999999 ) 
4 2 6 (1962 -78 -144.40000000000006 ) (1962 -78 781.1999999999999 ) (1470 -78 781.1999999999999 ) (1470 -78 -144.40000000000006 ) 
4 2 4 (1470 -78 -144.40000000000006 ) (1470 -78 781.1999999999999 ) (1470 438 781.1999999999999 ) (1470 438 -144.40000000000006 ) 
4 2 3 (1470 438 781.1999999999999 ) (1470 930 781.1999999999999 ) (1470 930 -144.40000000000006 ) (1470 438 -144.40000000000006 ) 
4 3 5 (462 438 781.1999999999999 ) (462 930 781.1999999999999 ) (462 930 -144.40000000000006 ) (462 438 -144.40000000000006 ) 
4 3 4 (462 438 781.1999999999999 ) (462 438 -144.40000000000006 ) (1470 438 -144.40000000000006 ) (1470 438 781.1999999999999 ) 
4 4 9 (966 -78 781.1999999999999 ) (462 -78 781.1999999999999 ) (462 -78 -154.80000000000007 ) (966 -78 -154.80000000000007 ) 
4 4 8 (1434 -78 781.1999999999999 ) (966 -78 781.1999999999999 ) (966 -78 -154.80000000000007 ) (1434 -78 -154.80000000000007 ) 
4 4 6 (1470 -78 781.1999999999999 ) (1434 -78 781.1999999999999 ) (1434 -78 -154.80000000000007 ) (1470 -78 -154.80000000000007 ) 
4 4 5 (462 -78 -154.80000000000007 ) (462 -78 781.1999999999999 ) (462 438 781.1999999999999 ) (462 438 -154.80000000000007 ) 
4 5 24 (-198 450 -154.80000000000007 ) (-198 -78 -154.80000000000007 ) (-198 -78 781.1999999999999 ) (-198 450 781.1999999999999 ) 
4 5 14 (-198 930 781.1999999999999 ) (-198 930 -154.80000000000007 ) (-198 450 -154.80000000000007 ) (-198 450 781.1999999999999 ) 
4 5 12 (330 -78 781.1999999999999 ) (-198 -78 781.1999999999999 ) (-198 -78 -154.80000000000007 ) (330 -78 -154.80000000000007 ) 
4 5 11 (438 -78 781.1999999999999 ) (330 -78 781.1999999999999 ) (330 -78 -154.80000000000007 ) (438 -78 -154.80000000000007 ) 
4 5 9 (462 -78 781.1999999999999 ) (438 -78 781.1999999999999 ) (438 -78 -154.80000000000007 ) (462 -78 -154.80000000000007 ) 
4 6 8 (1434 -78 781.1999999999999 ) (1434 -78 -154.80000000000007 ) (1434 -390 -154.80000000000007 ) (1434 -390 781.1999999999999 ) 
4 6 7 (1434 -390 781.1999999999999 ) (1434 -390 115.59999999999997 ) (1962 -390 115.59999999999997 ) (1962 -390 781.1999999999999 ) 
4 7 10 (1962 -1914 115.59999999999997 ) (1962 -1914 781.1999999999999 ) (1434 -1914 781.1999999999999 ) (1434 -1914 115.59999999999997 ) 
4 7 8 (1434 -1914 115.59999999999997 ) (1434 -1914 781.1999999999999 ) (1434 -390 781.1999999999999 ) (1434 -390 115.59999999999997 ) 
4 8 10 (966 -1914 -154.80000000000007 ) (1434 -1914 -154.80000000000007 ) (1434 -1914 781.1999999999999 ) (966 -1914 781.1999999999999 ) 
4 8 9 (966 -78 781.1999999999999 ) (966 -78 -154.80000000000007 ) (966 -1314 -154.80000000000007 ) (966 -1314 781.1999999999999 ) 
4 9 11 (438 -78 781.1999999999999 ) (438 -78 -154.80000000000007 ) (438 -1314 -154.80000000000007 ) (438 -1314 781.1999999999999 ) 
4 10 11 (438 -1914 -154.80000000000007 ) (438 -2058 -154.80000000000007 ) (438 -2058 781.1999999999999 ) (438 -1914 781.1999999999999 ) 
4 11 13 (330 -1938 -154.80000000000007 ) (330 -2058 -154.80000000000007 ) (330 -2058 781.1999999999999 ) (330 -1938 781.1999999999999 ) 
4 11 12 (330 -78 781.1999999999999 ) (330 -78 -154.80000000000007 ) (330 -1338 -154.80000000000007 ) (330 -1338 781.1999999999999 ) 
4 12 24 (-198 -78 -154.80000000000007 ) (-198 -1338 -154.80000000000007 ) (-198 -1338 781.1999999999999 ) (-198 -78 781.1999999999999 ) 
4 13 29 (-198 -1938 -154.80000000000007 ) (-198 -2058 -154.80000000000007 ) (-198 -2058 781.1999999999999 ) (-198 -1938 781.1999999999999 ) 
4 14 25 (-470 450 -154.80000000000007 ) (-462 450 -154.80000000000007 ) (-462 450 1186.8000000000002 ) (-470 450 1186.8000000000002 ) 
4 14 24 (-462 450 -154.80000000000007 ) (-198 450 -154.80000000000007 ) (-198 450 1186.8000000000002 ) (-462 450 1186.8000000000002 ) 
4 14 16 (-470 450 469.19999999999993 ) (-470 450 1186.8000000000002 ) (-470 870 1186.8000000000002 ) (-470 870 469.19999999999993 ) 
4 14 15 (-470 930 1186.8000000000002 ) (-470 930 -154.80000000000007 ) (-470 870 -154.80000000000007 ) (-470 870 1186.8000000000002 ) 
4 15 17 (-914 930 1186.8000000000002 ) (-914 930 -154.80000000000007 ) (-914 870 -154.80000000000007 ) (-914 870 1186.8000000000002 ) 
4 15 16 (-914 870 1186.8000000000002 ) (-914 870 469.19999999999993 ) (-470 870 469.19999999999993 ) (-470 870 1186.8000000000002 ) 
4 16 28 (-906 450 1186.8000000000002 ) (-914 450 1186.8000000000002 ) (-914 450 469.19999999999993 ) (-906 450 469.19999999999993 ) 
4 16 25 (-470 450 469.19999999999993 ) (-470 450 1186.8000000000002 ) (-906 450 1186.8000000000002 ) (-906 450 469.19999999999993 ) 
4 16 17 (-914 450 469.19999999999993 ) (-914 450 1186.8000000000002 ) (-914 870 1186.8000000000002 ) (-914 870 469.19999999999993 ) 
4 17 28 (-978 450 -154.80000000000007 ) (-914 450 -154.80000000000007 ) (-914 450 1186.8000000000002 ) (-978 450 1186.8000000000002 ) 
4 17 22 (-978 699 -154.80000000000007 ) (-978 450 -154.80000000000007 ) (-978 450 -144.40000000000006 ) (-978 699 -144.40000000000006 ) 
4 17 21 (-978 705 -154.80000000000007 ) (-978 699 -154.80000000000007 ) (-978 699 -144.40000000000006 ) (-978 705 -144.40000000000006 ) 
4 17 19 (-978 930 -144.40000000000006 ) (-978 930 -154.80000000000007 ) (-978 711 -154.80000000000007 ) (-978 711 -144.40000000000006 ) 
4 17 18 (-978 930 1186.8000000000002 ) (-978 930 -144.40000000000006 ) (-978 450 -144.40000000000006 ) (-978 450 1186.8000000000002 ) 
4 18 28 (-978 450 -144.40000000000006 ) (-978 450 1186.8000000000002 ) (-990 450 1186.8000000000002 ) (-990 450 -144.40000000000006 ) 
4 18 23 (-990 930 1186.8000000000002 ) (-990 930 -144.40000000000006 ) (-990 450 -144.40000000000006 ) (-990 450 1186.8000000000002 ) 
4 18 22 (-990 450 -144.40000000000006 ) (-990 705 -144.40000000000006 ) (-978 699 -144.40000000000006 ) (-978 450 -144.40000000000006 ) 
3 18 21 (-978 705 -144.40000000000006 ) (-978 699 -144.40000000000006 ) (-984 702 -144.40000000000006 ) 
3 18 20 (-990 711 -144.40000000000006 ) (-990 717 -144.40000000000006 ) (-984 714 -144.40000000000006 ) 
4 18 19 (-990 717 -144.40000000000006 ) (-990 930 -144.40000000000006 ) (-978 930 -144.40000000000006 ) (-978 711 -144.40000000000006 ) 
4 19 23 (-990 930 -144.40000000000006 ) (-990 930 -154.80000000000007 ) (-990 717 -154.80000000000007 ) (-990 717 -144.40000000000006 ) 
4 19 20 (-984 714 -144.40000000000006 ) (-990 717 -144.40000000000006 ) (-990 717 -154.80000000000007 ) (-984 714 -154.80000000000007 ) 
4 20 23 (-990 717 -154.80000000000007 ) (-990 711 -154.80000000000007 ) (-990 711 -144.40000000000006 ) (-990 717 -144.40000000000006 ) 
4 21 22 (-978 699 -154.80000000000007 ) (-978 699 -144.40000000000006 ) (-984 702 -144.40000000000006 ) (-984 702 -154.80000000000007 ) 
4 22 28 (-990 450 -154.80000000000007 ) (-978 450 -154.80000000000007 ) (-978 450 -144.40000000000006 ) (-990 450 -144.40000000000006 ) 
4 22 23 (-990 705 -154.80000000000007 ) (-990 450 -154.80000000000007 ) (-990 450 -144.40000000000006 ) (-990 705 -144.40000000000006 ) 
4 23 32 (-1398 930 1186.8000000000002 ) (-1398 930 -154.80000000000007 ) (-1398 450 -154.80000000000007 ) (-1398 450 1186.8000000000002 ) 
4 23 28 (-1398 450 1186.8000000000002 ) (-1398 450 -154.80000000000007 ) (-990 450 -154.80000000000007 ) (-990 450 1186.8000000000002 ) 
4 24 30 (-390 -1554 -144.40000000000006 ) (-390 -1554 1186.8000000000002 ) (-462 -1554 1186.8000000000002 ) (-462 -1554 -144.40000000000006 ) 
4 24 29 (-390 -1554 -154.80000000000007 ) (-198 -1554 -154.80000000000007 ) (-198 -1554 1186.8000000000002 ) (-390 -1554 1186.8000000000002 ) 
4 24 27 (-462 -918 -154.80000000000007 ) (-462 -1554 -154.80000000000007 ) (-462 -1554 1186.8000000000002 ) (-462 -918 1186.8000000000002 ) 
4 24 26 (-462 -918 115.59999999999997 ) (-462 -918 1186.8000000000002 ) (-462 246 1186.8000000000002 ) (-462 246 115.59999999999997 ) 
4 24 25 (-462 450 1186.8000000000002 ) (-462 450 -154.80000000000007 ) (-462 246 -154.80000000000007 ) (-462 246 1186.8000000000002 ) 
4 25 28 (-906 450 1186.8000000000002 ) (-906 450 -154.80000000000007 ) (-906 246 -154.80000000000007 ) (-906 246 1186.8000000000002 ) 
4 25 26 (-906 246 1186.8000000000002 ) (-906 246 115.59999999999997 ) (-462 246 115.59999999999997 ) (-462 246 1186.8000000000002 ) 
4 26 28 (-906 -918 115.59999999999997 ) (-906 -918 1186.8000000000002 ) (-906 246 1186.8000000000002 ) (-906 246 115.59999999999997 ) 
4 26 27 (-906 -918 1186.8000000000002 ) (-906 -918 115.59999999999997 ) (-462 -918 115.59999999999997 ) (-462 -918 1186.8000000000002 ) 
4 27 30 (-462 -1554 -144.40000000000006 ) (-462 -1554 1186.8000000000002 ) (-906 -1554 1186.8000000000002 ) (-906 -1554 -144.40000000000006 ) 
4 27 28 (-906 -918 -154.80000000000007 ) (-906 -1554 -154.80000000000007 ) (-906 -1554 1186.8000000000002 ) (-906 -918 1186.8000000000002 ) 
4 28 37 (-1398 -1554 -144.40000000000006 ) (-1398 -1554 1186.8000000000002 ) (-1398 -1038 1186.8000000000002 ) (-1398 -1038 -144.40000000000006 ) 
4 28 32 (-1398 450 -154.80000000000007 ) (-1398 -1038 -154.80000000000007 ) (-1398 -1038 1186.8000000000002 ) (-1398 450 1186.8000000000002 ) 
4 28 30 (-1398 -1554 1186.8000000000002 ) (-1398 -1554 -144.40000000000006 ) (-906 -1554 -144.40000000000006 ) (-906 -1554 1186.8000000000002 ) 
4 29 31 (-390 -2046 -154.80000000000007 ) (-390 -2058 -154.80000000000007 ) (-390 -2058 1186.8000000000002 ) (-390 -2046 1186.8000000000002 ) 
4 29 30 (-390 -1554 1186.8000000000002 ) (-390 -1554 -144.40000000000006 ) (-390 -2046 -144.40000000000006 ) (-390 -2046 1186.8000000000002 ) 
4 30 37 (-1398 -2046 -144.40000000000006 ) (-1398 -2046 1186.8000000000002 ) (-1398 -1554 1186.8000000000002 ) (-1398 -1554 -144.40000000000006 ) 
4 30 31 (-1398 -2046 1186.8000000000002 ) (-1398 -2046 -144.40000000000006 ) (-390 -2046 -144.40000000000006 ) (-390 -2046 1186.8000000000002 ) 
4 31 38 (-1398 -2046 -154.80000000000007 ) (-1398 -2058 -154.80000000000007 ) (-1398 -2058 1186.8000000000002 ) (-1398 -2046 1186.8000000000002 ) 
4 32 37 (-1398 -1038 -144.40000000000006 ) (-1398 -1038 1186.8000000000002 ) (-1494 -1038 1186.8000000000002 ) (-1494 -1038 -144.40000000000006 ) 
4 32 35 (-1494 -330 -154.80000000000007 ) (-1494 -1038 -154.80000000000007 ) (-1494 -1038 1186.8000000000002 ) (-1494 -330 1186.8000000000002 ) 
4 32 34 (-1494 -330 178 ) (-1494 -330 1186.8000000000002 ) (-1494 822 1186.8000000000002 ) (-1494 822 178 ) 
4 32 33 (-1494 930 1186.8000000000002 ) (-1494 930 -154.80000000000007 ) (-1494 822 -154.80000000000007 ) (-1494 822 1186.8000000000002 ) 
4 33 36 (-1878 930 1186.8000000000002 ) (-1878 930 -154.80000000000007 ) (-1878 822 -154.80000000000007 ) (-1878 822 1186.8000000000002 ) 
4 33 34 (-1878 822 1186.8000000000002 ) (-1878 822 178 ) (-1494 822 178 ) (-1494 822 1186.8000000000002 ) 
4 34 36 (-1878 -330 178 ) (-1878 -330 1186.8000000000002 ) (-1878 822 1186.8000000000002 ) (-1878 822 178 ) 
4 34 35 (-1878 -330 1186.8000000000002 ) (-1878 -330 178 ) (-1494 -330 178 ) (-1494 -330 1186.8000000000002 ) 
4 35 37 (-1494 -1038 -144.40000000000006 ) (-1494 -1038 1186.8000000000002 ) (-1878 -1038 1186.8000000000002 ) (-1878 -1038 -144.40000000000006 ) 
4 35 36 (-1878 -330 -154.80000000000007 ) (-1878 -1038 -154.80000000000007 ) (-1878 -1038 1186.8000000000002 ) (-1878 -330 1186.8000000000002 ) 
4 36 39 (-1890 930 1186.8000000000002 ) (-1890 930 -154.80000000000007 ) (-1890 -1038 -154.80000000000007 ) (-1890 -1038 1186.8000000000002 ) 
4 36 37 (-1890 -1038 1186.8000000000002 ) (-1890 -1038 -144.40000000000006 ) (-1878 -1038 -144.40000000000006 ) (-1878 -1038 1186.8000000000002 ) 
4 37 39 (-1890 -2046 -144.40000000000006 ) (-1890 -2046 1186.8000000000002 ) (-1890 -1038 1186.8000000000002 ) (-1890 -1038 -144.40000000000006 ) 
4 37 38 (-1890 -2046 1186.8000000000002 ) (-1890 -2046 -144.40000000000006 ) (-1398 -2046 -144.40000000000006 ) (-1398 -2046 1186.8000000000002 ) 
4 38 39 (-1890 -2046 -154.80000000000007 ) (-1890 -2058 -154.80000000000007 ) (-1890 -2058 1186.8000000000002 ) (-1890 -2046 1186.8000000000002 ) 
