PRT1
168
535
4 0 89 (784 -1018 733 ) (736 -1018 733 ) (736 244 733 ) (784 244 733 ) 
4 0 88 (928 -1018 733 ) (784 -1018 733 ) (784 -1016 733 ) (928 -1016 733 ) 
4 0 86 (784 -1016 733 ) (784 -1000 733 ) (928 -1000 733 ) (928 -1016 733 ) 
4 0 85 (784 -1000 733 ) (784 244 733 ) (928 244 733 ) (928 -1000 733 ) 
4 0 51 (2038 -1018 733 ) (928 -1018 733 ) (928 -464 733 ) (2038 -464 733 ) 
5 0 50 (928 -464 733 ) (928 228 733 ) (1642 228 733 ) (1642 -162.46857991093492 733 ) (1468.3831908831908 -464 733 ) 
3 0 48 (1605 -464 733 ) (1468.3831908831908 -464 733 ) (1605 -226.72884710539287 733 ) 
4 0 44 (1642 -459.6666666666667 733 ) (1642 -464 733 ) (1605 -464 733 ) (1605 -398 733 ) 
3 0 30 (1642 -162.46857991093492 733 ) (1642 -164 733 ) (1626.004108136756 -190.24966869865713 733 ) 
4 0 29 (1642 -164 733 ) (1605 -229 733 ) (1605 -226.72884710539287 733 ) (1626.004108136756 -190.24966869865713 733 ) 
4 0 17 (1642 228 733 ) (1762 228 733 ) (1762 -164 733 ) (1642 -164 733 ) 
4 0 16 (1762 228 733 ) (2038 228 733 ) (2038 -464 733 ) (1762 -464 733 ) 
4 0 12 (928 228 733 ) (928 244 733 ) (1555.7272727272723 244 733 ) (1554.7272727272725 228 733 ) 
4 0 11 (1555.7272727272723 244 733 ) (1571 244 733 ) (1571 228 733 ) (1554.7272727272725 228 733 ) 
4 0 10 (1571 244 733 ) (2038 244 733 ) (2038 228 733 ) (1571 228 733 ) 
4 0 9 (2052 -1018 733 ) (2038 -1018 733 ) (2038 244 733 ) (2052 244 733 ) 
4 0 4 (736 244 733 ) (736 397 733 ) (1571 397 733 ) (1571 244 733 ) 
4 0 3 (736 397 733 ) (736 400 733 ) (1571 400 733 ) (1571 397 733 ) 
4 0 2 (1571 400 733 ) (2038 400 733 ) (2038 244 733 ) (1571 244 733 ) 
4 0 1 (2038 400 733 ) (2052 400 733 ) (2052 244 733 ) (2038 244 733 ) 
4 1 9 (2052 244 -32 ) (2052 244 733 ) (2038 244 733 ) (2038 244 -32 ) 
4 1 2 (2038 244 554 ) (2038 244 733 ) (2038 400 733 ) (2038 400 554 ) 
4 2 10 (2038 244 554 ) (2038 244 733 ) (1571 244 733 ) (1750 244 554 ) 
4 2 7 (1750 244 554 ) (1740 244 564 ) (1740 381 564 ) (1750 381 554 ) 
4 2 4 (1740 244 564 ) (1571 244 733 ) (1571 397 733 ) (1740 397 564 ) 
4 2 3 (1571 397 733 ) (1571 400 733 ) (1750 400 554 ) (1750 397 554 ) 
4 3 90 (736 400 296 ) (736 400 -32 ) (736 397 -32 ) (736 397 296 ) 
3 3 8 (1164.8489932885907 397 -32 ) (1750 397 -32 ) (1750 397 531.4087237479804 ) 
4 3 6 (1162.8120805369128 397 -32 ) (1164.8489932885907 397 -32 ) (1750 397 531.4087237479804 ) (1750 397 534.2847896440129 ) 
3 3 5 (1749.3621996567504 397 551.4230549199082 ) (1750 397 550.7272727272722 ) (1750 397 552.0371567043618 ) 
5 3 4 (1740 397 564 ) (1571 397 733 ) (736 397 733 ) (736 397 -32 ) (1123.035175879397 397 -32 ) 
4 4 90 (736 244 -32 ) (736 244 296 ) (736 397 296 ) (736 397 -32 ) 
4 4 89 (784 244 733 ) (736 244 733 ) (736 244 -32 ) (784 244 -32 ) 
4 4 85 (928 244 733 ) (784 244 733 ) (784 244 -32 ) (928 244 -32 ) 
3 4 13 (1739 244 565 ) (1738.4868929952727 244 565.4703480876665 ) (1120 244 -32 ) 
5 4 12 (1738.4868929952727 244 565.4703480876665 ) (1555.7272727272723 244 733 ) (928 244 733 ) (928 244 -32 ) (1120 244 -32 ) 
3 4 11 (1739 244 565 ) (1571 244 733 ) (1555.7272727272723 244 733 ) 
4 4 7 (1740 381 564 ) (1740 244 564 ) (1123.0351758793977 244 -32 ) (1123.0351758793975 381 -32 ) 
4 6 8 (1164.84899328859 397 -32 ) (1750 397 531.4087237479813 ) (1750 388 531.4087237479812 ) (1164.84899328859 388 -32 ) 
3 7 14 (1750 244 554 ) (1140.4026845637582 244 -32 ) (1142.4053601340033 244 -32 ) 
3 8 15 (1750 244 531.4087237479804 ) (1164.8489932885907 244 -32 ) (1750 244 -32 ) 
4 9 83 (2038 -1018 554 ) (2038 -1018 576 ) (2038 -464 576 ) (2038 -464 554 ) 
4 9 51 (2038 -1018 576 ) (2038 -1018 733 ) (2038 -464 733 ) (2038 -464 576 ) 
4 9 16 (2038 -464 554 ) (2038 -464 733 ) (2038 228 733 ) (2038 228 554 ) 
4 9 10 (2038 244 733 ) (2038 244 554 ) (2038 228 554 ) (2038 228 733 ) 
3 10 50 (1642 228 733 ) (1571 228 733 ) (1642 228 662 ) 
4 10 22 (1642 228 718 ) (1642 228 662 ) (1734 228 570 ) (1734 228 718 ) 
4 10 19 (1734 228 570 ) (1750 228 554 ) (1750 228 718 ) (1734 228 718 ) 
4 10 18 (1750 228 554 ) (1762 228 554 ) (1762 228 718 ) (1750 228 718 ) 
4 10 17 (1762 228 733 ) (1642 228 733 ) (1642 228 718 ) (1762 228 718 ) 
4 10 16 (2038 228 554 ) (2038 228 733 ) (1762 228 733 ) (1762 228 554 ) 
4 10 11 (1750 228 554 ) (1571 228 733 ) (1571 244 733 ) (1739 244 565 ) 
4 11 50 (1642 228 662 ) (1571 228 733 ) (1554.7272727272725 228 733 ) (1642 228 653 ) 
4 11 22 (1734 228 570 ) (1642 228 662 ) (1642 228 653 ) (1734 228 568.6666666666666 ) 
3 11 19 (1750 228 554 ) (1734 228 570 ) (1734 228 568.6666666666666 ) 
3 11 13 (1739 244 565 ) (1738 228 565 ) (1738.4868929952731 244 565.4703480876667 ) 
4 11 12 (1738 228 565 ) (1554.7272727272732 228 733 ) (1555.7272727272734 244 733 ) (1738.4868929952731 244 565.4703480876667 ) 
4 12 85 (928 244 733 ) (928 244 -32 ) (928 228 -32 ) (928 228 733 ) 
6 12 50 (928 228 733 ) (928 228 -32 ) (1120 228 -32 ) (1642 228 472.26213592233006 ) (1642 228 653 ) (1554.7272727272725 228 733 ) 
4 12 22 (1642 228 472.26213592233006 ) (1734 228 561.1359223300971 ) (1734 228 568.6666666666666 ) (1642 228 653 ) 
3 12 19 (1734 228 561.1359223300971 ) (1738 228 565 ) (1734 228 568.6666666666666 ) 
3 12 13 (1120 244 -32 ) (1738.4868929952727 244 565.4703480876664 ) (1738 228 565 ) 
4 14 50 (1140.4026845637582 228 -32 ) (1142.4053601340024 228 -32 ) (1642 228 449.838449111473 ) (1642 228 450.1806451612931 ) 
3 14 22 (1642 228 449.838449111473 ) (1750 228 554 ) (1642 228 450.1806451612931 ) 
3 15 50 (1642 228 427.42164781906285 ) (1164.8489932885907 228 -32 ) (1642 228 -32 ) 
4 15 22 (1734 228 516.0032310177704 ) (1642 228 427.42164781906285 ) (1642 228 -32 ) (1734 228 -32 ) 
4 15 19 (1750 228 -32 ) (1750 228 531.4087237479787 ) (1734 228 516.0032310177704 ) (1734 228 -32 ) 
4 16 83 (2038 -464 554 ) (2038 -464 576 ) (1799.312080536913 -464 576 ) (1776.4630872483224 -464 554 ) 
4 16 55 (1799.312080536913 -464 576 ) (1762 -464 576 ) (1762 -464 554 ) (1776.4630872483224 -464 554 ) 
4 16 51 (2038 -464 576 ) (2038 -464 733 ) (1762 -464 733 ) (1762 -464 576 ) 
4 16 24 (1762 -188 554 ) (1762 -440 554 ) (1762 -440 718 ) (1762 -188 718 ) 
4 16 23 (1762 -163 554 ) (1762 -164 554 ) (1762 -164 718 ) (1762 -163 718 ) 
4 16 18 (1762 228 718 ) (1762 228 554 ) (1762 -163 554 ) (1762 -163 718 ) 
4 16 17 (1762 228 733 ) (1762 228 718 ) (1762 -164 718 ) (1762 -164 733 ) 
4 17 50 (1642 228 733 ) (1642 228 718 ) (1642 -162.51311232063267 718 ) (1642 -162.46857991093466 733 ) 
4 17 32 (1642 -162.51311232063267 718 ) (1642 -164 718 ) (1642 -164 722 ) (1642 -162.50187239454468 721.7859817706492 ) 
4 17 30 (1642 -164 722 ) (1642 -164 733 ) (1642 -162.46857991093466 733 ) (1642 -162.50187239454468 721.7859817706492 ) 
4 17 23 (1642 -164 718 ) (1642 -163 718 ) (1762 -163 718 ) (1762 -164 718 ) 
4 17 22 (1642 -163 718 ) (1642 228 718 ) (1734 228 718 ) (1734 -163 718 ) 
4 17 20 (1750 227 718 ) (1750 -163 718 ) (1734 -163 718 ) (1734 227 718 ) 
4 17 19 (1734 228 718 ) (1750 228 718 ) (1750 227 718 ) (1734 227 718 ) 
4 17 18 (1750 228 718 ) (1762 228 718 ) (1762 -163 718 ) (1750 -163 718 ) 
4 18 23 (1762 -163 554 ) (1762 -163 718 ) (1750 -163 718 ) (1750 -163 554 ) 
4 18 20 (1750 -163 576 ) (1750 -163 718 ) (1750 227 718 ) (1750 227 576 ) 
4 18 19 (1750 227 718 ) (1750 228 718 ) (1750 228 554 ) (1750 227 554 ) 
4 19 22 (1734 228 -32 ) (1734 227 -32 ) (1734 227 718 ) (1734 228 718 ) 
4 19 21 (1734 227 538 ) (1734 227 -32 ) (1750 227 -32 ) (1750 227 538 ) 
4 19 20 (1734 227 718 ) (1734 227 576 ) (1750 227 576 ) (1750 227 718 ) 
4 20 23 (1750 -163 576 ) (1750 -163 718 ) (1734 -163 718 ) (1734 -163 576 ) 
4 20 22 (1734 -163 576 ) (1734 -163 718 ) (1734 227 718 ) (1734 227 576 ) 
4 21 25 (1734 -163 -32 ) (1750 -163 -32 ) (1750 -163 538 ) (1734 -163 538 ) 
4 21 22 (1734 227 -32 ) (1734 -163 -32 ) (1734 -163 538 ) (1734 227 538 ) 
5 22 50 (1642 228 718 ) (1642 228 -32 ) (1642 -163 -32 ) (1642 -163 554 ) (1642 -162.51311232063307 718 ) 
3 22 37 (1642 -163 554 ) (1642 -163 718 ) (1642 -162.51311232063307 718 ) 
4 22 28 (1642 -163 -32 ) (1734 -163 -32 ) (1734 -163 -28.692307692307693 ) (1642 -163 -31.051282051281987 ) 
3 22 27 (1642 -163 554 ) (1642 -163 -31.051282051281987 ) (1644 -163 -31 ) 
4 22 26 (1734 -163 -28.692307692307693 ) (1734 -163 554 ) (1642 -163 554 ) (1644 -163 -31 ) 
4 22 23 (1734 -163 554 ) (1734 -163 718 ) (1642 -163 718 ) (1642 -163 554 ) 
4 23 37 (1642 -164 718 ) (1642 -163 718 ) (1642 -163 554 ) (1642 -164 554 ) 
4 23 26 (1642 -164 554 ) (1642 -163 554 ) (1734 -163 554 ) (1734 -164 554 ) 
4 23 25 (1734 -163 554 ) (1750 -163 554 ) (1750 -164 554 ) (1734 -164 554 ) 
4 24 38 (1642 -391 718 ) (1642 -227 718 ) (1642 -227 554 ) (1642 -391 554 ) 
4 25 28 (1734 -163 -28.692307692307622 ) (1734 -163 -32 ) (1734 -164 -32 ) (1734 -164 -28.692307692307693 ) 
4 25 26 (1734 -164 554 ) (1734 -163 554 ) (1734 -163 -28.692307692307622 ) (1734 -164 -28.692307692307693 ) 
4 26 28 (1644 -164 -31 ) (1644 -163 -31 ) (1734 -163 -28.692307692307686 ) (1734 -164 -28.692307692307686 ) 
4 27 50 (1642 -163 554 ) (1642 -163 -31.051282051281987 ) (1642 -164 -31.051282051281987 ) (1642 -164 217.1666666665323 ) 
3 27 49 (1642 -163 554 ) (1642 -164 217.1666666665323 ) (1642 -164 381.1439393939868 ) 
4 27 28 (1642 -164 -31.05128205128204 ) (1642 -163 -31.05128205128204 ) (1644 -163 -31 ) (1643.4090909090912 -164 -31.015151515151494 ) 
4 28 50 (1642 -163 -32 ) (1642 -164 -32 ) (1642 -164 -31.051282051281987 ) (1642 -163 -31.051282051281987 ) 
4 29 50 (1616.957677031609 -205.9760386726033 727.996576953229 ) (1604.8663515673875 -226.9669145756573 730.9952735108081 ) (1605 -226.72884710539208 733 ) (1626.0041081367494 -190.24966869866773 733 ) 
4 29 48 (1605 -226.72884710539364 733 ) (1604.8663515673873 -226.96691457565885 730.9952735108084 ) (1604.8857142857144 -229 731.2857142857142 ) (1605 -229 733 ) 
3 29 35 (1604.8857142857144 -229 731.2857142857143 ) (1604.8666666666668 -227 731 ) (1606.0051282051281 -227 731 ) 
5 29 31 (1604.8666666666668 -227 731 ) (1604.8663515673873 -226.96691457565817 730.9952735108084 ) (1616.957677031612 -205.97603867259863 727.9965769532284 ) (1624.7882352941144 -193.44117647059377 726.205882352942 ) (1606.0051282051281 -227 731 ) 
4 29 30 (1624.788235294119 -193.44117647058593 726.2058823529402 ) (1616.9576770316175 -205.9760386725893 727.9965769532264 ) (1626.004108136763 -190.2496686986451 733 ) (1642 -164 733 ) 
4 30 50 (1642 -162.46857991093412 733 ) (1642 -162.50187239454428 721.7859817706491 ) (1616.957677031609 -205.9760386726033 727.996576953229 ) (1626.0041081367494 -190.24966869866773 733 ) 
4 30 32 (1616.957677031612 -205.97603867259863 727.9965769532284 ) (1642 -162.5018723945451 721.7859817706494 ) (1642 -164 722 ) (1629.3407821229032 -186.15363128491973 725.1648044692744 ) 
4 31 50 (1604.8638614835422 -227 721.3076987941711 ) (1604.8477777777773 -227 730.7166666666558 ) (1604.8663515673875 -226.9669145756573 730.9952735108081 ) (1616.957677031609 -205.9760386726033 727.996576953229 ) 
6 31 35 (1606 -227 730.9230769230801 ) (1606 -227 731 ) (1604.8666666666663 -227 731 ) (1604.8477777777775 -227 730.7166666666697 ) (1604.8638614835425 -227 721.3076987941707 ) (1605.1692307692308 -227 718.4615384615407 ) 
4 31 32 (1605.1692307692306 -227 718.4615384615392 ) (1604.8638614835425 -227 721.3076987941678 ) (1616.9576770316169 -205.9760386725906 727.9965769532272 ) (1624.7882352941174 -193.44117647058897 726.2058823529412 ) 
5 32 50 (1642 -162.50187239454428 721.7859817706491 ) (1642 -162.5131123206323 718 ) (1604.869515669515 -227 718 ) (1604.8638614835422 -227 721.3076987941711 ) (1616.957677031609 -205.9760386726033 727.996576953229 ) 
5 32 37 (1604.8695156695155 -227 718 ) (1642 -162.5131123206329 718 ) (1642 -164 718 ) (1617.7647058823507 -206.4117647058863 718 ) (1605.2187500000002 -227 718 ) 
3 32 36 (1604.8695156695153 -227 718 ) (1605.2187500000002 -227 718 ) (1604.8638614835425 -227 721.3076987941707 ) 
3 33 44 (1606.6666666666106 -402.3333333332413 719 ) (1642 -461.22222222222354 719 ) (1642 -459.7499999999993 732.2500000000178 ) 
3 33 34 (1616.1666666666752 -418.1666666666815 719 ) (1606.6666666666615 -402.33333333332547 719 ) (1614.8917748917816 -415.9047619047733 719 ) 
4 34 45 (1610.703349282296 -409.17224880382804 718 ) (1617.2000000000146 -420 718 ) (1616.1666666666792 -418.1666666666891 719 ) (1610.7527910685799 -409.14354066985686 719 ) 
4 34 39 (1617.1999999999948 -420 718 ) (1610.7033492822968 -409.17224880382753 718 ) (1610.7534345625452 -409.1431670281994 718 ) (1615.42857142857 -416.8571428571403 718 ) 
3 35 50 (1604.1958834541654 -228.16121700395996 720.9382518124762 ) (1604.8477777777773 -227 730.7166666666558 ) (1604.8638614835422 -227 721.3076987941711 ) 
4 35 48 (1604.8663515673873 -226.96691457565885 730.9952735108084 ) (1604.1958834541645 -228.16121700396272 720.9382518124663 ) (1604 -229 718 ) (1604.8857142857144 -229 731.2857142857142 ) 
4 35 36 (1604.8638614835425 -227 721.3076987941678 ) (1605.1692307692306 -227 718.4615384615392 ) (1604 -229 718 ) (1604.1958834541647 -228.16121700396167 720.9382518124697 ) 
4 36 50 (1604.869515669515 -227 718 ) (1604 -228.51014349331885 718 ) (1604.1958834541654 -228.16121700395996 720.9382518124762 ) (1604.8638614835422 -227 721.3076987941711 ) 
3 36 48 (1604.1958834541645 -228.16121700396272 720.9382518124663 ) (1604 -228.5101434933204 718 ) (1604 -229 718 ) 
4 36 38 (1604 -229 718 ) (1604 -228.51014349331973 718 ) (1604.8695156695155 -227 718 ) (1605.2187500000002 -227 718 ) 
4 37 50 (1642 -162.5131123206323 718 ) (1642 -163 554 ) (1605.1515151515146 -227 553.030303030303 ) (1604.869515669515 -227 718 ) 
4 37 38 (1606 -227 718 ) (1604.8695156695153 -227 718 ) (1605.1515151515148 -227 553.030303030303 ) (1606 -227 553.0526315789474 ) 
5 38 50 (1604 -229 553 ) (1603.7250000000001 -229 713.8749999999974 ) (1604 -228.51014349331885 718 ) (1604.869515669515 -227 718 ) (1605.1515151515146 -227 553.030303030303 ) 
4 38 48 (1604 -228.5101434933204 718 ) (1603.7250000000001 -229 713.8750000000007 ) (1603.7250000000001 -396.09274193548436 713.8750000000007 ) (1604 -396.5806451612905 718 ) 
4 38 46 (1603.725 -396.09274193548384 713.8750000000017 ) (1603.725 -229 713.8750000000017 ) (1604 -229 553 ) (1604 -396.5806451612903 553 ) 
5 38 39 (1604 -396.5806451612905 553 ) (1611 -409 553.184210526316 ) (1611 -409 718 ) (1604 -396.58064516129065 718 ) (1603.725 -396.0927419354842 713.8749999999999 ) 
4 39 54 (1642 -464 554 ) (1642 -464 576 ) (1634.1333333333332 -464 576 ) (1632.6502636203866 -464 553.7539543057997 ) 
3 39 51 (1642 -464 576 ) (1642 -464 694 ) (1634.1333333333332 -464 576 ) 
4 39 48 (1603.7250000000001 -396.09274193548436 713.8750000000007 ) (1603.7250000000001 -398 713.8750000000007 ) (1604 -398 718 ) (1604 -396.5806451612905 718 ) 
4 39 46 (1604 -416.3333333333336 553 ) (1603.725 -398 713.8750000000017 ) (1603.725 -396.09274193548384 713.8750000000017 ) (1604 -396.5806451612903 553 ) 
6 39 45 (1604 -398 718 ) (1603.7249999999995 -398 713.8749999999955 ) (1604 -416.3333333333339 553 ) (1632.6502636203859 -464 553.7539543057997 ) (1642 -464 694 ) (1617.2000000000123 -420 718 ) 
3 39 43 (1604 -406.11213517665107 553 ) (1604 -398 553 ) (1607.4046689966408 -403.82377591530667 553.0895965525432 ) 
6 39 41 (1632.6502636203866 -464 553.7539543057997 ) (1604 -416.33333333333394 553 ) (1604 -413.06451612903174 553 ) (1610.5750277880697 -409.2467580585402 553.1730270470545 ) (1626.2933333333342 -436.13333333333463 553.5866666666667 ) (1642 -464 554 ) 
4 39 40 (1604 -413.06451612903174 553 ) (1604 -406.11213517665107 553 ) (1607.4046689966408 -403.82377591530667 553.0895965525432 ) (1610.5750277880697 -409.2467580585402 553.1730270470545 ) 
3 40 46 (1604 -413.06451612903214 553 ) (1604 -406.11213517665146 553 ) (1604.0034188034188 -413.0625310173697 551 ) 
4 40 43 (1604.0034188034183 -413.06253101736974 551 ) (1604 -406.1121351766514 553 ) (1607.4046689966408 -403.8237759153065 553.0895965525432 ) (1610.5778009579885 -409.2451478308451 551 ) 
4 40 41 (1604.0034188034188 -413.06253101736996 551 ) (1610.5778009579888 -409.24514783084544 551 ) (1610.57502778807 -409.24675805854025 553.1730270470543 ) (1604 -413.0645161290324 553 ) 
4 41 54 (1642 -464 530 ) (1642 -464 554 ) (1632.6502636203866 -464 553.7539543057997 ) (1631.1870757218192 -464 531.8061358272879 ) 
4 41 46 (1604.0051981248002 -416.67987498668725 549.9590969918215 ) (1604 -416.3333333333336 553 ) (1604 -413.06451612903214 553 ) (1604.0034188034188 -413.0625310173697 551 ) 
4 41 45 (1604 -416.3333333333339 553 ) (1604.0051981247998 -416.67987498668754 549.9590969918215 ) (1631.1870757218185 -464 531.806135827288 ) (1632.6502636203859 -464 553.7539543057997 ) 
6 41 43 (1631.1870757218192 -464 531.8061358272878 ) (1604.0051981247998 -416.6798749866862 549.9590969918219 ) (1604.0034188034183 -413.06253101736974 551 ) (1610.5778009579885 -409.24514783084516 551 ) (1625.7173860249502 -435.1114913345889 541.030157854066 ) (1642 -464 530 ) 
3 42 47 (1605 -398 -32 ) (1642 -459.6666666666667 -31.051282051282037 ) (1642 -461.28940068672864 -31.051282051282037 ) 
4 42 43 (1642 -462.9307270900388 530.3075990562904 ) (1640.5637805904032 -460.47691184800505 531.2533898911961 ) (1605 -398 -32 ) (1642 -461.28940068672836 -31.05128205128204 ) 
5 43 84 (1605 -464 -32 ) (1642 -464 -31.051282051282055 ) (1642 -464 424.53311793214857 ) (1622.8033145356196 -464 406.04971803429595 ) (1604.715 -464 134.72500000000446 ) 
4 43 59 (1642 -464 424.53311793214857 ) (1642 -464 468.64724919093874 ) (1625.9460518731987 -464 453.19077809798273 ) (1622.8033145356196 -464 406.04971803429595 ) 
4 43 54 (1642 -464 468.64724919093874 ) (1642 -464 530 ) (1631.1870757218192 -464 531.8061358272879 ) (1625.9460518731987 -464 453.19077809798273 ) 
4 43 47 (1605 -464 -32 ) (1605 -398 -32 ) (1642 -461.28940068672864 -31.051282051282037 ) (1642 -464 -31.051282051282037 ) 
6 43 46 (1605 -398 -32 ) (1605 -464 -32 ) (1604.715 -464 134.72500000000343 ) (1604.0051981248002 -416.67987498668725 549.9590969918215 ) (1604 -406.11213517665146 553 ) (1604 -398 553 ) 
3 43 45 (1604.0051981247998 -416.67987498668754 549.9590969918215 ) (1604.7149999999995 -464 134.72500000000525 ) (1631.1870757218185 -464 531.806135827288 ) 
4 44 51 (1642 -464 719 ) (1642 -464 733 ) (1605 -464 733 ) (1604.066666666667 -464 719 ) 
4 44 48 (1604.0666666666668 -464 719 ) (1605 -464 733 ) (1605 -398 733 ) (1604.0666666666668 -398 719 ) 
4 44 45 (1604.0666666666666 -464 719 ) (1604.0666666666666 -398 719 ) (1616.1666666666672 -418.16666666666765 719 ) (1642 -464 719 ) 
3 45 84 (1604.2816815591477 -464 388.21628789862984 ) (1604.715 -464 134.72500000000446 ) (1622.8033145356194 -464 406.0497180342957 ) 
4 45 59 (1604.206392820159 -464 432.260200207111 ) (1604.2816815591477 -464 388.21628789862984 ) (1622.8033145356194 -464 406.0497180342957 ) (1625.9460518731985 -464 453.1907780979826 ) 
4 45 54 (1603.9606837606839 -464 576 ) (1604.206392820159 -464 432.260200207111 ) (1625.9460518731985 -464 453.1907780979826 ) (1634.1333333333332 -464 576 ) 
6 45 51 (1642 -464 694 ) (1642 -464 719 ) (1604.066666666667 -464 719 ) (1603.7250000000001 -464 713.8749999999974 ) (1603.9606837606839 -464 576 ) (1634.1333333333332 -464 576 ) 
4 45 48 (1603.7250000000001 -398 713.8750000000007 ) (1603.7250000000001 -464 713.8750000000007 ) (1604.0666666666668 -464 719 ) (1604.0666666666668 -398 719 ) 
3 45 46 (1604.715 -464 134.72500000000343 ) (1603.725 -464 713.8750000000017 ) (1603.725 -398 713.8750000000017 ) 
4 46 84 (1554 -464 -32 ) (1605 -464 -32 ) (1604.2816815591477 -464 388.2162878986299 ) (1580.4870525952356 -464 365.3057889285303 ) 
4 46 59 (1604.2816815591477 -464 388.2162878986299 ) (1604.206392820159 -464 432.2602002071111 ) (1583.6299711815564 -464 412.4495677233433 ) (1580.4870525952356 -464 365.3057889285303 ) 
4 46 54 (1604.206392820159 -464 432.2602002071111 ) (1603.9606837606839 -464 576 ) (1594.5333333333335 -464 576 ) (1583.6299711815564 -464 412.4495677233433 ) 
3 46 51 (1603.9606837606839 -464 576 ) (1603.7250000000001 -464 713.8749999999974 ) (1594.5333333333335 -464 576 ) 
3 46 50 (1605 -229 -32 ) (1554 -317.5749628896577 -32 ) (1603.7250000000001 -229 713.8749999999974 ) 
4 46 48 (1603.7250000000001 -229 713.8750000000007 ) (1554 -317.57496288965876 -32 ) (1554 -464 -32 ) (1603.7250000000001 -464 713.8750000000007 ) 
3 47 84 (1605 -464 -32 ) (1642 -464 -32 ) (1642 -464 -31.051282051282055 ) 
3 47 49 (1642 -166.3901038699223 -32 ) (1605 -229 -32 ) (1642 -166.38461538461615 -31.051282051281987 ) 
4 48 84 (1469.6908831908831 -464 -32 ) (1554 -464 -32 ) (1580.4870525952356 -464 365.3057889285303 ) (1469.1949021856701 -464 258.14888804953046 ) 
4 48 59 (1580.4870525952356 -464 365.3057889285303 ) (1583.6299711815564 -464 412.44956772334325 ) (1469.1195995857781 -464 302.2009089863076 ) (1469.1949021856701 -464 258.14888804953046 ) 
4 48 54 (1583.6299711815564 -464 412.44956772334325 ) (1594.5333333333335 -464 576 ) (1468.6515669515668 -464 576 ) (1469.1195995857781 -464 302.2009089863076 ) 
4 48 51 (1594.5333333333335 -464 576 ) (1605 -464 733 ) (1468.3831908831908 -464 733 ) (1468.6515669515668 -464 576 ) 
4 48 50 (1554 -317.5749628896577 -32 ) (1469.6908831908827 -464 -32 ) (1468.3831908831903 -464 733 ) (1605 -226.72884710539208 733 ) 
3 49 50 (1642 -163 554 ) (1642 -164.73973280554083 -32 ) (1605 -229 -32 ) 
4 50 85 (928 -464 -32 ) (928 -464 733 ) (928 228 733 ) (928 228 -32 ) 
3 50 84 (1167.8489932885907 -464 -32 ) (1469.6908831908831 -464 -32 ) (1469.1949021856701 -464 258.14888804953046 ) 
4 50 59 (1122 -464 -32 ) (1167.8489932885907 -464 -32 ) (1469.1949021856701 -464 258.14888804953046 ) (1469.1195995857781 -464 302.2009089863076 ) 
5 50 54 (928 -464 576 ) (928 -464 -32 ) (1122 -464 -32 ) (1469.1195995857781 -464 302.2009089863076 ) (1468.6515669515668 -464 576 ) 
4 50 51 (928 -464 733 ) (928 -464 576 ) (1468.6515669515668 -464 576 ) (1468.3831908831908 -464 733 ) 
4 51 88 (928 -1018 733 ) (928 -1016 733 ) (928 -1016 576 ) (928 -1018 576 ) 
4 51 86 (928 -1016 733 ) (928 -1000 733 ) (928 -1000 576 ) (928 -1016 576 ) 
4 51 85 (928 -1000 733 ) (928 -464 733 ) (928 -464 576 ) (928 -1000 576 ) 
4 51 83 (1799.312080536913 -464 576 ) (2038 -464 576 ) (2038 -1018 576 ) (1799.312080536913 -1018 576 ) 
4 51 81 (928 -1018 576 ) (928 -1016 576 ) (1750 -1016 576 ) (1750 -1018 576 ) 
4 51 80 (1750 -1016 576 ) (1799.312080536913 -1016 576 ) (1799.312080536913 -1018 576 ) (1750 -1018 576 ) 
4 51 76 (1799.312080536913 -1008 576 ) (1799.312080536913 -1016 576 ) (1752.422110552764 -1016 576 ) (1752.422110552764 -1008 576 ) 
4 51 75 (1752.422110552764 -875 576 ) (1799.312080536913 -875 576 ) (1799.312080536913 -1008 576 ) (1752.422110552764 -1008 576 ) 
4 51 70 (928 -1016 576 ) (928 -875 576 ) (1272 -875 576 ) (1272 -1016 576 ) 
4 51 69 (1320 -968 576 ) (1320 -1016 576 ) (1272 -1016 576 ) (1272 -968 576 ) 
4 51 68 (1272 -875 576 ) (1320 -875 576 ) (1320 -968 576 ) (1272 -968 576 ) 
4 51 67 (1320 -875 576 ) (1752.422110552764 -875 576 ) (1752.422110552764 -1016 576 ) (1320 -1016 576 ) 
4 51 55 (1753.5025210084034 -464 576 ) (1799.312080536913 -464 576 ) (1799.312080536913 -875 576 ) (1753.5025210084034 -875 576 ) 
4 51 54 (928 -875 576 ) (928 -464 576 ) (1734 -464 576 ) (1734 -875 576 ) 
4 51 53 (1750 -864 576 ) (1750 -875 576 ) (1734 -875 576 ) (1734 -864 576 ) 
4 51 52 (1750 -464 576 ) (1753.5025210084034 -464 576 ) (1753.5025210084034 -875 576 ) (1750 -875 576 ) 
4 52 75 (1753.5025210084036 -875 576 ) (1752.4221105527638 -875 576 ) (1750 -875 573.6601941747573 ) (1750 -875 572.62783171521 ) 
3 52 67 (1752.4221105527638 -875 576 ) (1750 -875 576 ) (1750 -875 573.6601941747573 ) 
4 52 55 (1753.502521008403 -875 576 ) (1750 -875 572.6278317152107 ) (1750 -464 572.6278317152107 ) (1753.502521008403 -464 576 ) 
4 52 53 (1750 -864 572.6278317152105 ) (1750 -875 572.6278317152105 ) (1750 -875 576 ) (1750 -864 576 ) 
4 53 75 (1734 -875 558.2038834951456 ) (1734 -875 557.2233009708735 ) (1750 -875 572.62783171521 ) (1750 -875 573.6601941747573 ) 
4 53 67 (1750 -875 576 ) (1734 -875 576 ) (1734 -875 558.2038834951456 ) (1750 -875 573.6601941747573 ) 
4 53 57 (1750 -875 572.6278317152107 ) (1740 -875 563 ) (1740 -864 563 ) (1750 -864 572.6278317152107 ) 
4 53 54 (1734 -864 557.223300970874 ) (1734 -875 557.223300970874 ) (1734 -875 576 ) (1734 -864 576 ) 
4 54 85 (928 -875 576 ) (928 -464 576 ) (928 -464 -32 ) (928 -875 -32 ) 
3 54 77 (1431 -875 265.4999999999457 ) (1730.6521008403365 -875 554 ) (1729.6482412060302 -875 554 ) 
4 54 75 (1730.6521008403365 -875 554 ) (1734 -875 557.2233009708735 ) (1734 -875 558.2038834951456 ) (1729.6482412060302 -875 554 ) 
5 54 72 (928 -875 472 ) (928 -875 -32 ) (1122 -875 -32 ) (1400 -875 235.6537216828479 ) (1400 -875 472 ) 
4 54 71 (1400 -875 235.6537216828479 ) (1431 -875 265.4999999999457 ) (1644.7638190954774 -875 472 ) (1400 -875 472 ) 
4 54 70 (1272 -875 576 ) (928 -875 576 ) (928 -875 472 ) (1272 -875 472 ) 
4 54 68 (1320 -875 576 ) (1272 -875 576 ) (1272 -875 472 ) (1320 -875 472 ) 
5 54 67 (1734 -875 576 ) (1320 -875 576 ) (1320 -875 472 ) (1644.7638190954774 -875 472 ) (1734 -875 558.2038834951456 ) 
4 54 61 (1122 -859 -32 ) (1122 -856 -32 ) (1730.6521008403356 -856 554 ) (1730.6521008403356 -859 554 ) 
4 54 59 (1122 -856 -32 ) (1122 -464 -32 ) (1730.6521008403356 -464 554 ) (1730.6521008403356 -856 554 ) 
4 54 56 (1730.6521008403356 -859 554 ) (1730.6521008403356 -464 554 ) (1734 -464 557.2233009708742 ) (1734 -859 557.2233009708742 ) 
4 55 83 (1776.4630872483226 -464 554 ) (1799.3120805369133 -464 576 ) (1799.3120805369133 -875 576 ) (1776.4630872483226 -875 554 ) 
5 55 75 (1776.463087248323 -875 554 ) (1799.3120805369135 -875 576 ) (1753.5025210084036 -875 576 ) (1750 -875 572.6278317152102 ) (1750 -875 554 ) 
4 55 57 (1750 -864 554 ) (1750 -875 554 ) (1750 -875 572.6278317152104 ) (1750 -864 572.6278317152104 ) 
4 56 61 (1730.6521008403356 -859 554 ) (1730.6521008403356 -856 554 ) (1734 -856 554 ) (1734 -859 554 ) 
4 56 59 (1730.6521008403356 -856 554 ) (1730.6521008403356 -464 554 ) (1734 -464 554 ) (1734 -856 554 ) 
4 57 75 (1750 -875 572.6278317152102 ) (1740 -875 563 ) (1749 -875 554 ) (1750 -875 554 ) 
4 57 65 (1750 -875 554 ) (1749 -875 554 ) (1749 -872 554 ) (1750 -872 554 ) 
4 57 64 (1749 -872 554 ) (1749 -868 554 ) (1750 -868 554 ) (1750 -872 554 ) 
4 57 62 (1749 -868 554 ) (1749 -864 554 ) (1750 -864 554 ) (1750 -868 554 ) 
4 58 84 (1734 -464 513.1147011308558 ) (1750 -464 528.5201938610658 ) (1750 -856 528.5201938610658 ) (1734 -856 513.1147011308558 ) 
3 58 60 (1736.4103852596315 -856 538 ) (1734 -856 538 ) (1734 -856 535.6752827140548 ) 
4 58 59 (1734 -464 513.1147011308561 ) (1734 -856 513.1147011308561 ) (1734 -856 538 ) (1734 -464 538 ) 
4 59 84 (1167.8489932885907 -464 -32 ) (1734 -464 513.1147011308558 ) (1734 -856 513.1147011308558 ) (1167.8489932885905 -856 -32 ) 
5 59 61 (1122 -856 -32 ) (1145.4053601340033 -856 -32 ) (1734 -856 535.6752827140547 ) (1734 -856 554 ) (1730.652100840336 -856 554 ) 
4 60 61 (1734 -856 538 ) (1734 -856 535.6752827140548 ) (1734 -859 535.6752827140548 ) (1734 -859 538 ) 
3 61 63 (1143.4436974789915 -859 -32 ) (1145.4053601340033 -859 -32 ) (1729 -859 530.8529886915256 ) 
3 62 64 (1750 -868 554 ) (1749 -868 554 ) (1749.4909539473686 -868 553.5090460526317 ) 
3 64 65 (1750 -872 554 ) (1749 -872 554 ) (1749.4909539473686 -872 553.5090460526317 ) 
3 65 77 (1750 -875 554 ) (1749 -875 554 ) (1749.4909539473686 -875 553.5090460526317 ) 
4 66 84 (1750 -872 528.5201938610658 ) (1750 -875 528.5201938610658 ) (1167.8489932885905 -875 -32 ) (1167.8489932885905 -872 -32 ) 
4 66 78 (1167.8489932885918 -875 -32 ) (1750 -875 528.5201938610653 ) (1750 -875 531.4087237479806 ) (1164.8489932885907 -875 -32 ) 
5 67 81 (1750 -1016 576 ) (1320 -1016 576 ) (1320 -1016 472 ) (1644.7638190954774 -1016 472 ) (1750 -1016 573.6601941747573 ) 
3 67 80 (1752.4221105527638 -1016 576 ) (1750 -1016 576 ) (1750 -1016 573.6601941747573 ) 
4 67 77 (1644.7638190954774 -1008 472 ) (1644.763819095478 -875 472 ) (1729.648241206031 -875 554 ) (1729.6482412060302 -1008 554 ) 
4 67 76 (1752.4221105527638 -1016 576 ) (1740 -1016 564 ) (1740 -1008 564 ) (1752.4221105527638 -1008 576 ) 
4 67 75 (1729.6482412060302 -1008 554 ) (1729.648241206031 -875 554 ) (1752.4221105527645 -875 576 ) (1752.4221105527638 -1008 576 ) 
4 67 72 (1320 -875 472 ) (1400 -875 472 ) (1400 -936 472 ) (1320 -936 472 ) 
4 67 71 (1400 -875 472 ) (1644.7638190954776 -875 472 ) (1644.7638190954776 -1016 472 ) (1400 -1016 472 ) 
4 67 69 (1320 -1016 520 ) (1320 -1016 576 ) (1320 -968 576 ) (1320 -968 520 ) 
4 67 68 (1320 -875 576 ) (1320 -875 472 ) (1320 -968 472 ) (1320 -968 576 ) 
4 68 72 (1272 -875 472 ) (1320 -875 472 ) (1320 -936 472 ) (1272 -936 472 ) 
4 68 70 (1272 -875 576 ) (1272 -875 472 ) (1272 -968 472 ) (1272 -968 576 ) 
4 68 69 (1272 -968 576 ) (1272 -968 520 ) (1320 -968 520 ) (1320 -968 576 ) 
4 69 81 (1320 -1016 576 ) (1272 -1016 576 ) (1272 -1016 520 ) (1320 -1016 520 ) 
4 69 70 (1272 -1016 520 ) (1272 -1016 576 ) (1272 -968 576 ) (1272 -968 520 ) 
4 70 86 (928 -1016 576 ) (928 -1000 576 ) (928 -1000 472 ) (928 -1016 472 ) 
4 70 85 (928 -1000 576 ) (928 -875 576 ) (928 -875 472 ) (928 -1000 472 ) 
4 70 81 (1272 -1016 576 ) (928 -1016 576 ) (928 -1016 472 ) (1272 -1016 472 ) 
4 70 73 (1112 -1016 472 ) (928 -1016 472 ) (928 -936 472 ) (1176 -936 472 ) 
4 70 72 (928 -875 472 ) (1272 -875 472 ) (1272 -936 472 ) (928 -936 472 ) 
3 71 81 (1400 -1016 235.5533980582524 ) (1644.7638190954774 -1016 472 ) (1400 -1016 472 ) 
4 71 77 (1400 -1008 235.55339805825227 ) (1400 -875 235.55339805825184 ) (1644.763819095478 -875 472 ) (1644.7638190954774 -1008 472 ) 
4 71 74 (1400 -936 235.5533980582524 ) (1400 -1016 235.5533980582524 ) (1400 -1016 456 ) (1400 -936 456 ) 
4 71 72 (1400 -875 235.5533980582524 ) (1400 -936 235.5533980582524 ) (1400 -936 472 ) (1400 -875 472 ) 
4 72 85 (928 -875 472 ) (928 -875 -32 ) (928 -936 -32 ) (928 -936 472 ) 
4 72 77 (1123.0351758793975 -936 -32 ) (1123.0351758793975 -875 -32 ) (1400 -875 235.55339805825184 ) (1400 -936 235.55339805825204 ) 
5 72 74 (928 -936 -32 ) (1123.0351758793968 -936 -32 ) (1400 -936 235.5533980582524 ) (1400 -936 456 ) (928 -936 456 ) 
4 72 73 (1176 -936 472 ) (928 -936 472 ) (928 -936 456 ) (1176 -936 456 ) 
4 73 86 (928 -1016 456 ) (928 -1016 472 ) (928 -1000 472 ) (928 -1000 456 ) 
4 73 85 (928 -1000 472 ) (928 -936 472 ) (928 -936 456 ) (928 -1000 456 ) 
4 73 81 (928 -1016 472 ) (928 -1016 456 ) (1112 -1016 456 ) (1112 -1016 472 ) 
4 73 74 (928 -936 456 ) (1176 -936 456 ) (1112 -1016 456 ) (928 -1016 456 ) 
4 74 87 (928 -1000 -32 ) (928 -1016 -32 ) (928 -1016 232 ) (928 -1000 232 ) 
4 74 86 (928 -1016 248 ) (928 -1016 456 ) (928 -1000 456 ) (928 -1000 248 ) 
4 74 85 (928 -936 -32 ) (928 -1000 -32 ) (928 -1000 456 ) (928 -936 456 ) 
5 74 81 (928 -1016 456 ) (928 -1016 -32 ) (1123.035175879397 -1016 -32 ) (1400 -1016 235.5533980582524 ) (1400 -1016 456 ) 
4 74 77 (1123.0351758793972 -1008 -32 ) (1123.0351758793975 -936 -32 ) (1400 -936 235.55339805825204 ) (1400 -1008 235.55339805825227 ) 
4 75 83 (1776.4630872483226 -875 554 ) (1799.3120805369133 -875 576 ) (1799.3120805369133 -1008 576 ) (1776.4630872483226 -1008 554 ) 
4 75 77 (1729.6482412060304 -1008 554 ) (1729.6482412060304 -875 554 ) (1750 -875 554 ) (1750 -1008 554 ) 
5 75 76 (1750.909090909091 -1008 554 ) (1776.4630872483222 -1008 554 ) (1799.3120805369128 -1008 576 ) (1752.422110552764 -1008 576 ) (1740 -1008 564 ) 
4 76 83 (1799.3120805369133 -1008 576 ) (1799.3120805369133 -1016 576 ) (1776.4630872483226 -1016 554 ) (1776.4630872483226 -1008 554 ) 
3 76 82 (1750 -1016 573.6601941747573 ) (1740 -1016 564 ) (1750 -1016 554.8333333333334 ) 
6 76 80 (1776.463087248323 -1016 554 ) (1799.3120805369135 -1016 576 ) (1752.4221105527638 -1016 576 ) (1750 -1016 573.6601941747573 ) (1750 -1016 554.8333333333334 ) (1750.909090909091 -1016 554 ) 
4 78 84 (1167.8489932885907 -875 -32 ) (1750 -875 528.5201938610658 ) (1750 -1008 528.5201938610658 ) (1167.8489932885907 -1008 -32 ) 
4 78 79 (1164.8489932885907 -1008 -32 ) (1167.8489932885907 -1008 -32 ) (1750 -1008 528.520193861066 ) (1750 -1008 531.4087237479803 ) 
4 79 84 (1750 -1008 528.5201938610658 ) (1750 -1012 528.5201938610658 ) (1167.8489932885907 -1012 -32 ) (1167.8489932885907 -1008 -32 ) 
4 80 83 (1776.4630872483226 -1016 554 ) (1799.3120805369133 -1016 576 ) (1799.3120805369133 -1018 576 ) (1776.4630872483226 -1018 554 ) 
4 80 82 (1750 -1016 573.6601941747574 ) (1750 -1016 554.8333333333334 ) (1750 -1018 554.8333333333334 ) (1750 -1018 573.6601941747574 ) 
4 80 81 (1750 -1016 576 ) (1750 -1016 573.6601941747574 ) (1750 -1018 573.6601941747574 ) (1750 -1018 576 ) 
4 81 88 (928 -1018 576 ) (928 -1016 576 ) (928 -1016 -32 ) (928 -1018 -32 ) 
4 81 82 (1750 -1018 573.6601941747572 ) (1740 -1018 564 ) (1740 -1016 564 ) (1750 -1016 573.6601941747572 ) 
4 85 89 (784 244 733 ) (784 244 -32 ) (784 -1000 -32 ) (784 -1000 733 ) 
4 85 87 (784 -1000 232 ) (784 -1000 -32 ) (928 -1000 -32 ) (928 -1000 232 ) 
4 85 86 (784 -1000 733 ) (784 -1000 248 ) (928 -1000 248 ) (928 -1000 733 ) 
4 86 89 (784 -1016 248 ) (784 -1016 733 ) (784 -1000 733 ) (784 -1000 248 ) 
4 86 88 (784 -1016 733 ) (784 -1016 248 ) (928 -1016 248 ) (928 -1016 733 ) 
4 87 89 (784 -1000 -32 ) (784 -1016 -32 ) (784 -1016 232 ) (784 -1000 232 ) 
4 87 88 (784 -1016 232 ) (784 -1016 -32 ) (928 -1016 -32 ) (928 -1016 232 ) 
4 88 89 (784 -1016 -32 ) (784 -1018 -32 ) (784 -1018 733 ) (784 -1016 733 ) 
4 89 92 (736 -1018 192 ) (736 -1018 296 ) (736 -784 296 ) (736 -784 192 ) 
4 89 91 (736 -192 -32 ) (736 -368 -32 ) (736 -368 144 ) (736 -192 144 ) 
4 89 90 (736 244 296 ) (736 244 -32 ) (736 224 -32 ) (736 224 296 ) 
4 90 103 (688 400 -32 ) (688 224 -32 ) (688 224 16 ) (688 400 16 ) 
4 90 101 (688 224 16 ) (688 224 32 ) (688 400 32 ) (688 400 16 ) 
4 90 99 (688 224 32 ) (688 224 80 ) (688 400 80 ) (688 400 32 ) 
4 90 98 (688 224 80 ) (688 224 96 ) (688 400 96 ) (688 400 80 ) 
4 90 93 (688 224 96 ) (688 224 296 ) (688 400 296 ) (688 400 96 ) 
4 91 105 (688 -192 -32 ) (688 -368 -32 ) (688 -368 16 ) (688 -192 16 ) 
4 91 102 (688 -368 16 ) (688 -368 96 ) (688 -192 96 ) (688 -192 16 ) 
4 91 94 (688 -368 96 ) (688 -368 144 ) (688 -192 144 ) (688 -192 96 ) 
4 92 97 (688 -1018 296 ) (688 -997 296 ) (688 -997 192 ) (688 -1018 192 ) 
4 92 96 (688 -997 296 ) (688 -955 296 ) (688 -955 192 ) (688 -997 192 ) 
4 92 95 (688 -955 296 ) (688 -784 296 ) (688 -784 192 ) (688 -955 192 ) 
4 93 109 (640 400 96 ) (640 224 96 ) (640 224 296 ) (640 400 296 ) 
4 93 98 (640 224 96 ) (640 400 96 ) (688 400 96 ) (688 224 96 ) 
4 93 94 (640 224 96 ) (688 224 96 ) (688 224 264 ) (640 224 264 ) 
4 94 121 (640 -760 96 ) (640 -784 96 ) (640 -784 264 ) (640 -760 264 ) 
4 94 110 (640 224 96 ) (640 -760 96 ) (640 -760 264 ) (640 224 264 ) 
4 94 102 (640 -784 96 ) (640 40 96 ) (688 40 96 ) (688 -784 96 ) 
4 94 98 (640 40 96 ) (640 224 96 ) (688 224 96 ) (688 40 96 ) 
4 94 95 (640 -784 96 ) (688 -784 96 ) (688 -784 264 ) (640 -784 264 ) 
4 95 124 (640 -896 96 ) (640 -955 96 ) (640 -955 296 ) (640 -896 296 ) 
4 95 123 (640 -800 96 ) (640 -896 96 ) (640 -896 296 ) (640 -800 296 ) 
4 95 122 (640 -784 96 ) (640 -800 96 ) (640 -800 296 ) (640 -784 296 ) 
4 95 102 (640 -896 96 ) (640 -784 96 ) (688 -784 96 ) (688 -896 96 ) 
4 95 96 (688 -955 144 ) (688 -955 296 ) (640 -955 296 ) (640 -955 144 ) 
4 96 124 (640 -997 144 ) (640 -997 296 ) (640 -955 296 ) (640 -955 144 ) 
4 96 97 (688 -997 144 ) (688 -997 296 ) (640 -997 296 ) (640 -997 144 ) 
4 97 124 (640 -997 96 ) (640 -1018 96 ) (640 -1018 296 ) (640 -997 296 ) 
4 98 110 (640 40 80 ) (640 40 96 ) (640 224 96 ) (640 224 80 ) 
4 98 109 (640 224 96 ) (640 400 96 ) (640 400 80 ) (640 224 80 ) 
4 98 102 (688 40 80 ) (688 40 96 ) (640 40 96 ) (640 40 80 ) 
4 98 100 (640 82 80 ) (640 110 80 ) (688 110 80 ) (688 82 80 ) 
4 98 99 (640 152 80 ) (640 400 80 ) (688 400 80 ) (688 152 80 ) 
4 99 110 (640 224 32 ) (640 152 32 ) (640 152 80 ) (640 224 80 ) 
4 99 109 (640 400 32 ) (640 224 32 ) (640 224 80 ) (640 400 80 ) 
4 99 101 (640 152 32 ) (640 400 32 ) (688 400 32 ) (688 152 32 ) 
4 100 110 (640 110 32 ) (640 82 32 ) (640 82 80 ) (640 110 80 ) 
4 101 110 (640 224 16 ) (640 152 16 ) (640 152 32 ) (640 224 32 ) 
4 101 109 (640 400 16 ) (640 224 16 ) (640 224 32 ) (640 400 32 ) 
4 101 103 (640 152 16 ) (640 400 16 ) (688 400 16 ) (688 152 16 ) 
4 102 123 (640 -896 48 ) (640 -896 96 ) (640 -800 96 ) (640 -800 48 ) 
4 102 122 (640 -784 16 ) (640 -800 16 ) (640 -800 96 ) (640 -784 96 ) 
4 102 121 (640 -760 16 ) (640 -784 16 ) (640 -784 96 ) (640 -760 96 ) 
4 102 110 (640 40 16 ) (640 -760 16 ) (640 -760 96 ) (640 40 96 ) 
4 102 108 (640 -896 16 ) (640 -893 16 ) (688 -893 16 ) (688 -896 16 ) 
4 102 107 (640 -851 16 ) (640 -661 16 ) (688 -661 16 ) (688 -851 16 ) 
4 102 106 (640 -619 16 ) (640 -549 16 ) (688 -549 16 ) (688 -619 16 ) 
4 102 105 (640 -507 16 ) (640 40 16 ) (688 40 16 ) (688 -507 16 ) 
4 103 110 (640 224 -32 ) (640 152 -32 ) (640 152 16 ) (640 224 16 ) 
4 103 109 (640 400 -32 ) (640 224 -32 ) (640 224 16 ) (640 400 16 ) 
4 104 110 (640 110 -32 ) (640 82 -32 ) (640 82 16 ) (640 110 16 ) 
4 105 110 (640 40 -32 ) (640 -507 -32 ) (640 -507 16 ) (640 40 16 ) 
4 106 110 (640 -549 -32 ) (640 -619 -32 ) (640 -619 16 ) (640 -549 16 ) 
4 107 122 (640 -784 -32 ) (640 -800 -32 ) (640 -800 16 ) (640 -784 16 ) 
4 107 121 (640 -760 -32 ) (640 -784 -32 ) (640 -784 16 ) (640 -760 16 ) 
4 107 110 (640 -661 -32 ) (640 -760 -32 ) (640 -760 16 ) (640 -661 16 ) 
4 109 118 (592 272 -32 ) (592 224 -32 ) (592 224 16 ) (592 272 16 ) 
4 109 117 (592 400 -32 ) (592 368 -32 ) (592 368 16 ) (592 400 16 ) 
4 109 115 (592 224 16 ) (592 224 80 ) (592 272 80 ) (592 272 16 ) 
4 109 114 (592 272 80 ) (592 368 80 ) (592 368 64 ) (592 272 64 ) 
4 109 113 (592 368 80 ) (592 400 80 ) (592 400 16 ) (592 368 16 ) 
4 109 111 (592 224 80 ) (592 224 296 ) (592 400 296 ) (592 400 80 ) 
4 109 110 (640 224 -32 ) (640 224 264 ) (592 224 264 ) (592 224 -32 ) 
4 110 121 (592 -760 264 ) (592 -760 -32 ) (640 -760 -32 ) (640 -760 264 ) 
4 110 120 (592 -690 -32 ) (592 -718 -32 ) (592 -718 16 ) (592 -690 16 ) 
4 110 119 (592 -80 -32 ) (592 -648 -32 ) (592 -648 16 ) (592 -80 16 ) 
4 110 118 (592 224 -32 ) (592 -38 -32 ) (592 -38 16 ) (592 224 16 ) 
4 110 116 (592 -718 80 ) (592 -690 80 ) (592 -690 32 ) (592 -718 32 ) 
4 110 115 (592 -648 80 ) (592 224 80 ) (592 224 16 ) (592 -648 16 ) 
4 110 112 (592 -760 80 ) (592 -760 264 ) (592 224 264 ) (592 224 80 ) 
4 111 131 (544 272 80 ) (544 224 80 ) (544 224 296 ) (544 272 296 ) 
4 111 130 (544 368 80 ) (544 272 80 ) (544 272 296 ) (544 368 296 ) 
4 111 129 (544 400 80 ) (544 368 80 ) (544 368 296 ) (544 400 296 ) 
4 111 115 (592 272 80 ) (592 224 80 ) (544 224 80 ) (544 272 80 ) 
4 111 114 (592 368 80 ) (592 272 80 ) (544 272 80 ) (544 368 80 ) 
4 111 113 (592 400 80 ) (592 368 80 ) (544 368 80 ) (544 400 80 ) 
4 111 112 (544 224 80 ) (592 224 80 ) (592 224 264 ) (544 224 264 ) 
4 112 156 (544 -192 80 ) (544 -368 80 ) (544 -368 144 ) (544 -192 144 ) 
4 112 121 (544 -760 264 ) (544 -760 80 ) (592 -760 80 ) (592 -760 264 ) 
4 112 116 (592 -690 80 ) (592 -718 80 ) (544 -718 80 ) (544 -690 80 ) 
4 112 115 (592 224 80 ) (592 -648 80 ) (544 -648 80 ) (544 224 80 ) 
4 113 129 (544 400 16 ) (544 368 16 ) (544 368 80 ) (544 400 80 ) 
4 113 117 (592 400 16 ) (592 368 16 ) (544 368 16 ) (544 400 16 ) 
4 113 114 (592 368 64 ) (592 368 80 ) (544 368 80 ) (544 368 64 ) 
4 114 130 (544 272 64 ) (544 272 80 ) (544 368 80 ) (544 368 64 ) 
4 114 115 (592 272 64 ) (592 272 80 ) (544 272 80 ) (544 272 64 ) 
4 115 156 (544 -192 16 ) (544 -368 16 ) (544 -368 80 ) (544 -192 80 ) 
4 115 131 (544 272 16 ) (544 224 16 ) (544 224 80 ) (544 272 80 ) 
4 115 119 (592 -80 16 ) (592 -648 16 ) (544 -648 16 ) (544 -80 16 ) 
4 115 118 (592 272 16 ) (592 -38 16 ) (544 -38 16 ) (544 272 16 ) 
4 117 129 (544 400 -32 ) (544 368 -32 ) (544 368 16 ) (544 400 16 ) 
4 118 131 (544 272 -32 ) (544 224 -32 ) (544 224 16 ) (544 272 16 ) 
4 119 156 (544 -192 -32 ) (544 -368 -32 ) (544 -368 16 ) (544 -192 16 ) 
4 121 122 (544 -784 -32 ) (640 -784 -32 ) (640 -784 264 ) (544 -784 264 ) 
4 122 123 (640 -800 48 ) (640 -800 296 ) (544 -800 296 ) (544 -800 48 ) 
4 123 125 (560 -896 296 ) (544 -896 296 ) (544 -896 48 ) (560 -896 48 ) 
4 123 124 (640 -896 96 ) (640 -896 296 ) (560 -896 296 ) (560 -896 96 ) 
4 124 125 (560 -896 296 ) (560 -896 96 ) (560 -1018 96 ) (560 -1018 296 ) 
4 126 128 (-304 -1018 909 ) (-304 400 909 ) (-304 400 456 ) (-304 -1018 456 ) 
4 127 167 (-304 -1018 296 ) (-304 -896 296 ) (320 -896 296 ) (320 -1018 296 ) 
4 127 162 (-304 -896 296 ) (-304 112 296 ) (-192 112 296 ) (-192 -896 296 ) 
4 127 160 (320 -800 296 ) (320 -896 296 ) (-192 -896 296 ) (-192 -800 296 ) 
4 127 159 (-192 112 296 ) (320 112 296 ) (320 -800 296 ) (-192 -800 296 ) 
4 127 158 (496 -368 296 ) (496 -1018 296 ) (320 -1018 296 ) (320 -368 296 ) 
4 127 157 (496 -192 296 ) (496 -368 296 ) (320 -368 296 ) (320 -192 296 ) 
4 127 155 (464 -32 296 ) (464 -192 296 ) (320 -192 296 ) (320 -32 296 ) 
4 127 154 (320 112 296 ) (464 112 296 ) (464 -32 296 ) (320 -32 296 ) 
4 127 153 (464 112 296 ) (492 112 296 ) (492 -192 296 ) (464 -192 296 ) 
4 127 151 (-304 112 296 ) (-304 256 296 ) (-240 256 296 ) (-240 112 296 ) 
4 127 150 (-304 256 296 ) (-304 400 296 ) (-240 400 296 ) (-240 256 296 ) 
4 127 142 (-240 400 296 ) (96 400 296 ) (96 112 296 ) (-240 112 296 ) 
4 127 141 (192 160 296 ) (192 112 296 ) (96 112 296 ) (96 160 296 ) 
4 127 140 (192 256 296 ) (192 160 296 ) (96 160 296 ) (96 256 296 ) 
4 127 139 (96 400 296 ) (192 400 296 ) (192 256 296 ) (96 256 296 ) 
4 127 138 (192 400 296 ) (384 400 296 ) (384 112 296 ) (192 112 296 ) 
4 127 137 (384 400 296 ) (416 400 296 ) (416 112 296 ) (384 112 296 ) 
4 127 136 (464 288 296 ) (464 112 296 ) (416 112 296 ) (416 288 296 ) 
4 127 135 (464 336 296 ) (464 288 296 ) (416 288 296 ) (416 336 296 ) 
4 127 134 (416 400 296 ) (464 400 296 ) (464 336 296 ) (416 336 296 ) 
4 127 133 (464 400 296 ) (492 400 296 ) (492 112 296 ) (464 112 296 ) 
4 127 132 (492 400 296 ) (496 400 296 ) (496 224 296 ) (492 224 296 ) 
4 127 128 (-304 -1018 432 ) (-304 400 432 ) (-304 400 296 ) (-304 -1018 296 ) 
4 128 167 (-450 -1018 296 ) (-450 -896 296 ) (-304 -896 296 ) (-304 -1018 296 ) 
4 128 166 (-450 -896 296 ) (-450 112 296 ) (-448 112 296 ) (-448 -896 296 ) 
4 128 165 (-304 -848 296 ) (-304 -896 296 ) (-448 -896 296 ) (-448 -848 296 ) 
4 128 164 (-304 -704 296 ) (-304 -848 296 ) (-448 -848 296 ) (-448 -704 296 ) 
4 128 163 (-448 112 296 ) (-304 112 296 ) (-304 -704 296 ) (-448 -704 296 ) 
4 128 152 (-450 112 296 ) (-450 400 296 ) (-384 400 296 ) (-384 112 296 ) 
4 128 151 (-304 256 296 ) (-304 112 296 ) (-384 112 296 ) (-384 256 296 ) 
4 128 150 (-384 400 296 ) (-304 400 296 ) (-304 256 296 ) (-384 256 296 ) 
4 129 132 (496 400 296 ) (496 400 -32 ) (496 368 -32 ) (496 368 296 ) 
4 129 130 (496 368 296 ) (496 368 64 ) (544 368 64 ) (544 368 296 ) 
4 130 132 (496 272 64 ) (496 272 296 ) (496 368 296 ) (496 368 64 ) 
4 130 131 (496 272 296 ) (496 272 64 ) (544 272 64 ) (544 272 296 ) 
4 131 132 (496 272 -32 ) (496 224 -32 ) (496 224 296 ) (496 272 296 ) 
4 132 133 (492 400 296 ) (492 400 -32 ) (492 224 -32 ) (492 224 296 ) 
4 133 153 (464 112 -32 ) (492 112 -32 ) (492 112 296 ) (464 112 296 ) 
4 133 136 (464 288 -32 ) (464 112 -32 ) (464 112 296 ) (464 288 296 ) 
4 133 135 (464 288 16 ) (464 288 296 ) (464 336 296 ) (464 336 16 ) 
4 133 134 (464 400 296 ) (464 400 -32 ) (464 336 -32 ) (464 336 296 ) 
4 134 137 (416 400 296 ) (416 400 -32 ) (416 336 -32 ) (416 336 296 ) 
4 134 135 (416 336 296 ) (416 336 16 ) (464 336 16 ) (464 336 296 ) 
4 135 137 (416 288 16 ) (416 288 296 ) (416 336 296 ) (416 336 16 ) 
4 135 136 (416 288 296 ) (416 288 16 ) (464 288 16 ) (464 288 296 ) 
4 136 154 (464 112 208 ) (464 112 296 ) (416 112 296 ) (416 112 208 ) 
4 136 137 (416 288 -32 ) (416 112 -32 ) (416 112 296 ) (416 288 296 ) 
4 137 154 (416 112 208 ) (416 112 296 ) (384 112 296 ) (384 112 208 ) 
4 137 149 (384 144 -32 ) (384 112 -32 ) (384 112 96 ) (384 144 96 ) 
4 137 147 (384 192 -32 ) (384 144 -32 ) (384 144 96 ) (384 192 96 ) 
4 137 145 (384 192 16 ) (384 192 96 ) (384 240 96 ) (384 240 16 ) 
4 137 144 (384 288 -32 ) (384 240 -32 ) (384 240 96 ) (384 288 96 ) 
4 137 143 (384 400 96 ) (384 400 -32 ) (384 288 -32 ) (384 288 96 ) 
4 137 138 (384 400 296 ) (384 400 96 ) (384 112 96 ) (384 112 296 ) 
4 138 159 (320 112 296 ) (192 112 296 ) (192 112 96 ) (320 112 96 ) 
4 138 154 (384 112 208 ) (384 112 296 ) (320 112 296 ) (320 112 208 ) 
4 138 149 (384 144 96 ) (384 112 96 ) (192 112 96 ) (192 144 96 ) 
4 138 147 (384 192 96 ) (384 144 96 ) (224 144 96 ) (224 192 96 ) 
4 138 145 (384 240 96 ) (384 192 96 ) (224 192 96 ) (224 240 96 ) 
4 138 144 (384 288 96 ) (384 240 96 ) (224 240 96 ) (224 288 96 ) 
4 138 143 (192 400 96 ) (384 400 96 ) (384 288 96 ) (192 288 96 ) 
4 138 141 (192 160 96 ) (192 112 96 ) (192 112 296 ) (192 160 296 ) 
4 138 140 (192 160 192 ) (192 160 296 ) (192 256 296 ) (192 256 192 ) 
4 138 139 (192 400 296 ) (192 400 96 ) (192 256 96 ) (192 256 296 ) 
4 139 143 (96 400 96 ) (192 400 96 ) (192 288 96 ) (96 288 96 ) 
4 139 142 (96 400 296 ) (96 400 96 ) (96 256 96 ) (96 256 296 ) 
4 139 140 (96 256 296 ) (96 256 192 ) (192 256 192 ) (192 256 296 ) 
4 140 142 (96 160 192 ) (96 160 296 ) (96 256 296 ) (96 256 192 ) 
4 140 141 (96 160 296 ) (96 160 192 ) (192 160 192 ) (192 160 296 ) 
4 141 159 (192 112 296 ) (96 112 296 ) (96 112 96 ) (192 112 96 ) 
4 141 149 (192 144 96 ) (192 112 96 ) (96 112 96 ) (96 144 96 ) 
4 141 142 (96 160 96 ) (96 112 96 ) (96 112 296 ) (96 160 296 ) 
4 142 162 (-192 112 296 ) (-240 112 296 ) (-240 112 96 ) (-192 112 96 ) 
4 142 159 (96 112 296 ) (-192 112 296 ) (-192 112 96 ) (96 112 96 ) 
4 142 151 (-240 112 208 ) (-240 112 296 ) (-240 256 296 ) (-240 256 208 ) 
4 142 150 (-240 400 296 ) (-240 400 96 ) (-240 256 96 ) (-240 256 296 ) 
4 142 149 (-240 112 96 ) (-240 144 96 ) (96 144 96 ) (96 112 96 ) 
4 142 148 (-240 144 96 ) (-240 288 96 ) (-64 288 96 ) (-64 144 96 ) 
4 142 143 (-240 288 96 ) (-240 400 96 ) (96 400 96 ) (96 288 96 ) 
4 143 150 (-240 400 96 ) (-240 400 -32 ) (-240 288 -32 ) (-240 288 96 ) 
4 143 148 (-64 288 96 ) (-240 288 96 ) (-240 288 -32 ) (-64 288 -32 ) 
4 143 144 (384 288 -32 ) (384 288 96 ) (224 288 96 ) (224 288 -32 ) 
4 144 146 (224 240 16 ) (224 240 -32 ) (288 240 -32 ) (288 240 16 ) 
4 144 145 (224 240 96 ) (224 240 16 ) (384 240 16 ) (384 240 96 ) 
4 145 147 (224 192 96 ) (224 192 16 ) (384 192 16 ) (384 192 96 ) 
4 145 146 (288 192 16 ) (224 192 16 ) (224 240 16 ) (288 240 16 ) 
4 146 147 (224 192 16 ) (224 192 -32 ) (288 192 -32 ) (288 192 16 ) 
4 147 149 (384 144 -32 ) (384 144 96 ) (224 144 96 ) (224 144 -32 ) 
4 148 150 (-240 288 -32 ) (-240 256 -32 ) (-240 256 96 ) (-240 288 96 ) 
4 148 149 (-64 144 96 ) (-240 144 96 ) (-240 144 -32 ) (-64 144 -32 ) 
4 149 162 (-240 112 -32 ) (-192 112 -32 ) (-192 112 96 ) (-240 112 96 ) 
4 149 159 (-192 112 -32 ) (320 112 -32 ) (320 112 96 ) (-192 112 96 ) 
4 150 152 (-384 400 296 ) (-384 400 -32 ) (-384 256 -32 ) (-384 256 296 ) 
4 150 151 (-384 256 296 ) (-384 256 208 ) (-240 256 208 ) (-240 256 296 ) 
4 151 163 (-304 112 296 ) (-384 112 296 ) (-384 112 208 ) (-304 112 208 ) 
4 151 162 (-240 112 208 ) (-240 112 296 ) (-304 112 296 ) (-304 112 208 ) 
4 151 152 (-384 112 208 ) (-384 112 296 ) (-384 256 296 ) (-384 256 208 ) 
4 152 166 (-450 112 -32 ) (-448 112 -32 ) (-448 112 296 ) (-450 112 296 ) 
4 152 163 (-448 112 -32 ) (-384 112 -32 ) (-384 112 296 ) (-448 112 296 ) 
4 153 157 (464 -192 -32 ) (492 -192 -32 ) (492 -192 296 ) (464 -192 296 ) 
4 153 155 (464 -32 -32 ) (464 -192 -32 ) (464 -192 296 ) (464 -32 296 ) 
4 153 154 (464 112 296 ) (464 112 208 ) (464 -32 208 ) (464 -32 296 ) 
4 154 159 (320 112 296 ) (320 112 208 ) (320 -32 208 ) (320 -32 296 ) 
4 154 155 (320 -32 296 ) (320 -32 208 ) (464 -32 208 ) (464 -32 296 ) 
4 155 159 (320 -32 -32 ) (320 -192 -32 ) (320 -192 296 ) (320 -32 296 ) 
4 155 157 (320 -192 296 ) (320 -192 -32 ) (464 -192 -32 ) (464 -192 296 ) 
4 156 157 (496 -192 144 ) (496 -192 -32 ) (496 -368 -32 ) (496 -368 144 ) 
4 157 159 (320 -192 -32 ) (320 -368 -32 ) (320 -368 296 ) (320 -192 296 ) 
4 157 158 (320 -368 296 ) (320 -368 -32 ) (496 -368 -32 ) (496 -368 296 ) 
4 158 167 (320 -896 -32 ) (320 -1018 -32 ) (320 -1018 296 ) (320 -896 296 ) 
4 158 161 (320 -800 -32 ) (320 -896 -32 ) (320 -896 64 ) (320 -800 64 ) 
4 158 160 (320 -896 64 ) (320 -896 296 ) (320 -800 296 ) (320 -800 64 ) 
4 158 159 (320 -368 -32 ) (320 -800 -32 ) (320 -800 296 ) (320 -368 296 ) 
4 159 162 (-192 112 296 ) (-192 112 -32 ) (-192 -800 -32 ) (-192 -800 296 ) 
4 159 161 (0 -800 -32 ) (320 -800 -32 ) (320 -800 64 ) (0 -800 64 ) 
4 159 160 (-192 -800 296 ) (-192 -800 64 ) (320 -800 64 ) (320 -800 296 ) 
4 160 167 (320 -896 64 ) (320 -896 296 ) (-192 -896 296 ) (-192 -896 64 ) 
4 160 162 (-192 -896 64 ) (-192 -896 296 ) (-192 -800 296 ) (-192 -800 64 ) 
4 160 161 (320 -896 64 ) (0 -896 64 ) (0 -800 64 ) (320 -800 64 ) 
4 161 167 (0 -896 -32 ) (320 -896 -32 ) (320 -896 64 ) (0 -896 64 ) 
4 162 167 (-304 -896 -32 ) (-192 -896 -32 ) (-192 -896 296 ) (-304 -896 296 ) 
4 162 165 (-304 -848 -32 ) (-304 -896 -32 ) (-304 -896 296 ) (-304 -848 296 ) 
4 162 164 (-304 -848 96 ) (-304 -848 296 ) (-304 -704 296 ) (-304 -704 96 ) 
4 162 163 (-304 112 296 ) (-304 112 -32 ) (-304 -704 -32 ) (-304 -704 296 ) 
4 163 166 (-448 112 296 ) (-448 112 -32 ) (-448 -704 -32 ) (-448 -704 296 ) 
4 163 164 (-448 -704 296 ) (-448 -704 96 ) (-304 -704 96 ) (-304 -704 296 ) 
4 164 166 (-448 -848 96 ) (-448 -848 296 ) (-448 -704 296 ) (-448 -704 96 ) 
4 164 165 (-448 -848 296 ) (-448 -848 96 ) (-304 -848 96 ) (-304 -848 296 ) 
4 165 167 (-448 -896 -32 ) (-304 -896 -32 ) (-304 -896 296 ) (-448 -896 296 ) 
4 165 166 (-448 -848 -32 ) (-448 -896 -32 ) (-448 -896 296 ) (-448 -848 296 ) 
4 166 167 (-450 -896 -32 ) (-448 -896 -32 ) (-448 -896 296 ) (-450 -896 296 ) 
