PRT1
110
278
4 0 60 (472 448 1187 ) (472 448 8 ) (1240 448 8 ) (1240 448 1187 ) 
4 0 46 (1240 448 8 ) (1488 448 8 ) (1488 448 1187 ) (1240 448 1187 ) 
4 0 28 (1488 448 8 ) (1984 448 8 ) (1984 448 1187 ) (1488 448 1187 ) 
4 0 7 (472 928 1187 ) (472 928 8 ) (472 448 8 ) (472 448 1187 ) 
4 1 6 (760 464 -104 ) (760 464 -32 ) (648 464 -32 ) (648 464 -104 ) 
4 1 5 (944 464 -136 ) (1040 464 -136 ) (1040 464 0 ) (944 464 0 ) 
4 1 4 (1320 464 -104 ) (1320 464 -32 ) (1208 464 -32 ) (1208 464 -104 ) 
4 1 3 (1504 464 -136 ) (1952 464 -136 ) (1952 464 0 ) (1504 464 0 ) 
4 1 2 (488 632 -104 ) (488 632 -32 ) (488 744 -32 ) (488 744 -104 ) 
4 2 8 (472 632 -104 ) (472 632 -32 ) (472 744 -32 ) (472 744 -104 ) 
4 3 30 (1504 448 -136 ) (1680 448 -136 ) (1680 448 0 ) (1504 448 0 ) 
4 3 29 (1680 448 -136 ) (1952 448 -136 ) (1952 448 0 ) (1680 448 0 ) 
4 4 62 (1240 448 -32 ) (1208 448 -32 ) (1208 448 -104 ) (1240 448 -104 ) 
4 4 48 (1320 448 -104 ) (1320 448 -32 ) (1240 448 -32 ) (1240 448 -104 ) 
4 5 62 (944 448 -136 ) (1040 448 -136 ) (1040 448 0 ) (944 448 0 ) 
4 6 62 (760 448 -104 ) (760 448 -32 ) (648 448 -32 ) (648 448 -104 ) 
4 7 73 (-224 448 1187 ) (-224 448 0 ) (-216 448 0 ) (-216 448 1187 ) 
4 7 72 (-216 448 0 ) (232 448 0 ) (232 448 1187 ) (-216 448 1187 ) 
4 7 61 (232 448 0 ) (456 448 0 ) (468 448 8 ) (232 448 8 ) 
4 7 60 (472 448 8 ) (472 448 1187 ) (232 448 1187 ) (232 448 8 ) 
4 7 15 (-224 928 1187 ) (-224 928 0 ) (-224 448 0 ) (-224 448 1187 ) 
4 7 8 (-224 448 0 ) (-224 928 0 ) (456 928 0 ) (456 448 0 ) 
4 8 73 (-224 448 0 ) (-224 448 -144 ) (-216 448 -144 ) (-216 448 0 ) 
4 8 72 (-216 448 -144 ) (232 448 -144 ) (232 448 0 ) (-216 448 0 ) 
4 8 62 (232 448 -144 ) (472 448 -144 ) (472 448 0 ) (232 448 0 ) 
4 8 15 (-224 928 0 ) (-224 928 -144 ) (-224 448 -144 ) (-224 448 0 ) 
4 8 14 (-216 736 -144 ) (232 736 -144 ) (232 448 -144 ) (-216 448 -144 ) 
4 8 13 (240 736 -144 ) (472 736 -144 ) (472 448 -144 ) (240 448 -144 ) 
4 8 12 (-224 744 -144 ) (-224 928 -144 ) (-32 928 -144 ) (-32 744 -144 ) 
4 8 11 (-32 928 -144 ) (40 928 -144 ) (40 736 -144 ) (-32 736 -144 ) 
4 8 10 (40 928 -144 ) (240 928 -144 ) (240 744 -144 ) (40 744 -144 ) 
4 8 9 (240 928 -144 ) (472 928 -144 ) (472 736 -144 ) (240 736 -144 ) 
4 9 13 (472 736 -144 ) (240 736 -144 ) (240 736 -152 ) (456 736 -152 ) 
4 9 10 (240 744 -144 ) (240 928 -144 ) (240 928 -152 ) (240 744 -152 ) 
4 10 11 (40 744 -144 ) (40 928 -144 ) (40 928 -152 ) (40 744 -152 ) 
4 11 14 (40 736 -144 ) (-32 736 -144 ) (-32 736 -152 ) (40 736 -152 ) 
4 11 12 (-32 744 -144 ) (-32 928 -144 ) (-32 928 -152 ) (-32 744 -152 ) 
4 12 15 (-224 928 -144 ) (-224 928 -152 ) (-224 744 -152 ) (-224 744 -144 ) 
4 13 67 (240 448 -152 ) (456 448 -152 ) (468 448 -144 ) (240 448 -144 ) 
4 14 72 (-216 448 -152 ) (232 448 -152 ) (232 448 -144 ) (-216 448 -144 ) 
4 15 80 (-472 448 -152 ) (-464 448 -152 ) (-464 448 1187 ) (-472 448 1187 ) 
4 15 79 (-464 448 -152 ) (-264 448 -152 ) (-264 448 1187 ) (-464 448 1187 ) 
4 15 74 (-264 448 -152 ) (-224 448 -152 ) (-224 448 1187 ) (-264 448 1187 ) 
4 15 17 (-472 448 472 ) (-472 448 1187 ) (-472 872 1187 ) (-472 872 472 ) 
4 15 16 (-472 872 1187 ) (-472 928 1187 ) (-472 928 -152 ) (-472 872 -152 ) 
4 16 18 (-912 872 1187 ) (-912 928 1187 ) (-912 928 -152 ) (-912 872 -152 ) 
4 16 17 (-912 872 1187 ) (-912 872 472 ) (-472 872 472 ) (-472 872 1187 ) 
4 17 84 (-904 448 1187 ) (-912 448 1187 ) (-912 448 472 ) (-904 448 472 ) 
4 17 80 (-472 448 472 ) (-472 448 1187 ) (-904 448 1187 ) (-904 448 472 ) 
4 17 18 (-912 448 472 ) (-912 448 1187 ) (-912 872 1187 ) (-912 872 472 ) 
4 18 84 (-978 448 -152 ) (-912 448 -152 ) (-912 448 1187 ) (-978 448 1187 ) 
4 18 23 (-978 448 -152 ) (-978 448 -144 ) (-978 699 -144 ) (-978 699 -152 ) 
4 18 22 (-978 699 -144 ) (-978 705 -144 ) (-978 705 -152 ) (-978 699 -152 ) 
4 18 20 (-978 711 -144 ) (-978 928 -144 ) (-978 928 -152 ) (-978 711 -152 ) 
4 18 19 (-978 448 -144 ) (-978 448 1187 ) (-978 928 1187 ) (-978 928 -144 ) 
4 19 84 (-978 448 -144 ) (-978 448 1187 ) (-990 448 1187 ) (-990 448 -144 ) 
4 19 24 (-990 448 -144 ) (-990 448 1187 ) (-990 928 1187 ) (-990 928 -144 ) 
4 19 23 (-990 448 -144 ) (-990 705 -144 ) (-978 699 -144 ) (-978 448 -144 ) 
3 19 22 (-978 705 -144 ) (-978 699 -144 ) (-984 702 -144 ) 
3 19 21 (-990 711 -144 ) (-990 717 -144 ) (-984 714 -144 ) 
4 19 20 (-990 717 -144 ) (-990 928 -144 ) (-978 928 -144 ) (-978 711 -144 ) 
4 20 24 (-990 717 -144 ) (-990 928 -144 ) (-990 928 -152 ) (-990 717 -152 ) 
4 20 21 (-984 714 -144 ) (-990 717 -144 ) (-990 717 -152 ) (-984 714 -152 ) 
4 21 24 (-990 711 -144 ) (-990 717 -144 ) (-990 717 -152 ) (-990 711 -152 ) 
4 22 23 (-978 699 -152 ) (-978 699 -144 ) (-984 702 -144 ) (-984 702 -152 ) 
4 23 84 (-990 448 -152 ) (-978 448 -152 ) (-978 448 -144 ) (-990 448 -144 ) 
4 23 24 (-990 448 -152 ) (-990 448 -144 ) (-990 705 -144 ) (-990 705 -152 ) 
4 24 85 (-1496 448 -152 ) (-1400 448 -152 ) (-1400 448 1187 ) (-1496 448 1187 ) 
4 24 84 (-1400 448 -152 ) (-990 448 -152 ) (-990 448 1187 ) (-1400 448 1187 ) 
4 24 26 (-1496 448 176 ) (-1496 448 1187 ) (-1496 824 1187 ) (-1496 824 176 ) 
4 24 25 (-1496 824 1187 ) (-1496 928 1187 ) (-1496 928 -152 ) (-1496 824 -152 ) 
4 25 27 (-1880 824 1187 ) (-1880 928 1187 ) (-1880 928 -152 ) (-1880 824 -152 ) 
4 25 26 (-1880 824 1187 ) (-1880 824 176 ) (-1496 824 176 ) (-1496 824 1187 ) 
4 26 86 (-1496 448 176 ) (-1496 448 1187 ) (-1880 448 1187 ) (-1880 448 176 ) 
4 26 27 (-1880 448 176 ) (-1880 448 1187 ) (-1880 824 1187 ) (-1880 824 176 ) 
4 27 90 (-1914 448 -152 ) (-1888 448 -152 ) (-1888 448 1187 ) (-1914 448 1187 ) 
4 27 88 (-1888 448 -152 ) (-1880 448 -152 ) (-1880 448 1187 ) (-1888 448 1187 ) 
4 28 46 (1488 448 1187 ) (1488 448 8 ) (1488 -64 8 ) (1488 -64 1187 ) 
4 28 33 (1488 -64 1187 ) (1488 -64 8 ) (1984 -64 8 ) (1984 -64 1187 ) 
4 29 31 (1680 -56 -136 ) (1776 -56 -136 ) (1776 -56 0 ) (1680 -56 0 ) 
4 29 30 (1680 448 -136 ) (1680 -48 -136 ) (1680 -48 0 ) (1680 448 0 ) 
4 30 32 (1504 136 -104 ) (1504 136 -32 ) (1504 248 -32 ) (1504 248 -104 ) 
4 31 35 (1680 -64 -136 ) (1776 -64 -136 ) (1776 -64 0 ) (1680 -64 0 ) 
4 32 48 (1488 136 -104 ) (1488 136 -32 ) (1488 248 -32 ) (1488 248 -104 ) 
4 33 51 (1488 -64 1187 ) (1488 -64 8 ) (1488 -80 0 ) (1488 -80 1187 ) 
4 33 41 (1680 -80 1187 ) (1488 -80 1187 ) (1488 -80 0 ) (1680 -80 0 ) 
4 33 39 (1776 -80 1187 ) (1680 -80 1187 ) (1680 -80 0 ) (1776 -80 0 ) 
4 33 38 (1984 -80 0 ) (1984 -80 1187 ) (1776 -80 1187 ) (1776 -80 0 ) 
4 34 45 (1778 -80 -152 ) (1776 -80 -152 ) (1776 -64 -144 ) (1778 -64 -144 ) 
4 34 38 (1776 -80 -152 ) (1984 -80 -152 ) (1984 -80 0 ) (1776 -80 0 ) 
3 34 36 (1776 -80 -152 ) (1776 -80 -144 ) (1776 -64 -144 ) 
4 34 35 (1776 -80 -136 ) (1776 -80 0 ) (1776 -64 0 ) (1776 -64 -136 ) 
4 35 39 (1776 -80 -136 ) (1776 -80 0 ) (1680 -80 0 ) (1680 -80 -136 ) 
4 35 37 (1680 -80 -136 ) (1680 -80 0 ) (1680 -64 0 ) (1680 -64 -136 ) 
4 36 45 (1776 -80 -152 ) (1680 -80 -152 ) (1680 -64 -144 ) (1776 -64 -144 ) 
3 36 37 (1680 -80 -152 ) (1680 -80 -144 ) (1680 -64 -144 ) 
4 37 53 (1488 -64 0 ) (1488 -64 -144 ) (1488 -80 -152 ) (1488 -80 0 ) 
4 37 41 (1488 -80 -152 ) (1680 -80 -152 ) (1680 -80 0 ) (1488 -80 0 ) 
4 38 43 (1960 -392 1187 ) (1776 -392 1187 ) (1776 -392 116 ) (1960 -392 116 ) 
4 38 42 (1984 -392 -152 ) (1984 -392 1187 ) (1960 -392 1187 ) (1960 -392 -152 ) 
4 38 40 (1776 -96 -152 ) (1776 -392 -152 ) (1776 -392 1187 ) (1776 -96 1187 ) 
4 38 39 (1776 -80 1187 ) (1776 -80 -144 ) (1776 -96 -144 ) (1776 -96 1187 ) 
4 39 41 (1680 -80 1187 ) (1680 -80 -144 ) (1680 -96 -144 ) (1680 -96 1187 ) 
4 39 40 (1680 -96 1187 ) (1680 -96 -144 ) (1776 -96 -144 ) (1776 -96 1187 ) 
4 40 43 (1776 -392 1187 ) (1680 -392 1187 ) (1680 -392 116 ) (1776 -392 116 ) 
4 40 41 (1680 -96 -152 ) (1680 -392 -152 ) (1680 -392 1187 ) (1680 -96 1187 ) 
4 41 53 (1488 -80 -152 ) (1488 -392 -152 ) (1488 -392 0 ) (1488 -80 0 ) 
4 41 51 (1488 -392 0 ) (1488 -392 1187 ) (1488 -80 1187 ) (1488 -80 0 ) 
4 41 43 (1680 -392 1187 ) (1488 -392 1187 ) (1488 -392 116 ) (1680 -392 116 ) 
4 42 44 (1960 -1912 -152 ) (1960 -2056 -152 ) (1960 -2056 1187 ) (1960 -1912 1187 ) 
4 42 43 (1960 -392 1187 ) (1960 -392 116 ) (1960 -1912 116 ) (1960 -1912 1187 ) 
4 43 57 (1488 -1912 116 ) (1488 -1912 1187 ) (1488 -392 1187 ) (1488 -392 116 ) 
4 43 44 (1960 -1912 116 ) (1960 -1912 1187 ) (1488 -1912 1187 ) (1488 -1912 116 ) 
4 44 59 (1488 -1912 -152 ) (1488 -2056 -152 ) (1488 -2056 1187 ) (1488 -1912 1187 ) 
4 46 60 (1240 -64 1187 ) (1240 448 1187 ) (1240 448 8 ) (1240 -64 8 ) 
4 46 51 (1240 -64 1187 ) (1240 -64 8 ) (1488 -64 8 ) (1488 -64 1187 ) 
5 46 47 (1488 -64 8 ) (1240 -64 8 ) (1240 448 8 ) (1464 448 8 ) (1488 424 8 ) 
4 47 60 (1240 448 8 ) (1240 432 0 ) (1240 -64 0 ) (1240 -64 8 ) 
4 47 52 (1240 -64 8 ) (1240 -64 0 ) (1472 -64 0 ) (1484 -64 8 ) 
5 47 48 (1472 -64 0 ) (1240 -64 0 ) (1240 432 0 ) (1464 432 0 ) (1472 424 0 ) 
4 48 62 (1240 448 0 ) (1240 448 -144 ) (1240 -64 -144 ) (1240 -64 0 ) 
4 48 55 (1240 -64 0 ) (1240 -64 -144 ) (1248 -64 -144 ) (1248 -64 0 ) 
4 48 53 (1248 -64 -144 ) (1488 -64 -144 ) (1488 -64 0 ) (1248 -64 0 ) 
4 48 50 (1240 208 -144 ) (1240 448 -144 ) (1248 448 -144 ) (1248 208 -144 ) 
5 48 49 (1488 -64 -144 ) (1248 -64 -144 ) (1248 448 -144 ) (1464 448 -144 ) (1488 424 -144 ) 
4 49 54 (1248 -64 -152 ) (1472 -64 -152 ) (1484 -64 -144 ) (1248 -64 -144 ) 
4 49 50 (1248 448 -144 ) (1248 432 -152 ) (1248 208 -152 ) (1248 208 -144 ) 
4 50 68 (1240 216 -152 ) (1240 208 -152 ) (1240 208 -144 ) (1240 216 -144 ) 
4 50 63 (1240 448 -144 ) (1240 432 -152 ) (1240 216 -152 ) (1240 216 -144 ) 
5 51 60 (1240 -392 1187 ) (1240 -64 1187 ) (1240 -64 8 ) (1240 -80 0 ) (1240 -392 0 ) 
4 51 58 (1240 -392 1187 ) (1240 -392 0 ) (1432 -392 0 ) (1432 -392 1187 ) 
4 51 57 (1488 -392 116 ) (1488 -392 1187 ) (1432 -392 1187 ) (1432 -392 116 ) 
4 51 56 (1248 -392 0 ) (1240 -392 0 ) (1240 -80 0 ) (1248 -80 0 ) 
4 51 53 (1488 -392 0 ) (1248 -392 0 ) (1248 -80 0 ) (1488 -80 0 ) 
4 51 52 (1472 -80 0 ) (1240 -80 0 ) (1240 -64 8 ) (1484 -64 8 ) 
3 52 60 (1240 -64 8 ) (1240 -64 0 ) (1240 -80 0 ) 
4 52 55 (1240 -80 0 ) (1240 -64 0 ) (1248 -64 0 ) (1248 -80 0 ) 
4 52 53 (1248 -64 0 ) (1472 -64 0 ) (1472 -80 0 ) (1248 -80 0 ) 
4 53 58 (1248 -392 -152 ) (1432 -392 -152 ) (1432 -392 0 ) (1248 -392 0 ) 
4 53 56 (1248 -392 -152 ) (1248 -392 0 ) (1248 -80 0 ) (1248 -80 -152 ) 
4 53 55 (1248 -80 0 ) (1248 -64 0 ) (1248 -64 -144 ) (1248 -80 -144 ) 
4 53 54 (1248 -80 -152 ) (1248 -64 -144 ) (1484 -64 -144 ) (1472 -80 -152 ) 
4 55 62 (1240 -64 0 ) (1240 -64 -144 ) (1240 -80 -144 ) (1240 -80 0 ) 
4 55 56 (1248 -80 -144 ) (1248 -80 0 ) (1240 -80 0 ) (1240 -80 -144 ) 
4 56 69 (1240 -80 -152 ) (1240 -392 -152 ) (1240 -392 -144 ) (1240 -80 -144 ) 
4 56 62 (1240 -392 -144 ) (1240 -392 0 ) (1240 -80 0 ) (1240 -80 -144 ) 
4 56 58 (1240 -392 0 ) (1240 -392 -152 ) (1248 -392 -152 ) (1248 -392 0 ) 
4 57 59 (1488 -1912 116 ) (1488 -1912 1187 ) (1432 -1912 1187 ) (1432 -1912 116 ) 
4 57 58 (1432 -392 1187 ) (1432 -392 116 ) (1432 -1912 116 ) (1432 -1912 1187 ) 
4 58 93 (1240 -1912 1187 ) (1240 -1208 1187 ) (1240 -1208 -152 ) (1240 -1912 -152 ) 
4 58 91 (1240 -1208 1187 ) (1240 -1200 1187 ) (1240 -1200 -144 ) (1240 -1208 -144 ) 
4 58 62 (1240 -392 0 ) (1240 -392 -144 ) (1240 -1200 -144 ) (1240 -1200 0 ) 
4 58 60 (1240 -1200 1187 ) (1240 -392 1187 ) (1240 -392 0 ) (1240 -1200 0 ) 
4 58 59 (1240 -1912 1187 ) (1240 -1912 -152 ) (1432 -1912 -152 ) (1432 -1912 1187 ) 
4 59 96 (1240 -2056 1187 ) (1240 -1912 1187 ) (1240 -1912 -152 ) (1240 -2056 -152 ) 
4 60 98 (328 -1200 1187 ) (232 -1200 1187 ) (232 -1200 0 ) (328 -1200 0 ) 
4 60 97 (440 -1200 1187 ) (328 -1200 1187 ) (328 -1200 0 ) (440 -1200 0 ) 
4 60 91 (1240 -1200 0 ) (1240 -1200 1187 ) (440 -1200 1187 ) (440 -1200 0 ) 
4 60 76 (232 -1200 0 ) (232 -1200 1187 ) (232 208 1187 ) (232 208 0 ) 
5 60 72 (232 208 1187 ) (232 448 1187 ) (232 448 8 ) (232 432 0 ) (232 208 0 ) 
4 60 62 (1240 -1200 0 ) (232 -1200 0 ) (232 432 0 ) (1240 432 0 ) 
4 60 61 (456 432 0 ) (232 432 0 ) (232 448 8 ) (468 448 8 ) 
3 61 72 (232 448 8 ) (232 448 0 ) (232 432 0 ) 
4 61 62 (232 432 0 ) (232 448 0 ) (456 448 0 ) (456 432 0 ) 
4 62 98 (328 -1200 0 ) (232 -1200 0 ) (232 -1200 -144 ) (328 -1200 -144 ) 
4 62 97 (440 -1200 0 ) (328 -1200 0 ) (328 -1200 -144 ) (440 -1200 -144 ) 
4 62 91 (1240 -1200 -144 ) (1240 -1200 0 ) (440 -1200 0 ) (440 -1200 -144 ) 
4 62 76 (232 -1200 -144 ) (232 -1200 0 ) (232 208 0 ) (232 208 -144 ) 
4 62 72 (232 208 0 ) (232 448 0 ) (232 448 -144 ) (232 208 -144 ) 
4 62 71 (1232 -1200 -144 ) (232 -1200 -144 ) (232 -392 -144 ) (1232 -392 -144 ) 
4 62 70 (232 -392 -144 ) (232 208 -144 ) (1048 208 -144 ) (1048 -392 -144 ) 
4 62 69 (1240 200 -144 ) (1240 -392 -144 ) (1048 -392 -144 ) (1048 200 -144 ) 
4 62 68 (944 216 -144 ) (1240 216 -144 ) (1240 208 -144 ) (944 208 -144 ) 
4 62 66 (240 448 -144 ) (944 448 -144 ) (944 216 -144 ) (240 216 -144 ) 
4 62 65 (1040 424 -144 ) (1040 216 -144 ) (944 216 -144 ) (944 424 -144 ) 
4 62 64 (944 448 -144 ) (1040 448 -144 ) (1040 440 -144 ) (944 440 -144 ) 
4 62 63 (1040 448 -144 ) (1240 448 -144 ) (1240 216 -144 ) (1040 216 -144 ) 
4 63 68 (1240 216 -152 ) (1240 216 -144 ) (1040 216 -144 ) (1040 216 -152 ) 
4 63 65 (1040 424 -152 ) (1040 216 -152 ) (1040 216 -144 ) (1040 424 -144 ) 
3 63 64 (1040 448 -144 ) (1040 440 -148 ) (1040 440 -144 ) 
3 64 66 (944 448 -144 ) (944 440 -148 ) (944 440 -144 ) 
4 65 68 (1040 216 -144 ) (944 216 -144 ) (944 216 -152 ) (1040 216 -152 ) 
4 65 66 (944 424 -152 ) (944 216 -152 ) (944 216 -144 ) (944 424 -144 ) 
4 66 67 (240 448 -144 ) (468 448 -144 ) (456 432 -152 ) (240 432 -152 ) 
4 68 70 (1048 208 -144 ) (944 208 -144 ) (944 208 -152 ) (1048 208 -152 ) 
4 69 71 (1232 -392 -144 ) (1048 -392 -144 ) (1048 -392 -152 ) (1232 -392 -152 ) 
4 69 70 (1048 200 -152 ) (1048 -392 -152 ) (1048 -392 -144 ) (1048 200 -144 ) 
4 70 76 (232 -392 -144 ) (232 208 -144 ) (232 208 -152 ) (232 -392 -152 ) 
4 70 71 (1048 -392 -144 ) (232 -392 -144 ) (232 -392 -152 ) (1048 -392 -152 ) 
4 71 97 (328 -1200 -152 ) (440 -1200 -152 ) (440 -1200 -144 ) (328 -1200 -144 ) 
4 71 92 (1056 -1200 -152 ) (1168 -1200 -152 ) (1168 -1200 -144 ) (1056 -1200 -144 ) 
4 71 76 (232 -1200 -152 ) (232 -1200 -144 ) (232 -392 -144 ) (232 -392 -152 ) 
4 72 76 (-216 208 -152 ) (232 208 -152 ) (232 208 1187 ) (-216 208 1187 ) 
4 72 73 (-216 208 -144 ) (-216 208 1187 ) (-216 448 1187 ) (-216 448 -144 ) 
4 73 76 (-216 208 -144 ) (-216 208 1187 ) (-224 208 1187 ) (-224 208 -144 ) 
4 73 75 (-224 208 -144 ) (-224 208 1187 ) (-224 216 1187 ) (-224 216 -144 ) 
4 73 74 (-224 216 1187 ) (-224 448 1187 ) (-224 448 -144 ) (-224 216 -144 ) 
4 74 79 (-264 216 1187 ) (-264 448 1187 ) (-264 448 -152 ) (-264 216 -152 ) 
4 74 75 (-264 216 1187 ) (-264 216 -144 ) (-224 216 -144 ) (-224 216 1187 ) 
4 75 79 (-264 208 1187 ) (-264 216 1187 ) (-264 216 -144 ) (-264 208 -144 ) 
4 75 77 (-264 208 1187 ) (-264 208 -144 ) (-256 208 -144 ) (-256 208 1187 ) 
4 75 76 (-256 208 -144 ) (-224 208 -144 ) (-224 208 1187 ) (-256 208 1187 ) 
4 76 98 (232 -1200 -144 ) (232 -1200 1187 ) (-256 -1200 1187 ) (-256 -1200 -144 ) 
4 76 78 (-256 -800 -152 ) (-256 -1200 -152 ) (-256 -1200 1187 ) (-256 -800 1187 ) 
4 76 77 (-256 208 1187 ) (-256 208 -144 ) (-256 -800 -144 ) (-256 -800 1187 ) 
4 77 79 (-264 -800 1187 ) (-264 208 1187 ) (-264 208 -144 ) (-264 -800 -144 ) 
4 77 78 (-264 -800 1187 ) (-264 -800 -144 ) (-256 -800 -144 ) (-256 -800 1187 ) 
4 78 98 (-256 -1200 -144 ) (-256 -1200 1187 ) (-264 -1200 1187 ) (-264 -1200 -144 ) 
4 78 79 (-264 -1200 -152 ) (-264 -1200 1187 ) (-264 -800 1187 ) (-264 -800 -152 ) 
4 79 100 (-464 -1200 -152 ) (-288 -1200 -152 ) (-288 -1200 1187 ) (-464 -1200 1187 ) 
4 79 98 (-264 -1200 -144 ) (-264 -1200 1187 ) (-288 -1200 1187 ) (-288 -1200 -144 ) 
4 79 83 (-464 -1200 -152 ) (-464 -1200 1187 ) (-464 -800 1187 ) (-464 -800 -152 ) 
4 79 82 (-464 240 -128 ) (-464 240 -152 ) (-464 -800 -152 ) (-464 -800 -128 ) 
4 79 81 (-464 -800 1187 ) (-464 240 1187 ) (-464 240 112 ) (-464 -800 112 ) 
4 79 80 (-464 240 1187 ) (-464 448 1187 ) (-464 448 -152 ) (-464 240 -152 ) 
4 80 84 (-904 240 1187 ) (-904 448 1187 ) (-904 448 -152 ) (-904 240 -152 ) 
4 80 82 (-904 240 -128 ) (-904 240 -152 ) (-464 240 -152 ) (-464 240 -128 ) 
4 80 81 (-904 240 1187 ) (-904 240 112 ) (-464 240 112 ) (-464 240 1187 ) 
4 81 84 (-904 -800 1187 ) (-904 240 1187 ) (-904 240 112 ) (-904 -800 112 ) 
4 81 83 (-904 -800 1187 ) (-904 -800 112 ) (-464 -800 112 ) (-464 -800 1187 ) 
4 82 84 (-904 240 -128 ) (-904 240 -152 ) (-904 -800 -152 ) (-904 -800 -128 ) 
4 82 83 (-904 -800 -128 ) (-904 -800 -152 ) (-464 -800 -152 ) (-464 -800 -128 ) 
4 83 100 (-904 -1200 -152 ) (-464 -1200 -152 ) (-464 -1200 1187 ) (-904 -1200 1187 ) 
4 83 84 (-904 -1200 -152 ) (-904 -1200 1187 ) (-904 -800 1187 ) (-904 -800 -152 ) 
4 84 100 (-1400 -1200 -152 ) (-904 -1200 -152 ) (-904 -1200 1187 ) (-1400 -1200 1187 ) 
4 84 89 (-1400 -1200 -140 ) (-1400 -1200 1187 ) (-1400 -1040 1187 ) (-1400 -1040 -140 ) 
4 84 85 (-1400 -1040 1187 ) (-1400 448 1187 ) (-1400 448 -152 ) (-1400 -1040 -152 ) 
4 85 89 (-1400 -1040 -140 ) (-1400 -1040 1187 ) (-1496 -1040 1187 ) (-1496 -1040 -140 ) 
4 85 87 (-1496 -1040 -152 ) (-1496 -1040 1187 ) (-1496 -328 1187 ) (-1496 -328 -152 ) 
4 85 86 (-1496 -328 1187 ) (-1496 448 1187 ) (-1496 448 176 ) (-1496 -328 176 ) 
4 86 88 (-1880 -328 1187 ) (-1880 448 1187 ) (-1880 448 176 ) (-1880 -328 176 ) 
4 86 87 (-1880 -328 1187 ) (-1880 -328 176 ) (-1496 -328 176 ) (-1496 -328 1187 ) 
4 87 89 (-1496 -1040 -140 ) (-1496 -1040 1187 ) (-1880 -1040 1187 ) (-1880 -1040 -140 ) 
4 87 88 (-1880 -1040 -152 ) (-1880 -1040 1187 ) (-1880 -328 1187 ) (-1880 -328 -152 ) 
4 88 90 (-1888 -1040 1187 ) (-1888 448 1187 ) (-1888 448 -152 ) (-1888 -1040 -152 ) 
4 88 89 (-1888 -1040 1187 ) (-1888 -1040 -140 ) (-1880 -1040 -140 ) (-1880 -1040 1187 ) 
4 89 107 (-1400 -1200 -140 ) (-1400 -1200 1187 ) (-1888 -1200 1187 ) (-1888 -1200 -140 ) 
4 89 90 (-1888 -1200 -140 ) (-1888 -1200 1187 ) (-1888 -1040 1187 ) (-1888 -1040 -140 ) 
4 90 109 (-1914 -1200 -152 ) (-1888 -1200 -152 ) (-1888 -1200 1187 ) (-1914 -1200 1187 ) 
4 91 97 (440 -1200 1187 ) (440 -1200 -144 ) (440 -1208 -144 ) (440 -1208 1187 ) 
4 91 94 (440 -1208 1187 ) (440 -1208 -144 ) (968 -1208 -144 ) (968 -1208 1187 ) 
4 91 93 (968 -1208 -144 ) (1240 -1208 -144 ) (1240 -1208 1187 ) (968 -1208 1187 ) 
4 91 92 (1168 -1208 -144 ) (1056 -1208 -144 ) (1056 -1200 -144 ) (1168 -1200 -144 ) 
4 92 93 (1056 -1208 -152 ) (1168 -1208 -152 ) (1168 -1208 -144 ) (1056 -1208 -144 ) 
4 93 96 (968 -1912 -152 ) (1240 -1912 -152 ) (1240 -1912 1187 ) (968 -1912 1187 ) 
4 93 95 (968 -1912 781 ) (968 -1912 1187 ) (968 -1314 1187 ) (968 -1314 781 ) 
4 93 94 (968 -1208 1187 ) (968 -1208 -152 ) (968 -1314 -152 ) (968 -1314 1187 ) 
4 94 97 (440 -1208 -152 ) (440 -1314 -152 ) (440 -1314 1187 ) (440 -1208 1187 ) 
4 94 95 (440 -1314 1187 ) (440 -1314 781 ) (968 -1314 781 ) (968 -1314 1187 ) 
4 95 97 (440 -1912 781 ) (440 -1912 1187 ) (440 -1314 1187 ) (440 -1314 781 ) 
4 95 96 (440 -1912 1187 ) (440 -1912 781 ) (968 -1912 781 ) (968 -1912 1187 ) 
4 96 97 (440 -1912 -152 ) (440 -2056 -152 ) (440 -2056 1187 ) (440 -1912 1187 ) 
4 97 102 (328 -1938 -152 ) (328 -2056 -152 ) (328 -2056 1187 ) (328 -1938 1187 ) 
4 97 101 (328 -1938 781 ) (328 -1938 1187 ) (328 -1336 1187 ) (328 -1336 781 ) 
4 97 99 (328 -1208 -152 ) (328 -1336 -152 ) (328 -1336 1187 ) (328 -1208 1187 ) 
4 97 98 (328 -1200 1187 ) (328 -1200 -144 ) (328 -1208 -144 ) (328 -1208 1187 ) 
4 98 100 (-288 -1200 1187 ) (-288 -1200 -144 ) (-288 -1208 -144 ) (-288 -1208 1187 ) 
4 98 99 (-288 -1208 1187 ) (-288 -1208 -144 ) (328 -1208 -144 ) (328 -1208 1187 ) 
4 99 103 (-288 -1336 -152 ) (-200 -1336 -152 ) (-200 -1336 1187 ) (-288 -1336 1187 ) 
4 99 101 (328 -1336 781 ) (328 -1336 1187 ) (-200 -1336 1187 ) (-200 -1336 781 ) 
4 99 100 (-288 -1208 -152 ) (-288 -1336 -152 ) (-288 -1336 1187 ) (-288 -1208 1187 ) 
4 100 107 (-1400 -1200 1187 ) (-1400 -1200 -140 ) (-1400 -1336 -140 ) (-1400 -1336 1187 ) 
4 100 104 (-1400 -1336 1187 ) (-1400 -1336 -152 ) (-392 -1336 -152 ) (-392 -1336 1187 ) 
4 100 103 (-392 -1336 -152 ) (-288 -1336 -152 ) (-288 -1336 1187 ) (-392 -1336 1187 ) 
4 101 103 (-200 -1336 1187 ) (-200 -1336 781 ) (-200 -1938 781 ) (-200 -1938 1187 ) 
4 101 102 (-200 -1938 1187 ) (-200 -1938 781 ) (328 -1938 781 ) (328 -1938 1187 ) 
4 102 103 (-200 -1938 -152 ) (-200 -2056 -152 ) (-200 -2056 1187 ) (-200 -1938 1187 ) 
4 103 106 (-392 -2046 -152 ) (-392 -2056 -152 ) (-392 -2056 1187 ) (-392 -2046 1187 ) 
4 103 105 (-392 -2046 -140 ) (-392 -2046 1187 ) (-392 -1552 1187 ) (-392 -1552 -140 ) 
4 103 104 (-392 -1336 1187 ) (-392 -1336 -152 ) (-392 -1552 -152 ) (-392 -1552 1187 ) 
4 104 107 (-1400 -1552 -140 ) (-1400 -1552 1187 ) (-1400 -1336 1187 ) (-1400 -1336 -140 ) 
4 104 105 (-1400 -1552 1187 ) (-1400 -1552 -140 ) (-392 -1552 -140 ) (-392 -1552 1187 ) 
4 105 107 (-1400 -2046 -140 ) (-1400 -2046 1187 ) (-1400 -1552 1187 ) (-1400 -1552 -140 ) 
4 105 106 (-1400 -2046 1187 ) (-1400 -2046 -140 ) (-392 -2046 -140 ) (-392 -2046 1187 ) 
4 106 108 (-1400 -2046 -152 ) (-1400 -2056 -152 ) (-1400 -2056 1187 ) (-1400 -2046 1187 ) 
4 107 109 (-1888 -1200 1187 ) (-1888 -1200 -140 ) (-1888 -2046 -140 ) (-1888 -2046 1187 ) 
4 107 108 (-1888 -2046 1187 ) (-1888 -2046 -140 ) (-1400 -2046 -140 ) (-1400 -2046 1187 ) 
4 108 109 (-1888 -2046 -152 ) (-1888 -2056 -152 ) (-1888 -2056 1187 ) (-1888 -2046 1187 ) 
