PRT1
410
1198
4 0 108 (2052 0 720 ) (2052 0 552 ) (2056 0 552 ) (2056 0 720 ) 
4 0 101 (2052 0 736 ) (2052 0 720 ) (2056 0 720 ) (2056 0 736 ) 
4 0 95 (2056 0 912 ) (2052 0 912 ) (2052 0 736 ) (2056 0 736 ) 
3 0 13 (2052 400 552 ) (2052 403.555542 552 ) (2056 400 552 ) 
4 0 5 (2052 192 648 ) (2052 192 912 ) (2052 240 912 ) (2052 240 648 ) 
4 0 6 (2052 192 552 ) (2052 0 552 ) (2052 0 912 ) (2052 192 912 ) 
4 0 4 (2052 240 656 ) (2052 240 912 ) (2052 304 912 ) (2052 304 656 ) 
4 0 3 (2052 304 640 ) (2052 304 912 ) (2052 352 912 ) (2052 352 640 ) 
4 0 2 (2052 352 600 ) (2052 352 912 ) (2052 400 912 ) (2052 400 600 ) 
4 0 1 (2052 403.555542 552 ) (2052 400 552 ) (2052 400 912 ) (2052 403.555542 912 ) 
5 1 13 (2052 403.555573 552 ) (2052 400 552 ) (2004 400 552 ) (2004 432 552 ) (2020 432 552 ) 
4 1 7 (2004 432 552 ) (2004 400 552 ) (2004 400 912 ) (2004 432 912 ) 
4 1 2 (2052 400 600 ) (2052 400 912 ) (2004 400 912 ) (2004 400 600 ) 
4 2 8 (2004 352 600 ) (2004 352 912 ) (2004 400 912 ) (2004 400 600 ) 
4 2 3 (2052 352 640 ) (2052 352 912 ) (2004 352 912 ) (2004 352 640 ) 
4 3 10 (2004 304 640 ) (2004 304 912 ) (2004 352 912 ) (2004 352 640 ) 
4 3 4 (2052 304 656 ) (2052 304 912 ) (2004 304 912 ) (2004 304 656 ) 
4 4 10 (2004 240 656 ) (2004 240 912 ) (2004 304 912 ) (2004 304 656 ) 
4 4 5 (2052 240 656 ) (2052 240 912 ) (2004 240 912 ) (2004 240 656 ) 
4 5 11 (2004 192 648 ) (2004 192 912 ) (2004 228 912 ) (2004 228 648 ) 
4 5 10 (2004 228 912 ) (2004 240 912 ) (2004 240 648 ) (2004 228 648 ) 
4 5 6 (2052 192 648 ) (2052 192 912 ) (2004 192 912 ) (2004 192 648 ) 
4 6 108 (2004 0 720 ) (2004 0 552 ) (2052 0 552 ) (2052 0 720 ) 
4 6 101 (2004 0 736 ) (2004 0 720 ) (2052 0 720 ) (2052 0 736 ) 
4 6 95 (2052 0 912 ) (2004 0 912 ) (2004 0 736 ) (2052 0 736 ) 
4 6 11 (2004 192 552 ) (2004 0 552 ) (2004 0 912 ) (2004 192 912 ) 
4 7 13 (1956 432 552 ) (2004 432 552 ) (2004 400 552 ) (1956 400 552 ) 
4 7 8 (1956 400 912 ) (1956 400 600 ) (2004 400 600 ) (2004 400 912 ) 
4 7 9 (1956 432 912 ) (1956 432 552 ) (1956 400 552 ) (1956 400 912 ) 
4 8 10 (2004 352 600 ) (2004 352 912 ) (1956 352 912 ) (1956 352 600 ) 
4 8 9 (1956 352 600 ) (1956 352 912 ) (1956 400 912 ) (1956 400 600 ) 
4 9 32 (1760 381 552 ) (1760 352 552 ) (1760 352 563.644531 ) (1760 381 563.644531 ) 
4 9 31 (1760 352 563.644531 ) (1760 352 583.320435 ) (1760 381 583.320435 ) (1760 381 563.644531 ) 
4 9 30 (1760 381 561.665527 ) (1760 381 563.644531 ) (1760 388 563.644531 ) (1760 388 561.665527 ) 
4 9 29 (1760 388 552 ) (1760 381 552 ) (1760 381 561.665527 ) (1760 388 561.665527 ) 
4 9 27 (1760 397 552 ) (1760 388 552 ) (1760 388 563.644531 ) (1760 397 563.644531 ) 
4 9 24 (1760 381 563.644531 ) (1760 381 583.320435 ) (1760 397 583.320435 ) (1760 397 563.644531 ) 
4 9 23 (1760 352 583.320435 ) (1760 352 912 ) (1760 397 912 ) (1760 397 583.320435 ) 
4 9 22 (1760 400 552 ) (1760 397 552 ) (1760 397 912 ) (1760 400 912 ) 
4 9 14 (1760 432 552 ) (1760 400 552 ) (1760 400 912 ) (1760 432 912 ) 
4 9 13 (1760 400 552 ) (1760 432 552 ) (1956 432 552 ) (1956 400 552 ) 
4 9 10 (1760 352 552 ) (1956 352 552 ) (1956 352 912 ) (1760 352 912 ) 
4 10 38 (1760 228 563.612915 ) (1760 228 586.218140 ) (1760 244 585.253601 ) (1760 244 563.612915 ) 
4 10 37 (1760 244 552 ) (1760 228 552 ) (1760 228 563.612915 ) (1760 244 563.612915 ) 
4 10 35 (1760 228 586.218140 ) (1760 228 586.252319 ) (1760 244 586.252319 ) (1760 244 585.253601 ) 
4 10 34 (1760 228 586.252319 ) (1760 228 912 ) (1760 244 912 ) (1760 244 586.252319 ) 
4 10 32 (1760 352 552 ) (1760 244 552 ) (1760 244 563.644531 ) (1760 352 563.644531 ) 
4 10 31 (1760 244 563.644531 ) (1760 244 583.320435 ) (1760 352 583.320435 ) (1760 352 563.644531 ) 
4 10 23 (1760 244 583.320435 ) (1760 244 912 ) (1760 352 912 ) (1760 352 583.320435 ) 
3 10 12 (1760 228 552 ) (1764 228 564 ) (1760 228 576 ) 
5 10 11 (1768 228 552 ) (2004 228 552 ) (2004 228 912 ) (1760 228 912 ) (1760 228 576 ) 
4 11 109 (1760 0 720 ) (1760 0 576 ) (1768 0 552 ) (1768 0 720 ) 
4 11 108 (1768 0 552 ) (2004 0 552 ) (2004 0 720 ) (1768 0 720 ) 
4 11 102 (1760 0 736 ) (1760 0 720 ) (1768 0 720 ) (1768 0 736 ) 
4 11 101 (1768 0 720 ) (2004 0 720 ) (2004 0 736 ) (1768 0 736 ) 
4 11 97 (1760 0 782 ) (1760 0 736 ) (1766 0 736 ) (1766 0 782 ) 
4 11 96 (1760 0 912 ) (1760 0 782 ) (1766 0 782 ) (1766 0 912 ) 
4 11 95 (1766 0 736 ) (2004 0 736 ) (2004 0 912 ) (1766 0 912 ) 
4 11 40 (1760 0 576 ) (1760 0 912 ) (1760 228 912 ) (1760 228 576 ) 
4 11 12 (1760 228 576.093750 ) (1764.015625 228 564.046875 ) (1764.015625 0 564.046875 ) (1760 0 576.093750 ) 
3 12 110 (1760 0 576 ) (1760 0 552 ) (1764 0 564 ) 
4 12 40 (1760 228 552 ) (1760 0 552 ) (1760 0 576 ) (1760 228 576 ) 
4 13 14 (1760 432 -32 ) (1760 400 -32 ) (1760 400 552 ) (1760 432 552 ) 
4 14 44 (736 432 -32 ) (736 400 -32 ) (736 400 117.538483 ) (736 432 88 ) 
5 14 22 (1760 400 541.037109 ) (1760 400 912 ) (736 400 912 ) (736 400 -32 ) (1164.848877 400 -32 ) 
4 14 19 (1664 400 448.604187 ) (1616 400 402.387726 ) (1616 400 16 ) (1664 400 16 ) 
3 14 21 (1616 400 402.387726 ) (1164.848877 400 -32 ) (1616 400 -32 ) 
4 14 15 (1760 400 64 ) (1760 400 541.037109 ) (1664 400 448.604187 ) (1664 400 64 ) 
4 15 25 (1664 397 448.631714 ) (1664 388 448.631958 ) (1760 388 541.064819 ) (1760 397 541.064636 ) 
4 15 22 (1760 400 541.064575 ) (1664 400 448.631622 ) (1664 397 448.631714 ) (1760 397 541.064636 ) 
4 15 19 (1664 352 448.531250 ) (1664 400 448.531250 ) (1664 400 64 ) (1664 352 64 ) 
4 15 20 (1664 304 448.531250 ) (1664 352 448.531250 ) (1664 352 64 ) (1664 304 64 ) 
4 15 16 (1716 304 64 ) (1760 304 64 ) (1760 304 540.997253 ) (1716 304 498.631317 ) 
4 15 18 (1664 304 448.562500 ) (1664 304 64 ) (1716 304 64 ) (1716 304 498.631317 ) 
4 16 17 (1716 256 498.625000 ) (1716 256 16 ) (1760 256 16 ) (1760 256 540.991577 ) 
4 16 18 (1716 304 498.625000 ) (1716 304 16 ) (1716 256 16 ) (1716 256 498.625000 ) 
4 17 33 (1716 244 -32 ) (1760 244 -32 ) (1760 244 541.037109 ) (1716 244 498.672028 ) 
4 17 18 (1716 256 -32 ) (1716 244 -32 ) (1716 244 498.625000 ) (1716 256 498.625000 ) 
4 18 33 (1664 244 -32 ) (1716 244 -32 ) (1716 244 498.672028 ) (1664 244 448.604187 ) 
4 18 20 (1664 244 -32 ) (1664 244 448.531250 ) (1664 304 448.531250 ) (1664 304 -32 ) 
4 19 25 (1616 397 402.415222 ) (1616 388 402.415466 ) (1664 388 448.631958 ) (1664 397 448.631714 ) 
4 19 22 (1664 400 448.631622 ) (1616 400 402.415131 ) (1616 397 402.415222 ) (1664 397 448.631714 ) 
4 19 20 (1616 352 402.375000 ) (1616 352 16 ) (1664 352 16 ) (1664 352 448.500000 ) 
4 19 21 (1616 352 402.375000 ) (1616 400 402.375000 ) (1616 400 16 ) (1616 352 16 ) 
4 20 33 (1616 244 -32 ) (1664 244 -32 ) (1664 244 448.604187 ) (1616 244 402.387726 ) 
4 20 21 (1616 244 -32 ) (1616 244 402.375000 ) (1616 352 402.375000 ) (1616 352 -32 ) 
3 21 33 (1164.848877 244 -32 ) (1616 244 -32 ) (1616 244 402.387726 ) 
4 21 25 (1164.820435 397 -32 ) (1164.819946 388 -32 ) (1616 388 402.415466 ) (1616 397 402.415222 ) 
4 21 22 (1616 400 402.415131 ) (1164.820557 400 -32 ) (1164.820435 397 -32 ) (1616 397 402.415222 ) 
4 22 44 (736 400 -32 ) (736 397 -32 ) (736 397 120.307693 ) (736 400 117.538513 ) 
5 22 28 (1760 397 543.928772 ) (1760 397 544 ) (1751 397 553 ) (1749.362183 397 551.423035 ) (1758 397 542 ) 
3 22 27 (1760 397 544 ) (1760 397 563.644531 ) (1750 397 554 ) 
4 22 25 (1164.811890 397 -32 ) (1760 397 541.067871 ) (1760 397 543.928772 ) (1162.812134 397 -32 ) 
4 22 24 (1760 397 563.644531 ) (1760 397 583.320435 ) (1740 397 564 ) (1750 397 554 ) 
5 22 23 (1760 397 583.320435 ) (1760 397 912 ) (736 397 912 ) (736 397 -32 ) (1123.035156 397 -32 ) 
4 23 44 (736 397 -32 ) (736 244 -32 ) (736 244 261.538483 ) (736 397 120.307739 ) 
4 23 38 (1740 244 564 ) (1760 244 583.320374 ) (1760 244 585.253601 ) (1739 244 565 ) 
3 23 35 (1120 244 -32 ) (1760 244 585.253601 ) (1760 244 586.252319 ) 
5 23 34 (736 244 912 ) (736 244 -32 ) (1120 244 -32 ) (1760 244 586.252319 ) (1760 244 912 ) 
4 23 31 (1760 381 583.286560 ) (1760 244 583.286438 ) (1123.070313 244 -32 ) (1123.069946 381 -32 ) 
4 23 24 (1740.017212 397 563.982788 ) (1760 397 583.286560 ) (1760 381 583.286560 ) (1740.017212 381 563.982849 ) 
4 24 31 (1760 381 583.251953 ) (1740.034790 381 563.965271 ) (1750 381 554 ) (1760 381 563.644531 ) 
4 24 30 (1760 381 563.649414 ) (1749.997559 381 554.002441 ) (1749.997925 388 554.002075 ) (1760 388 563.648682 ) 
4 24 27 (1749.997925 388 554.002075 ) (1749.998413 397 554.001587 ) (1760 397 563.647705 ) (1760 388 563.648682 ) 
4 25 28 (1760 397 543.896423 ) (1758.015747 397 541.982849 ) (1758.010498 388 541.988403 ) (1760 388 543.907104 ) 
3 25 26 (1760 388 543.841431 ) (1759.634766 388 543.489258 ) (1760 388 543.090820 ) 
3 26 32 (1760 381 543.090759 ) (1760 381 543.928772 ) (1759.592285 381 543.535522 ) 
4 26 29 (1759.598755 381 543.528503 ) (1760 381 543.915466 ) (1760 388 543.907104 ) (1759.602783 388 543.524048 ) 
4 27 30 (1760 388 561.665466 ) (1760 388 563.649048 ) (1749.997803 388 554.002319 ) (1751 388 553 ) 
3 27 29 (1760 388 544 ) (1760 388 561.665466 ) (1751 388 553 ) 
4 27 28 (1760 388 544 ) (1751 388 553 ) (1751 397 553 ) (1760 397 544 ) 
5 28 29 (1759.621582 388 543.503723 ) (1760 388 543.868713 ) (1760 388 544 ) (1751 388 553 ) (1750.955688 388 552.957397 ) 
4 29 32 (1759.592285 381 543.535522 ) (1760 381 543.928772 ) (1760 381 561.665527 ) (1750.955566 381 552.957275 ) 
4 29 30 (1760 388 561.668823 ) (1750.954102 388 552.959106 ) (1750.954102 381 552.959106 ) (1760 381 561.668762 ) 
4 30 32 (1760 381 561.665527 ) (1760 381 563.644531 ) (1750 381 554 ) (1751 381 553 ) 
5 31 38 (1750 244 554 ) (1750.006470 244 554.006226 ) (1760 244 563.644531 ) (1760 244 583.320374 ) (1740 244 564 ) 
3 31 36 (1140.402710 244 -32 ) (1142.405396 244 -32 ) (1750.006470 244 554.006226 ) 
4 31 32 (1749.998535 381 554.001648 ) (1760 381 563.647705 ) (1760 244 563.647583 ) (1749.998535 244 554.001526 ) 
3 32 37 (1760 244 543.090759 ) (1760 244 563.644531 ) (1750 244 554 ) 
3 33 40 (1164.848877 228 -32 ) (1760 228 -32 ) (1760 228 541.037109 ) 
4 34 44 (736 244 -32 ) (736 228 -32 ) (736 228 276.307678 ) (736 244 261.538452 ) 
4 34 41 (736 228 912 ) (736 228 -32 ) (832 228 -32 ) (832 228 912 ) 
5 34 40 (832 228 -32 ) (1120 228 -32 ) (1760 228 586.252319 ) (1760 228 912 ) (832 228 912 ) 
5 34 35 (1119.968872 244 -32 ) (1760 244 586.281677 ) (1760 228 586.281494 ) (1719.348389 228 547.011353 ) (1119.968872 243.501755 -32 ) 
3 35 39 (1738.991089 244 565.008972 ) (1738.500366 228 565.499817 ) (1737.990845 228 565.008362 ) 
4 35 38 (1738.991089 244 565.008972 ) (1760 244 585.271179 ) (1760 228 586.235352 ) (1738.500366 228 565.499817 ) 
3 36 40 (1140.402710 228 -32 ) (1142.405396 228 -32 ) (1749.990967 228 553.991272 ) 
4 36 38 (1749.983887 228 554.016052 ) (1760 228 563.644470 ) (1760 244 563.644409 ) (1749.983887 244 554.016052 ) 
4 36 37 (1750.002808 244 553.996887 ) (1751.593750 244 555.531250 ) (1751.593750 228 555.531250 ) (1750.002808 228 553.996887 ) 
3 37 40 (1760 228 543.090759 ) (1760 228 563.612854 ) (1750 228 554 ) 
4 38 40 (1750 228 554 ) (1760 228 563.612854 ) (1760 228 586.252319 ) (1738.508789 228 565.491333 ) 
3 38 39 (1750 228 554 ) (1738.509766 228 565.490234 ) (1739 244 565 ) 
3 39 40 (1750 228 554 ) (1738.508789 228 565.491333 ) (1738 228 565 ) 
4 40 123 (832 0 -32 ) (1608 0 -32 ) (1608 0 552 ) (832 0 552 ) 
4 40 118 (1608 0 -32 ) (1760 0 -32 ) (1760 0 552 ) (1608 0 552 ) 
4 40 112 (1640 0 720 ) (1608 0 720 ) (1608 0 552 ) (1640 0 552 ) 
4 40 117 (1608 0 720 ) (832 0 720 ) (832 0 552 ) (1608 0 552 ) 
5 40 110 (1760 0 552 ) (1760 0 576 ) (1712 0 720 ) (1640 0 720 ) (1640 0 552 ) 
3 40 109 (1760 0 576 ) (1760 0 720 ) (1712 0 720 ) 
4 40 102 (1760 0 720 ) (1760 0 736 ) (1608 0 736 ) (1608 0 720 ) 
4 40 107 (1608 0 736 ) (832 0 736 ) (832 0 720 ) (1608 0 720 ) 
4 40 97 (1760 0 736 ) (1760 0 782 ) (1718 0 782 ) (1718 0 736 ) 
4 40 96 (1760 0 782 ) (1760 0 912 ) (1718 0 912 ) (1718 0 782 ) 
4 40 100 (1718 0 912 ) (832 0 912 ) (832 0 736 ) (1718 0 736 ) 
4 40 42 (832 128 912 ) (832 224 912 ) (832 224 64 ) (832 128 64 ) 
4 40 41 (832 224 912 ) (832 228 912 ) (832 228 -32 ) (832 224 -32 ) 
4 40 43 (832 0 912 ) (832 128 912 ) (832 128 -32 ) (832 0 -32 ) 
4 41 44 (736 228 -32 ) (736 224 -32 ) (736 224 280 ) (736 228 276.307678 ) 
4 41 42 (832 224 64 ) (832 224 912 ) (736 224 912 ) (736 224 64 ) 
4 42 43 (832 128 64 ) (832 128 912 ) (736 128 912 ) (736 128 64 ) 
4 43 123 (736 0 552 ) (736 0 -32 ) (832 0 -32 ) (832 0 552 ) 
4 43 117 (736 0 720 ) (736 0 552 ) (832 0 552 ) (832 0 720 ) 
4 43 107 (736 0 736 ) (736 0 720 ) (832 0 720 ) (832 0 736 ) 
4 43 100 (736 0 912 ) (736 0 736 ) (832 0 736 ) (832 0 912 ) 
4 44 46 (688 432 -32 ) (688 224 -32 ) (688 224 64 ) (688 432 64 ) 
4 44 45 (688 224 64 ) (688 224 280 ) (688 432 88 ) (688 432 64 ) 
4 45 61 (544 224 264 ) (544 224 64 ) (640 224 64 ) (640 224 264 ) 
4 45 53 (688 224 64 ) (688 224 80 ) (640 224 80 ) (640 224 64 ) 
4 45 52 (688 224 80 ) (688 224 264 ) (640 224 264 ) (640 224 80 ) 
4 45 49 (496 432 88 ) (496 432 64 ) (496 224 64 ) (496 224 280 ) 
4 45 47 (496 400 64 ) (496 432 64 ) (592 432 64 ) (592 400 64 ) 
4 45 48 (592 224 64 ) (496 224 64 ) (496 304 64 ) (592 304 64 ) 
4 45 46 (688 224 64 ) (592 224 64 ) (592 432 64 ) (688 432 64 ) 
4 46 61 (592 224 -32 ) (640 224 -32 ) (640 224 64 ) (592 224 64 ) 
4 46 58 (640 224 -32 ) (688 224 -32 ) (688 224 16 ) (640 224 16 ) 
4 46 56 (688 224 16 ) (688 224 32 ) (640 224 32 ) (640 224 16 ) 
4 46 53 (688 224 32 ) (688 224 64 ) (640 224 64 ) (640 224 32 ) 
4 46 47 (592 400 64 ) (592 432 64 ) (592 432 -32 ) (592 400 -32 ) 
4 46 48 (592 224 -32 ) (592 224 64 ) (592 304 64 ) (592 304 -32 ) 
4 47 50 (496 432 16 ) (496 432 -32 ) (496 400 -32 ) (496 400 16 ) 
4 47 49 (496 432 64 ) (496 432 16 ) (496 400 16 ) (496 400 64 ) 
4 48 61 (544 224 -32 ) (592 224 -32 ) (592 224 64 ) (544 224 64 ) 
4 48 51 (496 304 -32 ) (496 224 -32 ) (496 224 16 ) (496 304 16 ) 
4 48 49 (496 224 16 ) (496 224 64 ) (496 304 64 ) (496 304 16 ) 
4 49 67 (492 224 16 ) (492 224 280 ) (492 240 265.230774 ) (492 240 16 ) 
4 49 66 (492 240 265.230774 ) (492 288 220.923065 ) (492 288 16 ) (492 240 16 ) 
4 49 63 (492 304 206.153839 ) (492 352 161.846146 ) (492 352 16 ) (492 304 16 ) 
4 49 62 (492 352 161.846146 ) (492 432 88 ) (492 432 16 ) (492 352 16 ) 
4 49 64 (492 288 220.923065 ) (492 304 206.153839 ) (492 304 16 ) (492 288 16 ) 
4 49 50 (492 432 16 ) (496 432 16 ) (496 352 16 ) (492 352 16 ) 
4 49 51 (496 304 16 ) (496 224 16 ) (492 224 16 ) (492 304 16 ) 
4 50 62 (492 432 -32 ) (492 352 -32 ) (492 352 16 ) (492 432 16 ) 
4 51 68 (492 240 -32 ) (492 224 -32 ) (492 224 16 ) (492 240 16 ) 
4 51 66 (492 288 -32 ) (492 240 -32 ) (492 240 16 ) (492 288 16 ) 
4 51 64 (492 304 -32 ) (492 288 -32 ) (492 288 16 ) (492 304 16 ) 
4 52 246 (688 0 80 ) (688 0 152 ) (640 0 152 ) (640 0 80 ) 
4 52 235 (688 0 152 ) (688 0 264 ) (640 0 264 ) (640 0 152 ) 
4 52 61 (640 224 264 ) (640 224 80 ) (640 0 80 ) (640 0 264 ) 
4 52 54 (640 50 80 ) (640 78 80 ) (688 78 80 ) (688 50 80 ) 
4 52 55 (640 0 80 ) (640 8 80 ) (688 8 80 ) (688 0 80 ) 
4 52 53 (640 120 80 ) (640 224 80 ) (688 224 80 ) (688 120 80 ) 
4 53 61 (640 224 80 ) (640 224 32 ) (640 120 32 ) (640 120 80 ) 
4 53 56 (640 120 32 ) (640 224 32 ) (688 224 32 ) (688 120 32 ) 
4 54 61 (640 78 32 ) (640 50 32 ) (640 50 80 ) (640 78 80 ) 
4 55 246 (688 0 32 ) (688 0 80 ) (640 0 80 ) (640 0 32 ) 
4 55 61 (640 8 32 ) (640 0 32 ) (640 0 80 ) (640 8 80 ) 
4 55 57 (640 0 32 ) (640 8 32 ) (688 8 32 ) (688 0 32 ) 
4 56 61 (640 224 32 ) (640 224 16 ) (640 120 16 ) (640 120 32 ) 
4 56 58 (640 120 16 ) (640 224 16 ) (688 224 16 ) (688 120 16 ) 
4 57 246 (688 0 16 ) (688 0 32 ) (640 0 32 ) (640 0 16 ) 
4 57 61 (640 8 16 ) (640 0 16 ) (640 0 32 ) (640 8 32 ) 
4 57 60 (640 0 16 ) (640 8 16 ) (688 8 16 ) (688 0 16 ) 
4 58 61 (640 224 16 ) (640 224 -32 ) (640 120 -32 ) (640 120 16 ) 
4 59 61 (640 78 -32 ) (640 50 -32 ) (640 50 16 ) (640 78 16 ) 
4 60 246 (640 0 -32 ) (688 0 -32 ) (688 0 16 ) (640 0 16 ) 
4 60 61 (640 8 -32 ) (640 0 -32 ) (640 0 16 ) (640 8 16 ) 
4 61 247 (544 0 -32 ) (592 0 -32 ) (592 0 152 ) (544 0 152 ) 
4 61 246 (592 0 -32 ) (640 0 -32 ) (640 0 152 ) (592 0 152 ) 
4 61 235 (640 0 152 ) (640 0 264 ) (544 0 264 ) (544 0 152 ) 
4 62 63 (448 352 912 ) (448 352 16 ) (492 352 16 ) (492 352 912 ) 
4 62 65 (448 432 912 ) (448 432 -32 ) (448 352 -32 ) (448 352 912 ) 
4 63 65 (448 304 16 ) (448 304 912 ) (448 352 912 ) (448 352 16 ) 
4 63 64 (448 304 912 ) (448 304 16 ) (492 304 16 ) (492 304 912 ) 
4 64 66 (448 288 -32 ) (492 288 -32 ) (492 288 912 ) (448 288 912 ) 
4 64 65 (448 304 -32 ) (448 288 -32 ) (448 288 912 ) (448 304 912 ) 
4 65 88 (0 432 96 ) (0 432 -32 ) (0 288 -32 ) (0 288 96 ) 
4 65 77 (0 288 912 ) (0 432 912 ) (0 432 96 ) (0 288 96 ) 
4 65 73 (224 288 192 ) (224 288 912 ) (128 288 912 ) (128 288 192 ) 
4 65 75 (128 288 912 ) (0 288 912 ) (0 288 96 ) (128 288 96 ) 
4 65 66 (224 288 -32 ) (448 288 -32 ) (448 288 912 ) (224 288 912 ) 
4 66 73 (224 288 912 ) (224 288 192 ) (224 240 192 ) (224 240 912 ) 
4 66 68 (384 240 -32 ) (492 240 -32 ) (492 240 16 ) (384 240 16 ) 
4 66 69 (224 240 16 ) (224 240 -32 ) (288 240 -32 ) (288 240 16 ) 
4 66 67 (224 240 912 ) (224 240 16 ) (492 240 16 ) (492 240 912 ) 
4 67 73 (224 192 192 ) (224 192 912 ) (224 240 912 ) (224 240 192 ) 
4 67 70 (348 192 16 ) (492 192 16 ) (492 192 912 ) (348 192 912 ) 
4 67 72 (224 192 912 ) (224 192 16 ) (348 192 16 ) (348 192 912 ) 
4 67 68 (492 192 16 ) (384 192 16 ) (384 240 16 ) (492 240 16 ) 
4 67 69 (288 192 16 ) (224 192 16 ) (224 240 16 ) (288 240 16 ) 
4 68 70 (384 192 -32 ) (492 192 -32 ) (492 192 16 ) (384 192 16 ) 
4 69 72 (224 192 16 ) (224 192 -32 ) (288 192 -32 ) (288 192 16 ) 
4 70 71 (348 112 912 ) (348 112 208 ) (492 112 208 ) (492 112 912 ) 
4 70 72 (348 192 912 ) (348 192 -32 ) (348 112 -32 ) (348 112 912 ) 
4 71 308 (444 0 912 ) (348 0 912 ) (348 0 208 ) (444 0 208 ) 
4 71 292 (492 0 208 ) (492 0 912 ) (444 0 912 ) (444 0 208 ) 
4 71 72 (348 0 208 ) (348 0 912 ) (348 112 912 ) (348 112 208 ) 
4 72 324 (224 0 -32 ) (348 0 -32 ) (348 0 64 ) (224 0 64 ) 
4 72 310 (348 0 64 ) (348 0 912 ) (224 0 912 ) (224 0 64 ) 
4 72 76 (224 144 -32 ) (224 0 -32 ) (224 0 96 ) (224 144 96 ) 
4 72 74 (224 0 96 ) (224 0 912 ) (224 192 912 ) (224 192 96 ) 
4 73 74 (128 192 912 ) (128 192 192 ) (224 192 192 ) (224 192 912 ) 
4 73 75 (128 288 912 ) (128 288 192 ) (128 192 192 ) (128 192 912 ) 
4 74 310 (128 0 96 ) (224 0 96 ) (224 0 912 ) (128 0 912 ) 
4 74 76 (224 144 96 ) (224 0 96 ) (128 0 96 ) (128 144 96 ) 
4 74 75 (128 192 96 ) (128 0 96 ) (128 0 912 ) (128 192 912 ) 
4 75 312 (64 0 96 ) (112 0 96 ) (112 0 112 ) (64 0 112 ) 
4 75 314 (0 0 112 ) (0 0 96 ) (64 0 96 ) (64 0 112 ) 
4 75 311 (0 0 912 ) (0 0 112 ) (112 0 112 ) (112 0 912 ) 
4 75 310 (112 0 96 ) (128 0 96 ) (128 0 912 ) (112 0 912 ) 
4 75 86 (0 0 96 ) (0 0 912 ) (0 96 912 ) (0 96 96 ) 
4 75 84 (0 168 144 ) (0 168 96 ) (0 96 96 ) (0 96 144 ) 
4 75 80 (0 96 912 ) (0 168 912 ) (0 168 144 ) (0 96 144 ) 
4 75 78 (0 168 912 ) (0 216 912 ) (0 216 96 ) (0 168 96 ) 
4 75 77 (0 216 912 ) (0 288 912 ) (0 288 96 ) (0 216 96 ) 
4 75 76 (128 144 96 ) (128 0 96 ) (0 0 96 ) (0 144 96 ) 
4 76 327 (0 0 64 ) (0 0 -32 ) (16 0 -32 ) (16 0 64 ) 
4 76 326 (16 0 -32 ) (32 0 -32 ) (32 0 64 ) (16 0 64 ) 
4 76 325 (32 0 -32 ) (128 0 -32 ) (128 0 64 ) (32 0 64 ) 
4 76 324 (128 0 -32 ) (224 0 -32 ) (224 0 64 ) (128 0 64 ) 
4 76 312 (64 0 64 ) (112 0 64 ) (112 0 96 ) (64 0 96 ) 
4 76 314 (0 0 96 ) (0 0 64 ) (64 0 64 ) (64 0 96 ) 
4 76 310 (112 0 64 ) (224 0 64 ) (224 0 96 ) (112 0 96 ) 
4 76 89 (0 0 -32 ) (0 0 96 ) (0 144 96 ) (0 144 -32 ) 
4 77 93 (-368 238 96 ) (-352 238 96 ) (-352 216 96 ) (-368 216 96 ) 
4 77 92 (-352 238 96 ) (-304 238 96 ) (-304 216 96 ) (-352 216 96 ) 
4 77 91 (-440 238 96 ) (-440 240 96 ) (-304 240 96 ) (-304 238 96 ) 
4 77 90 (-64 216 96 ) (-304 216 96 ) (-304 288 96 ) (-64 288 96 ) 
4 77 88 (-304 432 96 ) (0 432 96 ) (0 288 96 ) (-304 288 96 ) 
4 77 79 (-392 216 144 ) (-392 216 912 ) (-440 216 912 ) (-440 216 144 ) 
4 77 78 (-392 216 96 ) (0 216 96 ) (0 216 912 ) (-392 216 912 ) 
4 78 93 (-368 216 96 ) (-352 216 96 ) (-352 168 96 ) (-368 168 96 ) 
4 78 92 (-352 216 96 ) (-304 216 96 ) (-304 168 96 ) (-352 168 96 ) 
4 78 90 (-304 216 96 ) (-64 216 96 ) (-64 168 96 ) (-304 168 96 ) 
4 78 84 (-392 168 96 ) (0 168 96 ) (0 168 144 ) (-392 168 144 ) 
4 78 80 (0 168 144 ) (0 168 912 ) (-392 168 912 ) (-392 168 144 ) 
4 78 79 (-392 216 912 ) (-392 216 144 ) (-392 168 144 ) (-392 168 912 ) 
4 79 81 (-392 168 168 ) (-392 168 912 ) (-424 168 912 ) (-424 168 168 ) 
4 79 83 (-424 168 912 ) (-440 168 912 ) (-440 168 144 ) (-424 168 144 ) 
4 80 87 (-352 96 200 ) (-352 96 912 ) (-392 96 912 ) (-392 96 200 ) 
4 80 86 (-352 96 144 ) (0 96 144 ) (0 96 912 ) (-352 96 912 ) 
4 80 84 (0 96 144 ) (-392 96 144 ) (-392 168 144 ) (0 168 144 ) 
4 80 81 (-392 168 912 ) (-392 168 168 ) (-392 120 168 ) (-392 120 912 ) 
4 80 82 (-392 120 144 ) (-392 96 144 ) (-392 96 912 ) (-392 120 912 ) 
4 81 82 (-424 120 912 ) (-424 120 168 ) (-392 120 168 ) (-392 120 912 ) 
4 81 83 (-424 168 912 ) (-424 168 168 ) (-424 120 168 ) (-424 120 912 ) 
4 82 87 (-392 96 200 ) (-392 96 912 ) (-424 96 912 ) (-424 96 200 ) 
4 82 85 (-392 96 144 ) (-424 96 144 ) (-424 120 144 ) (-392 120 144 ) 
4 82 83 (-424 120 144 ) (-424 96 144 ) (-424 96 912 ) (-424 120 912 ) 
4 83 87 (-440 96 912 ) (-440 96 200 ) (-424 96 200 ) (-424 96 912 ) 
4 83 85 (-424 96 144 ) (-440 96 144 ) (-440 120 144 ) (-424 120 144 ) 
4 84 93 (-368 168 96 ) (-352 168 96 ) (-352 96 96 ) (-368 96 96 ) 
4 84 92 (-352 168 96 ) (-304 168 96 ) (-304 96 96 ) (-352 96 96 ) 
4 84 89 (0 144 96 ) (0 96 96 ) (-64 96 96 ) (-64 144 96 ) 
4 84 90 (-304 168 96 ) (-64 168 96 ) (-64 96 96 ) (-304 96 96 ) 
4 84 86 (-352 96 96 ) (0 96 96 ) (0 96 144 ) (-352 96 144 ) 
4 84 85 (-392 96 96 ) (-392 96 144 ) (-392 120 144 ) (-392 120 96 ) 
4 86 391 (-304 0 912 ) (-352 0 912 ) (-352 0 96 ) (-304 0 96 ) 
4 86 390 (0 0 96 ) (0 0 912 ) (-304 0 912 ) (-304 0 96 ) 
4 86 94 (-304 0 96 ) (-352 0 96 ) (-352 94 96 ) (-304 94 96 ) 
4 86 92 (-352 94 96 ) (-352 96 96 ) (-304 96 96 ) (-304 94 96 ) 
4 86 89 (0 0 96 ) (-64 0 96 ) (-64 96 96 ) (0 96 96 ) 
4 86 90 (-64 0 96 ) (-304 0 96 ) (-304 96 96 ) (-64 96 96 ) 
4 86 87 (-352 96 912 ) (-352 96 200 ) (-352 0 200 ) (-352 0 912 ) 
4 87 394 (-440 0 912 ) (-440 0 200 ) (-352 0 200 ) (-352 0 912 ) 
4 88 90 (-304 288 96 ) (-304 288 -32 ) (-64 288 -32 ) (-64 288 96 ) 
4 89 390 (0 0 -32 ) (0 0 96 ) (-64 0 96 ) (-64 0 -32 ) 
4 89 90 (-64 144 -32 ) (-64 0 -32 ) (-64 0 96 ) (-64 144 96 ) 
4 90 390 (-64 0 96 ) (-304 0 96 ) (-304 0 -32 ) (-64 0 -32 ) 
4 90 94 (-304 94 -32 ) (-304 0 -32 ) (-304 0 96 ) (-304 94 96 ) 
4 90 92 (-304 94 56 ) (-304 94 96 ) (-304 238 96 ) (-304 238 56 ) 
4 90 91 (-304 240 -32 ) (-304 238 -32 ) (-304 238 96 ) (-304 240 96 ) 
3 91 93 (-352 238 86 ) (-352 238 96 ) (-368 238 96 ) 
4 91 92 (-304 238 56 ) (-304 238 96 ) (-352 238 96 ) (-352 238 86 ) 
4 92 94 (-304 94 56 ) (-304 94 96 ) (-352 94 96 ) (-352 94 86 ) 
4 92 93 (-352 238 96 ) (-352 238 86 ) (-352 96 86 ) (-352 96 96 ) 
4 94 391 (-304 0 96 ) (-352 0 96 ) (-352 0 -32 ) (-304 0 -32 ) 
4 95 146 (1766 -464 736 ) (2056 -464 736 ) (2056 -464 912 ) (1766 -464 912 ) 
4 95 102 (1766 -160 736 ) (1766 0 736 ) (1768 0 736 ) (1768 -160 736 ) 
4 95 101 (2056 -464 736 ) (1768 -464 736 ) (1768 0 736 ) (2056 0 736 ) 
4 95 98 (1766 -214 736 ) (1766 -414 736 ) (1766 -414 782 ) (1766 -214 782 ) 
4 95 99 (1766 -462 736 ) (1766 -464 736 ) (1766 -464 782 ) (1766 -462 782 ) 
4 95 97 (1766 0 736 ) (1766 -166 736 ) (1766 -166 782 ) (1766 0 782 ) 
4 95 96 (1766 -464 782 ) (1766 -464 912 ) (1766 0 912 ) (1766 0 782 ) 
4 96 153 (1760 -464 912 ) (1718 -464 912 ) (1718 -464 782 ) (1760 -464 782 ) 
4 96 146 (1766 -464 782 ) (1766 -464 912 ) (1760 -464 912 ) (1760 -464 782 ) 
4 96 98 (1718 -414 782 ) (1718 -214 782 ) (1766 -214 782 ) (1766 -414 782 ) 
4 96 99 (1718 -464 782 ) (1718 -462 782 ) (1766 -462 782 ) (1766 -464 782 ) 
4 96 97 (1718 -166 782 ) (1718 0 782 ) (1766 0 782 ) (1766 -166 782 ) 
4 96 100 (1718 -464 782 ) (1718 -464 912 ) (1718 0 912 ) (1718 0 782 ) 
4 97 102 (1718 -160 736 ) (1718 0 736 ) (1766 0 736 ) (1766 -160 736 ) 
4 97 100 (1718 0 736 ) (1718 -166 736 ) (1718 -166 782 ) (1718 0 782 ) 
4 98 100 (1718 -214 736 ) (1718 -414 736 ) (1718 -414 782 ) (1718 -214 782 ) 
4 99 153 (1718 -464 736 ) (1760 -464 736 ) (1760 -464 782 ) (1718 -464 782 ) 
4 99 146 (1760 -464 736 ) (1766 -464 736 ) (1766 -464 782 ) (1760 -464 782 ) 
4 99 100 (1718 -462 736 ) (1718 -464 736 ) (1718 -464 782 ) (1718 -462 782 ) 
4 100 190 (736 -464 912 ) (736 -464 736 ) (944 -464 736 ) (944 -464 912 ) 
4 100 153 (944 -464 736 ) (1718 -464 736 ) (1718 -464 912 ) (944 -464 912 ) 
3 100 106 (1616 -440 736 ) (1608 -432 736 ) (1608 -424 736 ) 
3 100 105 (1640 -464 736 ) (1608 -464 736 ) (1608 -432 736 ) 
3 100 104 (1608 -200 736 ) (1608 -192 736 ) (1616 -184 736 ) 
3 100 103 (1608 -192 736 ) (1608 -160 736 ) (1640 -160 736 ) 
4 100 102 (1608 -160 736 ) (1608 0 736 ) (1718 0 736 ) (1718 -160 736 ) 
4 100 107 (1608 -464 736 ) (736 -464 736 ) (736 0 736 ) (1608 0 736 ) 
4 101 146 (1768 -464 720 ) (2056 -464 720 ) (2056 -464 736 ) (1768 -464 736 ) 
4 101 108 (2056 -464 720 ) (1768 -464 720 ) (1768 0 720 ) (2056 0 720 ) 
4 101 102 (1768 0 720 ) (1768 -160 720 ) (1768 -160 736 ) (1768 0 736 ) 
3 102 113 (1640 -136 720 ) (1640 -160 720 ) (1628 -160 720 ) 
5 102 112 (1608 -160 720 ) (1608 0 720 ) (1640 0 720 ) (1640 -136 720 ) (1628 -160 720 ) 
4 102 110 (1640 0 720 ) (1712 0 720 ) (1712 -160 720 ) (1640 -160 720 ) 
4 102 109 (1712 0 720 ) (1768 0 720 ) (1768 -160 720 ) (1712 -160 720 ) 
4 102 103 (1608 -160 736 ) (1608 -160 720 ) (1640 -160 720 ) (1640 -160 736 ) 
4 102 107 (1608 0 720 ) (1608 -160 720 ) (1608 -160 736 ) (1608 0 736 ) 
3 103 113 (1628 -160 720 ) (1640 -160 720 ) (1616 -184 720 ) 
4 103 112 (1608 -192 720 ) (1608 -160 720 ) (1628 -160 720 ) (1616 -184 720 ) 
4 103 104 (1608 -192 736 ) (1608 -192 720 ) (1616 -184 720 ) (1616 -184 736 ) 
4 103 107 (1608 -160 720 ) (1608 -192 720 ) (1608 -192 736 ) (1608 -160 736 ) 
3 104 112 (1608 -200 720 ) (1608 -192 720 ) (1616 -184 720 ) 
4 104 107 (1608 -192 720 ) (1608 -200 720 ) (1608 -200 736 ) (1608 -192 736 ) 
4 105 153 (1608 -464 720 ) (1640 -464 720 ) (1640 -464 736 ) (1608 -464 736 ) 
3 105 116 (1640 -464 720 ) (1628 -464 720 ) (1616 -440 720 ) 
4 105 115 (1628 -464 720 ) (1608 -464 720 ) (1608 -432 720 ) (1616 -440 720 ) 
4 105 106 (1616 -440 720 ) (1608 -432 720 ) (1608 -432 736 ) (1616 -440 736 ) 
4 105 107 (1608 -432 720 ) (1608 -464 720 ) (1608 -464 736 ) (1608 -432 736 ) 
3 106 115 (1616 -440 720 ) (1608 -432 720 ) (1608 -424 720 ) 
4 106 107 (1608 -424 720 ) (1608 -432 720 ) (1608 -432 736 ) (1608 -424 736 ) 
4 107 190 (736 -464 736 ) (736 -464 720 ) (944 -464 720 ) (944 -464 736 ) 
4 107 153 (944 -464 720 ) (1608 -464 720 ) (1608 -464 736 ) (944 -464 736 ) 
4 107 117 (1608 -464 720 ) (736 -464 720 ) (736 0 720 ) (1608 0 720 ) 
4 108 146 (1768 -464 552 ) (2056 -464 552 ) (2056 -464 720 ) (1768 -464 720 ) 
4 108 111 (1768 -184 552 ) (1768 -440 552 ) (1768 -440 720 ) (1768 -184 720 ) 
4 108 109 (1768 0 552 ) (1768 -160 552 ) (1768 -160 720 ) (1768 0 720 ) 
4 109 110 (1764.010376 -160 564.031250 ) (1712.020874 -160 720 ) (1712.020874 0 720 ) (1764.010376 0 564.031250 ) 
5 110 118 (1640 -160 552 ) (1640 0 552 ) (1760 0 552 ) (1760 -144 552 ) (1744 -160 552 ) 
4 110 113 (1640 -136 552 ) (1640 -160 552 ) (1640 -160 720 ) (1640 -136 720 ) 
4 110 112 (1640 0 552 ) (1640 -136 552 ) (1640 -136 720 ) (1640 0 720 ) 
4 111 114 (1640 -208 552 ) (1640 -416 552 ) (1640 -416 720 ) (1640 -208 720 ) 
3 112 121 (1608 -200 552 ) (1608 -192 552 ) (1616 -184 552 ) 
4 112 119 (1608 -192 552 ) (1608 -160 552 ) (1628 -160 552 ) (1616 -184 552 ) 
5 112 118 (1608 -160 552 ) (1608 0 552 ) (1640 0 552 ) (1640 -136 552 ) (1628 -160 552 ) 
4 112 113 (1616 -184 552 ) (1640 -136 552 ) (1640 -136 720 ) (1616 -184 720 ) 
4 112 117 (1608 0 552 ) (1608 -200 552 ) (1608 -200 720 ) (1608 0 720 ) 
3 113 119 (1616 -184 552 ) (1628 -160 552 ) (1640 -160 552 ) 
3 113 118 (1628 -160 552 ) (1640 -136 552 ) (1640 -160 552 ) 
4 114 117 (1608 -208 552 ) (1608 -416 552 ) (1608 -416 720 ) (1608 -208 720 ) 
4 115 153 (1608 -464 552 ) (1628 -464 552 ) (1628 -464 720 ) (1608 -464 720 ) 
3 115 120 (1628 -464 552 ) (1608 -464 552 ) (1608 -424 552 ) 
4 115 116 (1628 -464 552 ) (1616 -440 552 ) (1616 -440 720 ) (1628 -464 720 ) 
4 115 117 (1608 -424 552 ) (1608 -464 552 ) (1608 -464 720 ) (1608 -424 720 ) 
4 116 153 (1628 -464 552 ) (1640 -464 552 ) (1640 -464 720 ) (1628 -464 720 ) 
3 116 122 (1640 -464 552 ) (1628 -464 552 ) (1616 -440 552 ) 
4 117 228 (736 -408 552 ) (736 -416 552 ) (736 -416 676 ) (736 -408 676 ) 
4 117 223 (736 -360 552 ) (736 -408 552 ) (736 -408 676 ) (736 -360 676 ) 
4 117 216 (736 -318 552 ) (736 -334 552 ) (736 -334 676 ) (736 -318 676 ) 
4 117 215 (736 -240 552 ) (736 -318 552 ) (736 -318 676 ) (736 -240 676 ) 
4 117 219 (736 -334 552 ) (736 -360 552 ) (736 -360 676 ) (736 -334 676 ) 
4 117 209 (736 -416 688 ) (736 -240 688 ) (736 -240 676 ) (736 -416 676 ) 
4 117 190 (736 -464 720 ) (736 -464 552 ) (944 -464 552 ) (944 -464 720 ) 
4 117 153 (944 -464 552 ) (1608 -464 552 ) (1608 -464 720 ) (944 -464 720 ) 
4 117 145 (832 -464 552 ) (736 -464 552 ) (736 -440 552 ) (832 -440 552 ) 
4 117 144 (736 -440 552 ) (736 -334 552 ) (832 -334 552 ) (832 -440 552 ) 
4 117 143 (1608 -464 552 ) (832 -464 552 ) (832 -334 552 ) (1608 -334 552 ) 
4 117 135 (1079.736084 -318 552 ) (1080 -318 552 ) (1080 -334 552 ) (1079.736084 -334 552 ) 
5 117 134 (1106.430786 -332 552 ) (1101.091431 -334 552 ) (1085.075073 -334 552 ) (1080 -332.098877 552 ) (1080 -332 552 ) 
3 117 133 (1085.075073 -334 552 ) (1080 -334 552 ) (1080 -332.098877 552 ) 
3 117 132 (1080 -318 552 ) (1085.074951 -318 552 ) (1080 -319.901093 552 ) 
4 117 131 (1138.464966 -332 552 ) (1143.804077 -334 552 ) (1101.091431 -334 552 ) (1106.430542 -332 552 ) 
4 117 130 (1608 -332 552 ) (1608 -334 552 ) (1143.804077 -334 552 ) (1138.464844 -332 552 ) 
4 117 129 (1101.091675 -318 552 ) (1608 -318 552 ) (1608 -320 552 ) (1106.430786 -320 552 ) 
4 117 124 (736 -334 552 ) (736 -318 552 ) (1079.736084 -318 552 ) (1079.736084 -334 552 ) 
4 117 123 (736 -318 552 ) (736 0 552 ) (1608 0 552 ) (1608 -318 552 ) 
4 118 123 (1608 0 -32 ) (1608 -160 -32 ) (1608 -160 552 ) (1608 0 552 ) 
4 118 119 (1608 -160 552 ) (1608 -160 -32 ) (1640 -160 -32 ) (1640 -160 552 ) 
4 119 123 (1608 -160 -32 ) (1608 -192 -32 ) (1608 -192 552 ) (1608 -160 552 ) 
4 119 121 (1608 -192 552 ) (1608 -192 -32 ) (1616 -184 -32 ) (1616 -184 552 ) 
4 120 154 (1608 -464 -32 ) (1628 -464 -32 ) (1628 -464 552 ) (1608 -464 552 ) 
4 120 143 (1608 -424 -32 ) (1608 -464 -32 ) (1608 -464 552 ) (1608 -424 552 ) 
4 120 122 (1616 -440 552 ) (1628 -464 552 ) (1628 -464 -32 ) (1616 -440 -32 ) 
4 121 123 (1608 -192 -32 ) (1608 -200 -32 ) (1608 -200 552 ) (1608 -192 552 ) 
4 122 154 (1628 -464 -32 ) (1640 -464 -32 ) (1640 -464 552 ) (1628 -464 552 ) 
7 123 238 (736 -256 -32 ) (736 -318 -32 ) (736 -318 144 ) (736 -304 144 ) (736 -288 136 ) (736 -268 120 ) (736 -256 96 ) 
4 123 215 (736 -318 412 ) (736 -318 552 ) (736 -240 552 ) (736 -240 412 ) 
4 123 141 (1059.814941 -318 542 ) (1054.476074 -318 542 ) (736 -318 415.920715 ) (736 -318 413.807190 ) 
5 123 138 (1608 -318 -32 ) (1608 -318 542 ) (1075.831543 -318 542 ) (736 -318 407.466614 ) (736 -318 -32 ) 
5 123 136 (1079.736084 -318 552 ) (1059.527954 -318 544 ) (1064.866821 -318 544 ) (1080 -318 549.990906 ) (1080 -318 551.359863 ) 
3 123 135 (1080 -318 552 ) (1079.736084 -318 552 ) (1080 -318 551.359863 ) 
3 123 132 (1085.074829 -318 552 ) (1080 -318 552 ) (1080 -318 549.990906 ) 
4 123 129 (1608 -318 550 ) (1608 -318 552 ) (1101.091553 -318 552 ) (1096.039551 -318 550 ) 
4 123 126 (1064.866821 -318 544 ) (1059.527954 -318 544 ) (1054.476074 -318 542 ) (1059.814941 -318 542 ) 
4 123 125 (1608 -318 542 ) (1608 -318 544 ) (1080.883545 -318 544 ) (1075.831665 -318 542 ) 
3 123 124 (1079.736084 -318 552 ) (736 -318 552 ) (736 -318 415.920715 ) 
4 124 216 (736 -334 415.920746 ) (736 -334 552 ) (736 -318 552 ) (736 -318 415.920715 ) 
4 124 144 (832 -334 552 ) (736 -334 552 ) (736 -334 415.920715 ) (832 -334 453.925476 ) 
3 124 143 (1079.736084 -334 552 ) (832 -334 552 ) (832 -334 453.925476 ) 
4 124 142 (1054.490356 -334 542 ) (736 -334 415.915100 ) (736 -332.006378 415.914001 ) (1054.490479 -332.005402 542 ) 
4 124 141 (736 -319.987305 415.907349 ) (736 -318 415.906250 ) (1054.491699 -318 542 ) (1054.491577 -319.994202 542 ) 
4 124 137 (1079.750366 -334 552 ) (1059.542358 -334 544 ) (1054.504150 -332.005402 542.005371 ) (1079.750366 -332.005310 552 ) 
4 124 136 (1054.506226 -319.994171 542.005798 ) (1059.543213 -318 544 ) (1079.750000 -318 552 ) (1079.750000 -319.994690 552 ) 
3 124 128 (1059.542358 -334 544 ) (1054.490356 -334 542 ) (1054.490479 -332 542 ) 
3 124 126 (1054.491577 -320 542 ) (1054.491699 -318 542 ) (1059.543213 -318 544 ) 
4 125 138 (1075.831543 -318 542 ) (1608 -318 542 ) (1608 -320 542 ) (1081.170654 -320 542 ) 
4 126 141 (1054.406250 -320 542 ) (1054.406250 -318 542 ) (1059.815063 -318 542 ) (1054.476196 -320 542 ) 
4 126 136 (1054.375000 -320 542 ) (1054.475952 -320 542 ) (1064.867065 -318 544 ) (1059.437500 -318 544 ) 
4 127 143 (1608 -334 542 ) (1608 -334 544 ) (1080.883545 -334 544 ) (1075.831543 -334 542 ) 
4 127 139 (1118.544067 -334 542 ) (1075.831543 -334 542 ) (1081.170654 -332 542 ) (1113.204956 -332 542 ) 
4 127 138 (1608 -334 542 ) (1118.544067 -334 542 ) (1113.204956 -332 542 ) (1608 -332 542 ) 
4 128 143 (1064.867065 -334 544 ) (1059.528076 -334 544 ) (1054.476074 -334 542 ) (1059.815063 -334 542 ) 
4 128 142 (1059.815063 -334 542 ) (1054.406250 -334 542 ) (1054.406250 -332 542 ) (1054.476196 -332 542 ) 
4 128 137 (1054.476074 -332 542 ) (1054.437500 -332 542 ) (1059.489502 -334 544 ) (1064.867065 -334 544 ) 
4 130 143 (1608 -334 550 ) (1608 -334 552 ) (1143.804077 -334 552 ) (1138.751953 -334 550 ) 
3 130 131 (1138.722412 -334 550 ) (1143.774536 -334 552 ) (1138.435181 -332 552 ) 
4 131 143 (1143.804077 -334 552 ) (1101.091431 -334 552 ) (1096.039429 -334 550 ) (1138.751953 -334 550 ) 
3 131 134 (1095.921509 -334 550 ) (1100.973633 -334 552 ) (1106.305420 -332 552 ) 
3 132 136 (1080 -318 551.359863 ) (1080 -318 549.990906 ) (1080 -319.295380 551.359863 ) 
4 132 135 (1080 -319.901093 552 ) (1080 -318 552 ) (1080 -318 551.359863 ) (1080 -319.295380 551.359863 ) 
3 133 143 (1085.075073 -334 552 ) (1080 -334 552 ) (1080 -334 549.990906 ) 
3 133 137 (1080 -334 549.990906 ) (1080 -334 551.359863 ) (1080 -332.704620 551.359863 ) 
4 133 135 (1080 -334 551.359863 ) (1080 -334 552 ) (1080 -332.098877 552 ) (1080 -332.704620 551.359863 ) 
4 133 134 (1085.112305 -334 552 ) (1080.490479 -334 550.170288 ) (1080 -332.694000 551.359863 ) (1080 -332.089813 552 ) 
4 134 143 (1101.091431 -334 552 ) (1085.075073 -334 552 ) (1080.022949 -334 550 ) (1096.039429 -334 550 ) 
3 135 143 (1080 -334 552 ) (1079.736084 -334 552 ) (1080 -334 551.359863 ) 
4 135 137 (1080 -332.660675 551.406250 ) (1080 -334 551.406250 ) (1079.754028 -334 552 ) (1079.753662 -332.006592 552 ) 
4 135 136 (1080 -318 551.406250 ) (1080 -319.339264 551.406250 ) (1079.751709 -319.994141 552 ) (1079.751343 -318 552 ) 
5 137 143 (1079.736084 -334 552 ) (1059.528076 -334 544 ) (1064.867065 -334 544 ) (1080 -334 549.990845 ) (1080 -334 551.359863 ) 
4 138 238 (736 -318 -32 ) (736 -334 -32 ) (736 -334 144 ) (736 -318 144 ) 
4 138 144 (832 -334 428.562225 ) (736 -334 390.557495 ) (736 -334 -32 ) (832 -334 -32 ) 
5 138 143 (1608 -334 -32 ) (1608 -334 542 ) (1118.544067 -334 542 ) (832 -334 428.562225 ) (832 -334 -32 ) 
4 138 140 (1097.187622 -326 542 ) (1081.170898 -320.005463 542 ) (736 -320.007019 405.352783 ) (736 -326.003357 399.014801 ) 
4 138 139 (736 -334 390.562500 ) (1118.562500 -334 542 ) (1097.187622 -326 542 ) (736 -326.003357 399.014801 ) 
4 139 144 (832 -334 445.470764 ) (736 -334 407.465790 ) (736 -334 390.557495 ) (832 -334 428.562225 ) 
4 139 143 (1118.544067 -334 542 ) (1075.831543 -334 542 ) (832 -334 445.470764 ) (832 -334 428.562225 ) 
4 139 140 (1097.125000 -326.014496 542 ) (736 -326.014923 399.036499 ) (736 -331.974152 405.352783 ) (1081.170776 -331.986053 542 ) 
3 141 217 (736 -320 415.920715 ) (736 -318 415.920715 ) (736 -318 413.807190 ) 
3 142 218 (736 -334 413.807129 ) (736 -334 415.920746 ) (736 -332 415.920746 ) 
4 142 144 (832 -334 453.925476 ) (736 -334 415.920715 ) (736 -334 413.807159 ) (832 -334 451.811920 ) 
4 142 143 (1059.815063 -334 542 ) (1054.476074 -334 542 ) (832 -334 453.925476 ) (832 -334 451.811920 ) 
4 143 199 (832 -464 -32 ) (944 -464 -32 ) (944 -464 64 ) (832 -464 64 ) 
4 143 191 (944 -464 64 ) (944 -464 216 ) (832 -464 216 ) (832 -464 64 ) 
4 143 190 (944 -464 216 ) (944 -464 552 ) (832 -464 552 ) (832 -464 216 ) 
4 143 154 (944 -464 -32 ) (1608 -464 -32 ) (1608 -464 552 ) (944 -464 552 ) 
4 143 145 (832 -464 64 ) (832 -464 552 ) (832 -440 552 ) (832 -440 64 ) 
4 143 144 (832 -334 552 ) (832 -334 -32 ) (832 -440 -32 ) (832 -440 552 ) 
7 144 238 (736 -334 -32 ) (736 -400 -32 ) (736 -400 88 ) (736 -388 120 ) (736 -368 136 ) (736 -352 144 ) (736 -334 144 ) 
4 144 229 (736 -408 424 ) (736 -408 412 ) (736 -416 412 ) (736 -416 424 ) 
4 144 228 (736 -416 552 ) (736 -408 552 ) (736 -408 424 ) (736 -416 424 ) 
4 144 223 (736 -408 552 ) (736 -360 552 ) (736 -360 412 ) (736 -408 412 ) 
4 144 219 (736 -360 552 ) (736 -334 552 ) (736 -334 412 ) (736 -360 412 ) 
4 144 145 (832 -440 64 ) (832 -440 552 ) (736 -440 552 ) (736 -440 64 ) 
4 145 191 (800 -464 64 ) (832 -464 64 ) (832 -464 216 ) (800 -464 216 ) 
4 145 198 (736 -464 216 ) (736 -464 64 ) (800 -464 64 ) (800 -464 216 ) 
4 145 190 (736 -464 552 ) (736 -464 216 ) (832 -464 216 ) (832 -464 552 ) 
4 146 153 (1760 -464 912 ) (1760 -464 576 ) (1760 -856 576 ) (1760 -856 912 ) 
4 146 149 (1956 -856 552 ) (2052 -856 552 ) (2052 -856 912 ) (1956 -856 912 ) 
4 146 148 (2052 -856 552 ) (2056 -856 552 ) (2056 -856 912 ) (2052 -856 912 ) 
5 146 152 (1768 -856 552 ) (1956 -856 552 ) (1956 -856 912 ) (1760 -856 912 ) (1760 -856 576 ) 
4 146 147 (1764.010376 -856 564.031433 ) (1760 -856 576.062622 ) (1760 -464 576.062622 ) (1764.010376 -464 564.031433 ) 
4 147 153 (1760 -464 576 ) (1760 -464 552 ) (1760 -856 552 ) (1760 -856 576 ) 
3 147 152 (1760 -856 552 ) (1764 -856 564 ) (1760 -856 576 ) 
4 148 150 (2052 -995.968750 648 ) (2052 -995.968750 912 ) (2052 -924 912 ) (2052 -924 648 ) 
4 148 149 (2052 -856 912 ) (2052 -856 552 ) (2052 -924 552 ) (2052 -924 912 ) 
4 149 150 (1956 -924 912 ) (1956 -924 648 ) (2052 -924 648 ) (2052 -924 912 ) 
4 149 152 (1956 -856 912 ) (1956 -856 552 ) (1956 -924 552 ) (1956 -924 912 ) 
4 150 152 (1956 -1020 648 ) (1956 -1020 912 ) (1956 -924 912 ) (1956 -924 648 ) 
4 150 151 (1956 -1020 912 ) (1956 -1020 648 ) (2028 -1020 648 ) (2028 -1020 912 ) 
4 151 152 (1956 -1020 552 ) (1956 -1024 552 ) (1956 -1024 912 ) (1956 -1020 912 ) 
4 152 159 (1760 -856 552 ) (1760 -1024 552 ) (1760 -1024 912 ) (1760 -856 912 ) 
4 153 190 (944 -464 912 ) (944 -464 552 ) (944 -856 552 ) (944 -856 912 ) 
5 153 160 (1424.833252 -856 912 ) (944 -856 912 ) (944 -856 552 ) (1750.926270 -856 552 ) (1753 -856 554 ) 
4 153 159 (1760 -856 552 ) (1760 -856 912 ) (1424.833252 -856 912 ) (1754.833374 -856 552 ) 
5 153 154 (1760 -856 552 ) (944 -856 552 ) (944 -464 552 ) (1744 -464 552 ) (1760 -480 552 ) 
4 154 199 (944 -464 64 ) (944 -464 -32 ) (944 -856 -32 ) (944 -856 64 ) 
4 154 191 (944 -464 216 ) (944 -464 64 ) (944 -856 64 ) (944 -856 216 ) 
4 154 190 (944 -464 552 ) (944 -464 216 ) (944 -856 216 ) (944 -856 552 ) 
4 154 160 (1750.926270 -856 552 ) (944 -856 552 ) (944 -856 -32 ) (1145.405273 -856 -32 ) 
3 154 159 (1760 -856 546.363708 ) (1760 -856 552 ) (1754.833374 -856 552 ) 
4 154 155 (1760 -856 -32 ) (1760 -856 538.148560 ) (1664 -856 445.715637 ) (1664 -856 -32 ) 
3 154 158 (1664 -856 445.715637 ) (1167.848877 -856 -32 ) (1664 -856 -32 ) 
4 155 179 (1664 -875 445.683014 ) (1664 -920 445.683014 ) (1760 -920 538.115967 ) (1760 -875 538.115967 ) 
4 155 163 (1664 -872 445.683014 ) (1664 -875 445.683014 ) (1760 -875 538.115967 ) (1760 -872 538.115967 ) 
4 155 156 (1664 -920 445.687500 ) (1664 -920 64 ) (1760 -920 64 ) (1760 -920 538.119568 ) 
4 155 158 (1664 -920 445.718781 ) (1664 -856 445.718781 ) (1664 -856 -32 ) (1664 -920 -32 ) 
4 156 179 (1664 -920 445.683014 ) (1664 -1012 445.682983 ) (1760 -1012 538.115967 ) (1760 -920 538.115967 ) 
4 156 158 (1664 -1016 445.718781 ) (1664 -920 445.718781 ) (1664 -920 64 ) (1664 -1016 64 ) 
4 156 157 (1664 -1016 445.687500 ) (1664 -1016 64 ) (1760 -1016 64 ) (1760 -1016 538.119568 ) 
4 157 158 (1664 -1024 -32 ) (1664 -1024 445.718781 ) (1664 -1016 445.718781 ) (1664 -1016 -32 ) 
5 158 330 (1344 -1024 -32 ) (1472 -1024 -32 ) (1472 -1024 160 ) (1367.258301 -1024 160 ) (1344 -1024 137.605850 ) 
4 158 179 (1167.882935 -875 -32 ) (1167.882935 -1012 -32 ) (1664 -1012 445.682983 ) (1664 -875 445.683014 ) 
4 158 163 (1167.882935 -872 -32 ) (1167.882935 -875 -32 ) (1664 -875 445.683014 ) (1664 -872 445.683014 ) 
4 159 189 (1752.984985 -1024 553.985474 ) (1424.812500 -1024 912 ) (1424.812500 -1023 912 ) (1752.984985 -1023 553.985474 ) 
4 159 188 (1753.003784 -1023 553.964966 ) (1742.018066 -1023 565.949585 ) (1742.018066 -1016 565.949585 ) (1753.003784 -1016 553.964966 ) 
4 159 186 (1742.018066 -1023 565.949585 ) (1424.812500 -1023 912 ) (1424.812500 -1016 912 ) (1742.018066 -1016 565.949585 ) 
4 159 185 (1752.984985 -1016 553.985474 ) (1751.577271 -1016 555.521179 ) (1751.577271 -1012 555.521179 ) (1752.984985 -1012 553.985474 ) 
4 159 183 (1760 -1000 546.332520 ) (1760 -1012 546.332520 ) (1751.577271 -1012 555.521179 ) (1751.577271 -1000 555.521179 ) 
4 159 182 (1751.577271 -1016 555.521179 ) (1742.018066 -1016 565.949585 ) (1742.018066 -1000 565.949585 ) (1751.577271 -1000 555.521179 ) 
4 159 181 (1760 -875 546.332520 ) (1760 -1000 546.332520 ) (1751.577271 -1000 555.521179 ) (1751.577271 -875 555.521179 ) 
4 159 180 (1751.577271 -1000 555.521179 ) (1742.018066 -1000 565.949585 ) (1742.018066 -875 565.949585 ) (1751.577271 -875 555.521179 ) 
4 159 168 (1742.018066 -1016 565.949585 ) (1424.812500 -1016 912 ) (1424.812500 -875 912 ) (1742.018066 -875 565.949585 ) 
4 159 167 (1760 -872 546.332520 ) (1760 -875 546.332520 ) (1751.577271 -875 555.521118 ) (1751.577271 -872 555.521118 ) 
4 159 164 (1752.984863 -872 553.985474 ) (1751.577271 -872 555.521118 ) (1751.577271 -859 555.521179 ) (1752.984985 -859 553.985474 ) 
4 159 162 (1751.577271 -875 555.521118 ) (1742.508179 -875 565.414856 ) (1742.508301 -859 565.414917 ) (1751.577271 -859 555.521179 ) 
4 159 161 (1742.508179 -875 565.414856 ) (1424.812500 -875 912 ) (1424.812500 -859 912 ) (1742.508301 -859 565.414917 ) 
4 159 160 (1424.812500 -856 912 ) (1752.984985 -856 553.985474 ) (1752.984985 -859 553.985474 ) (1424.812500 -859 912 ) 
4 160 199 (944 -856 -32 ) (944 -859 -32 ) (944 -859 64 ) (944 -856 64 ) 
4 160 191 (944 -859 64 ) (944 -859 216 ) (944 -856 216 ) (944 -856 64 ) 
4 160 190 (944 -859 216 ) (944 -859 912 ) (944 -856 912 ) (944 -856 216 ) 
4 160 166 (1750 -859 554 ) (1749.490845 -859 553.509094 ) (1750.963867 -859 552.036133 ) (1751.407715 -859 552.464233 ) 
3 160 165 (1143.443726 -859 -32 ) (1145.405396 -859 -32 ) (1729.030151 -859 530.882019 ) 
4 160 164 (1753.066406 -859 554.063965 ) (1751.658569 -859 555.599731 ) (1750 -859 554 ) (1751.407715 -859 552.464233 ) 
4 160 162 (1751.658569 -859 555.599731 ) (1742.589600 -859 565.493225 ) (1740 -859 563 ) (1749.490845 -859 553.509033 ) 
5 160 161 (1742.589600 -859 565.493225 ) (1424.958252 -859 912 ) (944 -859 912 ) (944 -859 -32 ) (1122 -859 -32 ) 
4 161 199 (944 -859 -32 ) (944 -875 -32 ) (944 -875 64 ) (944 -859 64 ) 
4 161 191 (944 -875 64 ) (944 -875 216 ) (944 -859 216 ) (944 -859 64 ) 
4 161 190 (944 -875 216 ) (944 -875 912 ) (944 -859 912 ) (944 -859 216 ) 
3 161 180 (1742.589600 -875 565.493225 ) (1742.099365 -875 566.028015 ) (1431.009888 -875 265.509521 ) 
5 161 176 (944 -875 472 ) (944 -875 -32 ) (1122 -875 -32 ) (1400 -875 235.653717 ) (1400 -875 472 ) 
4 161 175 (1400 -875 235.653717 ) (1431.009888 -875 265.509521 ) (1644.763794 -875 472 ) (1400 -875 472 ) 
4 161 171 (1280 -875 912 ) (1232 -875 912 ) (1232 -875 472 ) (1280 -875 472 ) 
4 161 174 (1232 -875 912 ) (944 -875 912 ) (944 -875 472 ) (1232 -875 472 ) 
4 161 169 (1328 -875 912 ) (1280 -875 912 ) (1280 -875 472 ) (1328 -875 472 ) 
5 161 168 (1742.099365 -875 566.028015 ) (1424.958252 -875 912 ) (1328 -875 912 ) (1328 -875 472 ) (1644.763794 -875 472 ) 
4 161 162 (1742.562500 -875 565.437500 ) (1740.015137 -875 562.984924 ) (1739.983276 -859 563.016663 ) (1742.562500 -859 565.500000 ) 
4 162 180 (1751.658691 -875 555.599670 ) (1742.589600 -875 565.493225 ) (1740 -875 563 ) (1749.490967 -875 553.508972 ) 
4 162 167 (1751.597412 -872 555.519836 ) (1751.605469 -875 555.524414 ) (1750.011597 -875 553.987183 ) (1750.010132 -872 553.988892 ) 
4 162 166 (1749.494507 -859 553.505554 ) (1750.003296 -859 553.996277 ) (1750.008057 -868 553.991150 ) (1749.499512 -868 553.500671 ) 
4 162 164 (1750.003296 -859 553.996277 ) (1751.562500 -859 555.500000 ) (1751.597412 -872 555.519836 ) (1750.010132 -872 553.988892 ) 
4 163 179 (1167.953735 -875 -32 ) (1760 -875 538.028381 ) (1760 -875 541.037048 ) (1164.848877 -875 -32 ) 
4 164 167 (1753 -872 554 ) (1751.625000 -872 555.500977 ) (1750.032227 -872 553.964783 ) (1751.407593 -872 552.464294 ) 
4 164 166 (1750 -868 554 ) (1750 -859 554 ) (1751.407715 -859 552.464294 ) (1751.407715 -868 552.464294 ) 
4 167 181 (1760 -875 543.090820 ) (1760 -875 546.500000 ) (1751.658691 -875 555.599670 ) (1750 -875 554 ) 
5 168 186 (1742.099243 -1016 566.028015 ) (1424.958252 -1016 912 ) (1328 -1016 912 ) (1328 -1016 472 ) (1644.763672 -1016 472 ) 
4 168 182 (1742.062500 -1016 565.937500 ) (1740.029175 -1016 563.973267 ) (1740.029175 -1000 563.973267 ) (1742.062500 -1000 565.937500 ) 
4 168 180 (1644.820679 -1000 472 ) (1644.820313 -875 472 ) (1742.062500 -875 565.937500 ) (1742.062500 -1000 565.937500 ) 
4 168 176 (1328 -875 472 ) (1400 -875 472 ) (1400 -936 472 ) (1328 -936 472 ) 
4 168 175 (1400 -875 472 ) (1644.750000 -875 472 ) (1644.750000 -1016 472 ) (1400 -1016 472 ) 
4 168 170 (1328 -1016 520 ) (1328 -1016 912 ) (1328 -968 912 ) (1328 -968 520 ) 
4 168 169 (1328 -875 912 ) (1328 -875 472 ) (1328 -968 472 ) (1328 -968 912 ) 
4 169 176 (1280 -875 472 ) (1328 -875 472 ) (1328 -936 472 ) (1280 -936 472 ) 
4 169 172 (1280 -968 520 ) (1280 -968 912 ) (1280 -960 912 ) (1280 -960 520 ) 
4 169 171 (1280 -875 912 ) (1280 -875 472 ) (1280 -960 472 ) (1280 -960 912 ) 
4 169 170 (1280 -968 912 ) (1280 -968 520 ) (1328 -968 520 ) (1328 -968 912 ) 
4 170 186 (1328 -1016 912 ) (1280 -1016 912 ) (1280 -1016 520 ) (1328 -1016 520 ) 
4 170 172 (1280 -1008 912 ) (1280 -968 912 ) (1280 -968 520 ) (1280 -1008 520 ) 
4 170 173 (1280 -1016 520 ) (1280 -1016 912 ) (1280 -1008 912 ) (1280 -1008 520 ) 
4 171 176 (1232 -875 472 ) (1280 -875 472 ) (1280 -936 472 ) (1232 -936 472 ) 
4 171 172 (1232 -960 912 ) (1232 -960 520 ) (1280 -960 520 ) (1280 -960 912 ) 
4 171 174 (1232 -875 912 ) (1232 -875 472 ) (1232 -960 472 ) (1232 -960 912 ) 
4 172 174 (1232 -1008 520 ) (1232 -1008 912 ) (1232 -960 912 ) (1232 -960 520 ) 
4 172 173 (1232 -1008 912 ) (1232 -1008 520 ) (1280 -1008 520 ) (1280 -1008 912 ) 
4 173 186 (1280 -1016 912 ) (1232 -1016 912 ) (1232 -1016 472 ) (1280 -1016 472 ) 
4 173 174 (1232 -1008 472 ) (1232 -1016 472 ) (1232 -1016 912 ) (1232 -1008 912 ) 
4 174 190 (944 -1016 472 ) (944 -1016 912 ) (944 -875 912 ) (944 -875 472 ) 
4 174 186 (1232 -1016 912 ) (944 -1016 912 ) (944 -1016 472 ) (1232 -1016 472 ) 
4 174 177 (1112 -1016 472 ) (944 -1016 472 ) (944 -936 472 ) (1176 -936 472 ) 
4 174 176 (944 -875 472 ) (1232 -875 472 ) (1232 -936 472 ) (944 -936 472 ) 
3 175 186 (1400 -1016 235.553467 ) (1644.763672 -1016 472 ) (1400 -1016 472 ) 
4 175 180 (1400 -1000 235.498596 ) (1400 -875 235.499542 ) (1644.820313 -875 472 ) (1644.820679 -1000 472 ) 
4 175 178 (1400 -936 235.526672 ) (1400 -1016 235.526672 ) (1400 -1016 456 ) (1400 -936 456 ) 
4 175 176 (1400 -875 235.526672 ) (1400 -936 235.526672 ) (1400 -936 472 ) (1400 -875 472 ) 
4 176 199 (944 -875 -32 ) (944 -936 -32 ) (944 -936 64 ) (944 -875 64 ) 
4 176 191 (944 -936 64 ) (944 -936 216 ) (944 -875 216 ) (944 -875 64 ) 
4 176 190 (944 -936 216 ) (944 -936 472 ) (944 -875 472 ) (944 -875 216 ) 
4 176 180 (1123.090942 -936 -32 ) (1123.090088 -875 -32 ) (1400 -875 235.499542 ) (1400 -936 235.499084 ) 
4 176 177 (1176 -936 472 ) (944 -936 472 ) (944 -936 456 ) (1176 -936 456 ) 
5 176 178 (1123.091675 -936 -32 ) (1400 -936 235.500000 ) (1400 -936 456 ) (944 -936 456 ) (944 -936 -32 ) 
4 177 190 (944 -1016 456 ) (944 -1016 472 ) (944 -936 472 ) (944 -936 456 ) 
4 177 186 (944 -1016 472 ) (944 -1016 456 ) (1112 -1016 456 ) (1112 -1016 472 ) 
4 177 178 (944 -936 456 ) (1176 -936 456 ) (1112 -1016 456 ) (944 -1016 456 ) 
4 178 199 (944 -936 -32 ) (944 -1016 -32 ) (944 -1016 64 ) (944 -936 64 ) 
4 178 194 (944 -1008 216 ) (944 -1006 216 ) (944 -1006 200 ) (944 -1008 200 ) 
4 178 193 (944 -1006 216 ) (944 -1000 216 ) (944 -1000 200 ) (944 -1006 200 ) 
4 178 196 (944 -1016 64 ) (944 -1016 200 ) (944 -1000 200 ) (944 -1000 64 ) 
4 178 191 (944 -1000 216 ) (944 -936 216 ) (944 -936 64 ) (944 -1000 64 ) 
4 178 190 (944 -1016 216 ) (944 -1016 456 ) (944 -936 456 ) (944 -936 216 ) 
5 178 186 (944 -1016 456 ) (944 -1016 -32 ) (1123.035156 -1016 -32 ) (1400 -1016 235.553467 ) (1400 -1016 456 ) 
4 178 180 (1123.091797 -1000 -32 ) (1123.090942 -936 -32 ) (1400 -936 235.499084 ) (1400 -1000 235.498596 ) 
4 180 182 (1751.576050 -1000 555.520020 ) (1742 -1000 565.937500 ) (1739.997070 -1000 564.002686 ) (1750.442871 -1000 554.427124 ) 
4 180 181 (1751.625000 -1000 555.625000 ) (1749.971802 -1000 554.030579 ) (1749.968262 -875 554.034607 ) (1751.559570 -875 555.569336 ) 
4 181 184 (1760 -1000 543.090820 ) (1760 -1000 545.666626 ) (1752 -1000 553 ) (1751.423950 -1000 552.446350 ) 
4 181 183 (1760 -1000 545.666626 ) (1760 -1000 546.355835 ) (1751.576050 -1000 555.520020 ) (1750.442871 -1000 554.427185 ) 
4 182 188 (1751.658569 -1016 555.599670 ) (1742.099243 -1016 566.028015 ) (1740 -1016 564 ) (1750.442871 -1016 554.427246 ) 
4 182 185 (1751.625000 -1016 555.625000 ) (1750.412231 -1016 554.455383 ) (1750.414185 -1012 554.453613 ) (1751.611328 -1012 555.608154 ) 
4 182 183 (1750.414185 -1012 554.453613 ) (1750.420044 -1000 554.448242 ) (1751.570313 -1000 555.557617 ) (1751.611328 -1012 555.608154 ) 
4 183 185 (1751.562500 -1012 555.562500 ) (1750.413452 -1012 554.454285 ) (1751.981079 -1012 553.017334 ) (1752.997559 -1012 553.997620 ) 
4 183 184 (1760 -1012 545.668823 ) (1752.004761 -1012 553.004639 ) (1752.005493 -1000 553.005371 ) (1760 -1000 545.677063 ) 
4 185 188 (1753.066284 -1016 554.064026 ) (1751.658569 -1016 555.599670 ) (1750.442993 -1016 554.427246 ) (1751.981079 -1016 553.017334 ) 
4 186 199 (944 -1016 -32 ) (944 -1023 -32 ) (944 -1023 64 ) (944 -1016 64 ) 
4 186 197 (944 -1023 64 ) (944 -1023 216 ) (944 -1016 216 ) (944 -1016 64 ) 
4 186 190 (944 -1023 216 ) (944 -1023 912 ) (944 -1016 912 ) (944 -1016 216 ) 
5 186 189 (1742.099243 -1023 566.028015 ) (1424.958252 -1023 912 ) (944 -1023 912 ) (944 -1023 -32 ) (1123.035156 -1023 -32 ) 
4 186 188 (1742.062500 -1023 565.937500 ) (1740.029175 -1023 563.973267 ) (1740.029175 -1016 563.973267 ) (1742.062500 -1016 565.937500 ) 
3 187 189 (1740.775146 -1023 542.209778 ) (1143.442871 -1023 -32 ) (1145.405396 -1023 -32 ) 
4 188 189 (1753.085205 -1023 554.043335 ) (1742.099243 -1023 566.028015 ) (1740 -1023 564 ) (1752 -1023 553 ) 
3 189 329 (1344 -1024 159.536377 ) (1344.480713 -1024 160 ) (1344 -1024 160 ) 
4 189 199 (944 -1023 -32 ) (944 -1024 -32 ) (944 -1024 64 ) (944 -1023 64 ) 
4 189 197 (944 -1024 64 ) (944 -1024 216 ) (944 -1023 216 ) (944 -1023 64 ) 
4 189 190 (944 -1024 216 ) (944 -1024 912 ) (944 -1023 912 ) (944 -1023 216 ) 
4 190 233 (736 -1024 216 ) (736 -1024 280 ) (736 -784 280 ) (736 -784 216 ) 
4 190 232 (736 -1024 280 ) (736 -1024 688 ) (736 -928 688 ) (736 -928 280 ) 
4 190 203 (736 -928 780 ) (736 -928 688 ) (736 -1016 688 ) (736 -1016 780 ) 
4 190 204 (736 -1024 688 ) (736 -1024 912 ) (736 -1016 912 ) (736 -1016 688 ) 
3 190 195 (800 -1008 216 ) (800 -1006 216 ) (804 -1004 216 ) 
3 190 194 (944 -1006 216 ) (944 -1008 216 ) (940 -1004 216 ) 
3 190 193 (944 -1000 216 ) (944 -1006 216 ) (932 -1000 216 ) 
3 190 192 (800 -1006 216 ) (800 -1000 216 ) (812 -1000 216 ) 
4 190 191 (800 -464 216 ) (944 -464 216 ) (944 -1000 216 ) (800 -1000 216 ) 
4 190 197 (944 -1016 216 ) (944 -1024 216 ) (800 -1024 216 ) (800 -1016 216 ) 
4 190 198 (736 -1024 216 ) (736 -464 216 ) (800 -464 216 ) (800 -1024 216 ) 
4 191 200 (832 -632 64 ) (832 -1000 64 ) (800 -1000 64 ) (800 -632 64 ) 
4 191 199 (832 -464 64 ) (944 -464 64 ) (944 -1000 64 ) (832 -1000 64 ) 
4 191 193 (932 -1000 200 ) (944 -1000 200 ) (944 -1000 216 ) (932 -1000 216 ) 
4 191 192 (800 -1000 216 ) (800 -1000 200 ) (812 -1000 200 ) (812 -1000 216 ) 
4 191 196 (800 -1000 200 ) (800 -1000 64 ) (944 -1000 64 ) (944 -1000 200 ) 
4 191 198 (800 -464 64 ) (800 -1000 64 ) (800 -1000 216 ) (800 -464 216 ) 
4 192 195 (800 -1006.031250 216 ) (800 -1006.031250 200 ) (803.937378 -1004.062561 200 ) (803.937378 -1004.062561 216 ) 
3 192 196 (800 -1006 200 ) (800 -1000 200 ) (812 -1000 200 ) 
4 192 198 (800 -1006 216 ) (800 -1000 216 ) (800 -1000 200 ) (800 -1006 200 ) 
4 193 194 (940 -1004 200 ) (944 -1006 200 ) (944 -1006 216 ) (940 -1004 216 ) 
3 193 196 (932 -1000 200 ) (944 -1000 200 ) (944 -1006 200 ) 
3 194 196 (940 -1004 200 ) (944 -1006 200 ) (944 -1008 200 ) 
4 195 198 (800 -1008 216 ) (800 -1006 216 ) (800 -1006 200 ) (800 -1008 200 ) 
3 195 196 (800 -1008 200 ) (800 -1006 200 ) (804 -1004 200 ) 
4 196 200 (832 -1016 64 ) (800 -1016 64 ) (800 -1000 64 ) (832 -1000 64 ) 
4 196 199 (944 -1000 64 ) (944 -1016 64 ) (832 -1016 64 ) (832 -1000 64 ) 
4 196 198 (800 -1000 64 ) (800 -1016 64 ) (800 -1016 200 ) (800 -1000 200 ) 
4 196 197 (800 -1016 200 ) (800 -1016 64 ) (944 -1016 64 ) (944 -1016 200 ) 
4 197 200 (832 -1024 64 ) (800 -1024 64 ) (800 -1016 64 ) (832 -1016 64 ) 
4 197 199 (944 -1016 64 ) (944 -1024 64 ) (832 -1024 64 ) (832 -1016 64 ) 
4 197 198 (800 -1016 64 ) (800 -1024 64 ) (800 -1024 216 ) (800 -1016 216 ) 
4 198 273 (736 -1004.539612 96 ) (736 -1001.993896 96 ) (736 -1001.993896 64 ) (736 -1004.539612 64 ) 
4 198 272 (736 -1024 64 ) (736 -1024 96 ) (736 -1004.539612 96 ) (736 -1004.539612 64 ) 
4 198 264 (736 -1024 96 ) (736 -1024 144 ) (736 -1001.993896 144 ) (736 -1001.993896 96 ) 
4 198 261 (736 -1024 144 ) (736 -1024 152 ) (736 -1001.993896 152 ) (736 -1001.993896 144 ) 
4 198 234 (736 -1024 152 ) (736 -1024 192 ) (736 -1001.993896 192 ) (736 -1001.993896 152 ) 
4 198 233 (736 -1024 192 ) (736 -1024 216 ) (736 -784 216 ) (736 -784 192 ) 
4 198 200 (736 -1024 64 ) (736 -632 64 ) (800 -632 64 ) (800 -1024 64 ) 
4 199 200 (832 -1024 -32 ) (832 -1024 64 ) (832 -632 64 ) (832 -632 -32 ) 
4 200 273 (736 -1001.993896 -32 ) (736 -1004.539612 -32 ) (736 -1004.539612 64 ) (736 -1001.993896 64 ) 
4 200 272 (736 -1004.539612 -32 ) (736 -1024 -32 ) (736 -1024 64 ) (736 -1004.539612 64 ) 
4 201 302 (492 -912 688 ) (492 -928 688 ) (492 -928 912 ) (492 -912 912 ) 
3 201 231 (492 -928 688 ) (492 -912 688 ) (508 -928 688 ) 
4 201 202 (508 -928 780 ) (508 -928 912 ) (492 -928 912 ) (492 -928 780 ) 
4 201 203 (492 -928 688 ) (508 -928 688 ) (508 -928 780 ) (492 -928 780 ) 
4 202 302 (492 -1016 780 ) (492 -1016 912 ) (492 -928 912 ) (492 -928 780 ) 
4 202 203 (680 -1016 780 ) (492 -1016 780 ) (492 -928 780 ) (680 -928 780 ) 
4 202 204 (612 -1016 912 ) (492 -1016 912 ) (492 -1016 780 ) (680 -1016 780 ) 
4 203 302 (492 -928 688 ) (492 -1016 688 ) (492 -1016 780 ) (492 -928 780 ) 
4 203 232 (492 -1016 688 ) (492 -928 688 ) (736 -928 688 ) (736 -1016 688 ) 
4 203 204 (492 -1016 688 ) (736 -1016 688 ) (736 -1016 780 ) (492 -1016 780 ) 
4 204 302 (492 -1016 688 ) (492 -1024 688 ) (492 -1024 912 ) (492 -1016 912 ) 
4 204 232 (492 -1024 688 ) (492 -1016 688 ) (736 -1016 688 ) (736 -1024 688 ) 
4 205 212 (508 -224 676 ) (720 -224 676 ) (726 -230 676 ) (502 -230 676 ) 
4 206 212 (734 -238 676 ) (494 -238 676 ) (498 -234 676 ) (730 -234 676 ) 
3 206 209 (730 -238 676 ) (734 -238 676 ) (734 -238 684 ) 
3 206 208 (494 -238 676 ) (498 -238 676 ) (494 -238 684 ) 
4 206 207 (502 -238 676 ) (726 -238 676 ) (722 -238 684 ) (506 -238 684 ) 
4 207 228 (726 -408 676 ) (726 -418 676 ) (502 -418 676 ) (502 -408 676 ) 
4 207 226 (616 -408 676 ) (568 -408 676 ) (568 -360 676 ) (616 -360 676 ) 
4 207 225 (624 -408 676 ) (616 -408 676 ) (616 -360 676 ) (624 -360 676 ) 
4 207 227 (568 -408 676 ) (502 -408 676 ) (502 -360 676 ) (568 -360 676 ) 
4 207 224 (672 -408 676 ) (624 -408 676 ) (624 -360 676 ) (672 -360 676 ) 
4 207 223 (726 -360 676 ) (726 -408 676 ) (672 -408 676 ) (672 -360 676 ) 
4 207 220 (584 -288 676 ) (584 -240 676 ) (632 -240 676 ) (632 -288 676 ) 
4 207 221 (632 -360 676 ) (584 -360 676 ) (584 -288 676 ) (632 -288 676 ) 
4 207 222 (584 -360 676 ) (502 -360 676 ) (502 -240 676 ) (584 -240 676 ) 
4 207 216 (726 -318 676 ) (726 -334 676 ) (632 -334 676 ) (632 -318 676 ) 
4 207 215 (726 -240 676 ) (726 -318 676 ) (632 -318 676 ) (632 -240 676 ) 
4 207 219 (726 -334 676 ) (726 -360 676 ) (632 -360 676 ) (632 -334 676 ) 
4 207 212 (502 -238 676 ) (726 -238 676 ) (726 -240 676 ) (502 -240 676 ) 
4 207 210 (502 -418 676 ) (726 -418 676 ) (722 -418 684 ) (506 -418 684 ) 
4 208 292 (492 -416 688 ) (492 -240 688 ) (492 -240 676 ) (492 -416 676 ) 
5 208 228 (492 -416 676 ) (492 -408 676 ) (498 -408 676 ) (498 -418 676 ) (494 -418 676 ) 
4 208 227 (492 -408 676 ) (492 -360 676 ) (498 -360 676 ) (498 -408 676 ) 
4 208 222 (492 -360 676 ) (492 -240 676 ) (498 -240 676 ) (498 -360 676 ) 
4 208 212 (492 -240 676 ) (494 -238 676 ) (498 -238 676 ) (498 -240 676 ) 
3 208 210 (494 -418 676 ) (498 -418 676 ) (494 -418 684 ) 
5 209 228 (736 -408 676 ) (736 -416 676 ) (734 -418 676 ) (730 -418 676 ) (730 -408 676 ) 
4 209 223 (736 -360 676 ) (736 -408 676 ) (730 -408 676 ) (730 -360 676 ) 
4 209 216 (736 -318 676 ) (736 -334 676 ) (730 -334 676 ) (730 -318 676 ) 
4 209 215 (736 -240 676 ) (736 -318 676 ) (730 -318 676 ) (730 -240 676 ) 
4 209 219 (736 -334 676 ) (736 -360 676 ) (730 -360 676 ) (730 -334 676 ) 
4 209 212 (730 -238 676 ) (734 -238 676 ) (736 -240 676 ) (730 -240 676 ) 
3 209 210 (730 -418 676 ) (734 -418 676 ) (734 -418 684 ) 
4 210 228 (494 -418 676 ) (734 -418 676 ) (730 -422 676 ) (498 -422 676 ) 
4 211 228 (720 -432 676 ) (508 -432 676 ) (502 -426 676 ) (726 -426 676 ) 
4 212 220 (632 -240 676 ) (584 -240 676 ) (584 -240 448 ) (632 -240 448 ) 
4 212 222 (584 -240 676 ) (492 -240 676 ) (492 -240 424 ) (584 -240 424 ) 
4 212 215 (736 -240 424 ) (736 -240 676 ) (632 -240 676 ) (632 -240 424 ) 
4 212 214 (736 -240 424 ) (492 -240 424 ) (498 -234 424 ) (730 -234 424 ) 
4 212 213 (502 -230 424 ) (508 -224 424 ) (720 -224 424 ) (726 -230 424 ) 
4 214 222 (492 -240 412 ) (584 -240 412 ) (584 -240 424 ) (492 -240 424 ) 
4 214 215 (632 -240 412 ) (736 -240 412 ) (736 -240 424 ) (632 -240 424 ) 
4 215 220 (632 -240 676 ) (632 -240 448 ) (632 -288 448 ) (632 -288 676 ) 
4 215 221 (632 -288 412 ) (632 -318 412 ) (632 -318 676 ) (632 -288 676 ) 
4 215 217 (726.096130 -318 412 ) (731.434998 -318 412 ) (736 -318 413.807190 ) (736 -318 415.920776 ) 
5 215 216 (632 -318 676 ) (632 -318 412 ) (726.096130 -318 412 ) (736 -318 415.920776 ) (736 -318 676 ) 
4 216 221 (632 -318 412 ) (632 -334 412 ) (632 -334 676 ) (632 -318 676 ) 
4 216 218 (736 -334 415.919495 ) (726.098755 -334 412 ) (726.088196 -331.997009 412 ) (736 -331.997192 415.923706 ) 
4 216 217 (726.025208 -320.026550 412 ) (726.014526 -318 412 ) (736 -318 415.953064 ) (736 -320.026520 415.948822 ) 
5 216 219 (632 -334 676 ) (632 -334 412 ) (726.096130 -334 412 ) (736 -334 415.920776 ) (736 -334 676 ) 
4 218 219 (726.096130 -334 412 ) (731.435120 -334 412 ) (736 -334 413.807129 ) (736 -334 415.920776 ) 
4 219 224 (672 -360 504 ) (672 -360 676 ) (632 -360 676 ) (632 -360 504 ) 
4 219 223 (672 -360 412 ) (736 -360 412 ) (736 -360 676 ) (672 -360 676 ) 
4 219 221 (632 -334 412 ) (632 -360 412 ) (632 -360 676 ) (632 -334 676 ) 
4 220 221 (584 -288 676 ) (584 -288 448 ) (632 -288 448 ) (632 -288 676 ) 
4 220 222 (584 -240 676 ) (584 -240 448 ) (584 -288 448 ) (584 -288 676 ) 
4 221 226 (616 -360 448 ) (616 -360 676 ) (584 -360 676 ) (584 -360 448 ) 
4 221 225 (616 -360 412 ) (624 -360 412 ) (624 -360 676 ) (616 -360 676 ) 
4 221 224 (632 -360 504 ) (632 -360 676 ) (624 -360 676 ) (624 -360 504 ) 
4 221 222 (584 -288 412 ) (584 -360 412 ) (584 -360 676 ) (584 -288 676 ) 
4 222 292 (492 -360 676 ) (492 -240 676 ) (492 -240 412 ) (492 -360 412 ) 
4 222 226 (584 -360 448 ) (584 -360 676 ) (568 -360 676 ) (568 -360 448 ) 
4 222 227 (492 -360 412 ) (568 -360 412 ) (568 -360 676 ) (492 -360 676 ) 
4 223 229 (672 -408 412 ) (736 -408 412 ) (736 -408 424 ) (672 -408 424 ) 
4 223 228 (736 -408 424 ) (736 -408 676 ) (672 -408 676 ) (672 -408 424 ) 
4 223 224 (672 -360 676 ) (672 -360 504 ) (672 -408 504 ) (672 -408 676 ) 
4 224 228 (672 -408 504 ) (672 -408 676 ) (624 -408 676 ) (624 -408 504 ) 
4 224 225 (624 -360 676 ) (624 -360 504 ) (624 -408 504 ) (624 -408 676 ) 
4 225 229 (616 -408 412 ) (624 -408 412 ) (624 -408 424 ) (616 -408 424 ) 
4 225 228 (624 -408 424 ) (624 -408 676 ) (616 -408 676 ) (616 -408 424 ) 
4 225 226 (616 -360 676 ) (616 -360 448 ) (616 -408 448 ) (616 -408 676 ) 
4 226 228 (616 -408 448 ) (616 -408 676 ) (568 -408 676 ) (568 -408 448 ) 
4 226 227 (568 -360 676 ) (568 -360 448 ) (568 -408 448 ) (568 -408 676 ) 
4 227 292 (492 -408 676 ) (492 -360 676 ) (492 -360 412 ) (492 -408 412 ) 
4 227 229 (492 -408 412 ) (568 -408 412 ) (568 -408 424 ) (492 -408 424 ) 
4 227 228 (568 -408 424 ) (568 -408 676 ) (492 -408 676 ) (492 -408 424 ) 
4 228 292 (492 -416 676 ) (492 -408 676 ) (492 -408 424 ) (492 -416 424 ) 
4 228 230 (720 -432 424 ) (508 -432 424 ) (502 -426 424 ) (726 -426 424 ) 
6 228 229 (498 -422 424 ) (492 -416 424 ) (492 -408 424 ) (736 -408 424 ) (736 -416 424 ) (730 -422 424 ) 
4 229 292 (492 -416 424 ) (492 -408 424 ) (492 -408 412 ) (492 -416 412 ) 
4 231 302 (492 -912 280 ) (492 -928 280 ) (492 -928 688 ) (492 -912 688 ) 
4 231 232 (492 -928 280 ) (508 -928 280 ) (508 -928 688 ) (492 -928 688 ) 
4 232 302 (492 -928 280 ) (492 -1024 280 ) (492 -1024 688 ) (492 -928 688 ) 
4 232 236 (544 -928 280 ) (688 -928 280 ) (688 -1024 280 ) (544 -1024 280 ) 
4 232 233 (688 -928 280 ) (736 -928 280 ) (736 -1024 280 ) (688 -1024 280 ) 
4 233 236 (688 -1024 192 ) (688 -1024 280 ) (688 -784 280 ) (688 -784 192 ) 
4 233 234 (688 -1024 192 ) (688 -790.480591 192 ) (736 -1001.993896 192 ) (736 -1024 192 ) 
4 234 261 (736 -1001.993896 152 ) (736 -1024 152 ) (688 -1024 152 ) (688 -790.480530 152 ) 
4 234 236 (688 -790.480469 152 ) (688 -1024 152 ) (688 -1024 192 ) (688 -790.480530 192 ) 
4 235 280 (544 -256 152 ) (544 -400 152 ) (544 -400 264 ) (544 -256 264 ) 
4 235 266 (681.082886 -760 152 ) (688 -760 152 ) (688 -784 152 ) (686.529358 -784 152 ) 
4 235 261 (544 -784 152 ) (544 -760 152 ) (681.082886 -760 152 ) (686.529358 -784 152 ) 
4 235 255 (544 -760 152 ) (544 -400 152 ) (592 -400 152 ) (592 -760 152 ) 
4 235 250 (640 -400 152 ) (688 -400 152 ) (688 -760 152 ) (640 -760 152 ) 
4 235 254 (592 -400 152 ) (640 -400 152 ) (640 -760 152 ) (592 -760 152 ) 
4 235 248 (544 -80 152 ) (544 -38 152 ) (592 -38 152 ) (592 -80 152 ) 
4 235 247 (544 -38 152 ) (544 0 152 ) (592 0 152 ) (592 -38 152 ) 
4 235 249 (544 -400 152 ) (544 -80 152 ) (592 -80 152 ) (592 -400 152 ) 
4 235 246 (592 0 152 ) (688 0 152 ) (688 -400 152 ) (592 -400 152 ) 
4 235 236 (544 -784 264 ) (544 -784 152 ) (688 -784 152 ) (688 -784 264 ) 
3 236 266 (686.529297 -784 152 ) (688 -784 152 ) (688 -790.480530 152 ) 
5 236 261 (544 -1024 152 ) (544 -784 152 ) (686.529297 -784 152 ) (688 -790.480530 152 ) (688 -1024 152 ) 
3 237 241 (720 -388 152 ) (720 -352 152 ) (720 -368 144 ) 
10 238 241 (720 -256 -32 ) (720 -400 -32 ) (720 -400 88 ) (720 -388 120 ) (720 -368 136 ) (720 -352 144 ) (720 -304 144 ) (720 -288 136 ) (720 -268 120 ) (720 -256 96 ) 
4 239 241 (720 -304 152 ) (720 -256 152 ) (720 -268 136 ) (720 -288 144 ) 
3 239 240 (736 -268.031250 152 ) (722.687500 -301.312500 152 ) (720.025024 -288 144.012497 ) 
3 241 245 (704 -304 152 ) (704 -268 152 ) (704 -288 144 ) 
3 241 244 (704 -388 136 ) (704 -394 144 ) (704 -368 144 ) 
4 241 243 (704 -400 152 ) (704 -352 152 ) (704 -368 144 ) (704 -394 144 ) 
10 241 242 (704 -256 -32 ) (704 -400 -32 ) (704 -400 96 ) (704 -388 120 ) (704 -368 136 ) (704 -352 144 ) (704 -304 144 ) (704 -288 136 ) (704 -268 120 ) (704 -256 88 ) 
10 242 246 (688 -256 -32 ) (688 -400 -32 ) (688 -400 96 ) (688 -388 120 ) (688 -368 136 ) (688 -352 144 ) (688 -304 144 ) (688 -288 136 ) (688 -268 120 ) (688 -256 88 ) 
3 243 244 (704 -394 144 ) (688 -388 152 ) (704 -368 144 ) 
4 246 251 (640 -400 16 ) (640 -400 -32 ) (688 -400 -32 ) (688 -400 16 ) 
4 246 250 (688 -400 152 ) (640 -400 152 ) (640 -400 16 ) (688 -400 16 ) 
4 246 254 (640 -400 152 ) (592 -400 152 ) (592 -400 -32 ) (640 -400 -32 ) 
4 246 248 (592 -80 16 ) (592 -80 152 ) (592 -38 152 ) (592 -38 16 ) 
4 246 247 (592 0 -32 ) (592 -38 -32 ) (592 -38 152 ) (592 0 152 ) 
4 246 249 (592 -80 -32 ) (592 -400 -32 ) (592 -400 152 ) (592 -80 152 ) 
4 247 248 (592 -38 16 ) (592 -38 152 ) (544 -38 152 ) (544 -38 16 ) 
4 248 249 (592 -80 16 ) (592 -80 152 ) (544 -80 152 ) (544 -80 16 ) 
4 249 282 (544 -256 -32 ) (544 -400 -32 ) (544 -400 144 ) (544 -256 144 ) 
4 249 280 (544 -400 144 ) (544 -400 152 ) (544 -256 152 ) (544 -256 144 ) 
4 249 259 (544 -400 16 ) (544 -400 -32 ) (592 -400 -32 ) (592 -400 16 ) 
4 249 258 (544 -400 32 ) (544 -400 16 ) (592 -400 16 ) (592 -400 32 ) 
4 249 256 (544 -400 80 ) (544 -400 32 ) (592 -400 32 ) (592 -400 80 ) 
4 249 255 (592 -400 152 ) (544 -400 152 ) (544 -400 80 ) (592 -400 80 ) 
4 250 274 (640 -760 96 ) (640 -760 16 ) (656 -760 16 ) (656 -760 96 ) 
4 250 269 (656 -760 16 ) (688 -760 16 ) (688 -760 96 ) (656 -760 96 ) 
4 250 266 (688 -760 152 ) (681.082886 -760 152 ) (681.082886 -760 96 ) (688 -760 96 ) 
4 250 263 (640 -760 144 ) (640 -760 96 ) (681.082886 -760 96 ) (681.082886 -760 144 ) 
4 250 261 (681.082886 -760 152 ) (640 -760 152 ) (640 -760 144 ) (681.082886 -760 144 ) 
4 250 253 (640 -760 16 ) (640 -661 16 ) (688 -661 16 ) (688 -760 16 ) 
4 250 251 (640 -507 16 ) (640 -400 16 ) (688 -400 16 ) (688 -507 16 ) 
4 250 252 (640 -619 16 ) (640 -549 16 ) (688 -549 16 ) (688 -619 16 ) 
4 250 254 (640 -400 152 ) (640 -400 16 ) (640 -760 16 ) (640 -760 152 ) 
4 251 254 (640 -400 16 ) (640 -400 -32 ) (640 -507 -32 ) (640 -507 16 ) 
4 252 254 (640 -549 -32 ) (640 -619 -32 ) (640 -619 16 ) (640 -549 16 ) 
4 253 274 (640 -760 16 ) (640 -760 -32 ) (656 -760 -32 ) (656 -760 16 ) 
4 253 269 (656 -760 -32 ) (688 -760 -32 ) (688 -760 16 ) (656 -760 16 ) 
4 253 254 (640 -661 -32 ) (640 -760 -32 ) (640 -760 16 ) (640 -661 16 ) 
4 254 274 (592 -760 96 ) (592 -760 -32 ) (640 -760 -32 ) (640 -760 96 ) 
4 254 263 (621.853638 -760 96 ) (640 -760 96 ) (640 -760 144 ) (621.853638 -760 144 ) 
4 254 262 (592 -760 144 ) (592 -760 96 ) (621.853638 -760 96 ) (621.853638 -760 144 ) 
4 254 261 (640 -760 152 ) (592 -760 152 ) (592 -760 144 ) (640 -760 144 ) 
4 254 260 (592 -690 -32 ) (592 -718 -32 ) (592 -718 16 ) (592 -690 16 ) 
4 254 259 (592 -400 16 ) (592 -400 -32 ) (592 -648 -32 ) (592 -648 16 ) 
4 254 258 (592 -400 32 ) (592 -400 16 ) (592 -648 16 ) (592 -648 32 ) 
4 254 256 (592 -400 80 ) (592 -400 32 ) (592 -648 32 ) (592 -648 80 ) 
4 254 257 (592 -690 32 ) (592 -718 32 ) (592 -718 80 ) (592 -690 80 ) 
4 254 255 (592 -400 152 ) (592 -400 80 ) (592 -760 80 ) (592 -760 152 ) 
4 255 274 (544 -760 96 ) (544 -760 80 ) (592 -760 80 ) (592 -760 96 ) 
4 255 262 (544 -760 144 ) (544 -760 96 ) (592 -760 96 ) (592 -760 144 ) 
4 255 261 (592 -760 152 ) (544 -760 152 ) (544 -760 144 ) (592 -760 144 ) 
4 255 256 (544 -400 80 ) (592 -400 80 ) (592 -648 80 ) (544 -648 80 ) 
4 255 257 (592 -690 80 ) (592 -718 80 ) (544 -718 80 ) (544 -690 80 ) 
4 256 258 (544 -400 32 ) (592 -400 32 ) (592 -648 32 ) (544 -648 32 ) 
4 258 259 (544 -400 16 ) (592 -400 16 ) (592 -648 16 ) (544 -648 16 ) 
4 261 266 (681.078125 -760 144 ) (681.078125 -760 152 ) (688 -790.501465 152 ) (688 -790.501221 144 ) 
4 261 265 (717.213257 -919.161743 144 ) (726.391663 -959.606628 144 ) (725 -960 144 ) (714 -920 144 ) 
5 261 264 (726.391663 -959.606628 144 ) (736 -1001.946045 144 ) (736 -1024 144 ) (692.682922 -1024 144 ) (679 -973 144 ) 
4 261 263 (621.853638 -760 144 ) (681.093750 -760 144 ) (717.213257 -919.161743 144 ) (668 -932 144 ) 
4 261 262 (544 -1024 144 ) (544 -760 144 ) (621.853638 -760 144 ) (692.682922 -1024 144 ) 
6 262 277 (544 -842.272705 96 ) (544 -830.741943 96 ) (634.319214 -806.462524 96 ) (656 -887.272766 96 ) (656 -890.035950 96 ) (562 -911 96 ) 
3 262 276 (544 -1024 96 ) (544 -842.272705 96 ) (591.595276 -1024 96 ) 
3 262 275 (656 -1022.956909 96 ) (656 -1024 96 ) (651.469177 -1024 96 ) 
4 262 274 (544 -830.741943 96 ) (544 -760 96 ) (621.853638 -760 96 ) (634.319214 -806.462524 96 ) 
4 262 272 (690.285400 -1015.063843 96 ) (692.682922 -1024 96 ) (656 -1024 96 ) (656 -1022.956909 96 ) 
3 262 271 (656 -887.272766 96 ) (656.699463 -889.879944 96 ) (656 -890.035889 96 ) 
4 262 264 (678.992737 -973.002014 144 ) (692.675659 -1024 144 ) (692.687500 -1024 96 ) (679.004272 -972.998779 96 ) 
4 262 263 (621.843750 -760 144 ) (667.992310 -932.001953 144 ) (668.004272 -931.998840 96 ) (621.858215 -760 96 ) 
3 263 277 (656 -800.634460 96 ) (656 -887.272705 96 ) (634.319214 -806.462585 96 ) 
4 263 274 (621.853638 -760 96 ) (656 -760 96 ) (656 -800.634460 96 ) (634.319214 -806.462585 96 ) 
4 263 273 (707.962769 -878.447083 96 ) (717.203003 -919.164368 96 ) (711.717224 -920.595459 96 ) (701 -880 96 ) 
5 263 271 (707.634399 -877 96 ) (707.962769 -878.447083 96 ) (656.699524 -889.879944 96 ) (656 -887.272705 96 ) (656 -877 96 ) 
5 263 270 (698.103088 -835 96 ) (704 -860.984924 96 ) (704 -877 96 ) (656 -877 96 ) (656 -835 96 ) 
3 263 268 (688 -790.480469 96 ) (698.103088 -835 96 ) (688 -835 96 ) 
5 263 269 (656 -760 96 ) (681.082886 -760 96 ) (688 -790.480469 96 ) (688 -835 96 ) (656 -835 96 ) 
3 263 267 (704 -860.984924 96 ) (707.634399 -877 96 ) (704 -877 96 ) 
4 263 266 (688 -790.499573 96 ) (681.078125 -760 96 ) (681.078125 -760 144 ) (688 -790.501160 144 ) 
4 263 265 (714.001099 -920.004028 96 ) (717.250000 -919.156250 96 ) (717.250000 -919.156250 144 ) (714.001099 -920.004028 144 ) 
5 264 273 (726.381470 -959.609558 96 ) (736 -1001.993896 96 ) (736 -1004.539612 96 ) (734 -1005 96 ) (722.319946 -960.757385 96 ) 
4 264 272 (736 -1004.539612 96 ) (736 -1024 96 ) (692.682922 -1024 96 ) (690.285400 -1015.063843 96 ) 
4 264 265 (725.005005 -960.018494 144 ) (726.385742 -959.628296 144 ) (726.385742 -959.628296 96 ) (725.005005 -960.018494 96 ) 
4 265 273 (717.203003 -919.164368 96 ) (726.381470 -959.609558 96 ) (725 -960 96 ) (714 -920 96 ) 
3 266 269 (681.082886 -760 96 ) (688 -760 96 ) (688 -790.480469 96 ) 
4 267 271 (704 -877 -32 ) (707.634399 -877 -32 ) (707.634399 -877 96 ) (704 -877 96 ) 
4 267 270 (704 -877 16 ) (704 -877 96 ) (704 -860.984741 96 ) (704 -860.984741 16 ) 
4 268 270 (698.103088 -835 16 ) (698.103088 -835 96 ) (688 -835 96 ) (688 -835 16 ) 
4 268 269 (688 -835 -32 ) (688 -835 96 ) (688 -790.480530 96 ) (688 -790.480530 -32 ) 
4 269 279 (656 -800.634460 48 ) (656 -800.634460 -32 ) (656 -835 -32 ) (656 -835 48 ) 
4 269 277 (656 -835 96 ) (656 -800.634460 96 ) (656 -800.634460 48 ) (656 -835 48 ) 
4 269 274 (656 -800.634460 96 ) (656 -760 96 ) (656 -760 -32 ) (656 -800.634460 -32 ) 
4 269 270 (656 -835 96 ) (656 -835 16 ) (688 -835 16 ) (688 -835 96 ) 
4 270 279 (656 -835 48 ) (656 -835 16 ) (656 -877 16 ) (656 -877 48 ) 
4 270 277 (656 -877 96 ) (656 -835 96 ) (656 -835 48 ) (656 -877 48 ) 
4 270 271 (656 -877 96 ) (656 -877 16 ) (704 -877 16 ) (704 -877 96 ) 
4 271 279 (656 -877 48 ) (656 -877 -32 ) (656 -890.035889 -32 ) (656 -890.035889 48 ) 
4 271 277 (656 -890.035889 96 ) (656 -877 96 ) (656 -877 48 ) (656 -890.035889 48 ) 
4 271 273 (701 -880 -32 ) (707.968750 -878.445313 -32 ) (707.968750 -878.445313 96 ) (701 -880 96 ) 
4 272 275 (656 -1024 -32 ) (656 -1024 96 ) (656 -1022.956909 96 ) (656 -1022.956909 -32 ) 
4 272 273 (734.002686 -1005.010376 96 ) (736 -1004.550537 96 ) (736 -1004.550537 -32 ) (734.002686 -1005.010376 -32 ) 
4 274 279 (656 -800.625000 -32 ) (656 -800.625000 48 ) (609.997681 -812.991211 48 ) (609.997681 -812.991211 -32 ) 
4 274 277 (656 -800.625000 48 ) (656 -800.625000 96 ) (544 -830.732544 96 ) (544 -830.732544 48 ) 
3 276 278 (591.595215 -1024 48 ) (545.160034 -1024 48 ) (588.541016 -1012.338501 48 ) 
4 276 277 (562 -911 48 ) (544 -842.272705 48 ) (544 -842.272705 96 ) (562 -911 96 ) 
4 277 279 (609.998657 -812.994873 48 ) (656 -800.628906 48 ) (656 -890.035950 48 ) (632.139099 -895.357422 48 ) 
4 280 282 (536 -256 144 ) (544 -256 144 ) (544 -400 144 ) (536 -400 144 ) 
4 280 281 (536 -256 146.666672 ) (536 -256 144 ) (536 -400 144 ) (536 -400 146.666672 ) 
4 281 291 (506 -274.400116 144 ) (506 -298.879974 144 ) (506 -304 146.666672 ) (506 -268 146.666672 ) 
4 281 289 (506 -357.119965 144 ) (506 -398.079987 144 ) (506 -400 146.666672 ) (506 -352 146.666672 ) 
4 281 287 (506 -400 144 ) (506 -256 144 ) (512 -256 144 ) (512 -400 144 ) 
3 281 286 (528 -368 144 ) (512 -388 144 ) (512 -352 144 ) 
4 281 284 (512 -256 144 ) (528 -268 144 ) (528 -288 144 ) (512 -304 144 ) 
4 281 282 (528 -256 144 ) (536 -256 144 ) (536 -400 144 ) (528 -400 144 ) 
10 282 283 (528 -256 -32 ) (528 -400 -32 ) (528 -400 80 ) (528 -388 112 ) (528 -368 128 ) (528 -352 136 ) (528 -304 136 ) (528 -288 128 ) (528 -268 112 ) (528 -256 88 ) 
10 283 287 (512 -256 -32 ) (512 -400 -32 ) (512 -400 80 ) (512 -388 112 ) (512 -368 128 ) (512 -352 136 ) (512 -304 136 ) (512 -288 128 ) (512 -268 112 ) (512 -256 88 ) 
4 284 287 (512 -304 144 ) (512 -256 144 ) (512 -262 136 ) (512 -288 136 ) 
3 284 285 (512 -288 136 ) (512 -262 136 ) (528 -268 144 ) 
3 285 287 (512 -288 136 ) (512 -262 136 ) (512 -268 128 ) 
3 286 287 (512 -388 144 ) (512 -352 144 ) (512 -368 136 ) 
3 287 291 (506 -298.879974 144 ) (506 -274.400116 144 ) (506 -288 138.333344 ) 
3 287 290 (506 -388 130 ) (506 -394 138.333313 ) (506 -368 138.333313 ) 
4 287 289 (506 -398.079987 144 ) (506 -357.119965 144 ) (506 -368 138.333313 ) (506 -394 138.333313 ) 
10 287 288 (506 -256 -32 ) (506 -400 -32 ) (506 -400 88.333336 ) (506 -388 113.333344 ) (506 -368 130 ) (506 -352 138.333328 ) (506 -304 138.333328 ) (506 -288 130 ) (506 -268 113.333336 ) (506 -256 80 ) 
4 288 315 (492 -256 -32 ) (492 -400 -32 ) (492 -400 64 ) (492 -256 64 ) 
10 288 299 (492 -400 64 ) (492 -400 88.333336 ) (492 -388 113.333344 ) (492 -368 130 ) (492 -352 138.333328 ) (492 -304 138.333328 ) (492 -288 130 ) (492 -268 113.333351 ) (492 -256 80 ) (492 -256 64 ) 
4 289 295 (492 -392.363647 146.666672 ) (492 -362.181793 146.666672 ) (492 -368 143.636353 ) (492 -390.181824 143.636353 ) 
4 289 290 (506 -393.889252 138.325836 ) (492 -390.071075 143.628876 ) (492 -380.747986 143.627747 ) (506 -368.025482 138.322708 ) 
3 290 296 (492 -388 140.606049 ) (492 -390.181824 143.636353 ) (492 -380.727234 143.636353 ) 
3 291 298 (492 -293.818207 146.666672 ) (492 -280.727295 146.666672 ) (492 -288 143.636368 ) 
4 292 308 (444 0 912 ) (444 0 208 ) (444 -32 208 ) (444 -32 912 ) 
4 292 309 (444 -32 208 ) (444 -682 208 ) (444 -682 912 ) (444 -32 912 ) 
4 292 302 (444 -682 912 ) (444 -682 208 ) (492 -682 208 ) (492 -682 912 ) 
4 292 293 (492 -682 208 ) (444 -682 208 ) (444 -32 208 ) (492 -32 208 ) 
4 293 309 (444 -32 146.666672 ) (444 -682 146.666672 ) (444 -682 208 ) (444 -32 208 ) 
4 293 303 (444 -682 175 ) (444 -682 146.666672 ) (492 -682 146.666672 ) (492 -682 175 ) 
4 293 302 (444 -682 208 ) (444 -682 175 ) (492 -682 175 ) (492 -682 208 ) 
4 293 301 (484 -682 146.666672 ) (444 -682 146.666672 ) (444 -32 146.666672 ) (484 -32 146.666672 ) 
3 293 298 (484 -288 146.666672 ) (492 -280.727295 146.666672 ) (492 -293.818176 146.666672 ) 
4 293 295 (484 -388 146.666672 ) (484 -368 146.666672 ) (492 -362.181763 146.666672 ) (492 -392.363647 146.666672 ) 
4 293 297 (492 -682 146.666672 ) (484 -682 146.666672 ) (484 -400 146.666672 ) (492 -400 146.666672 ) 
4 293 294 (484 -256 146.666672 ) (484 -32 146.666672 ) (492 -32 146.666672 ) (492 -256 146.666672 ) 
4 294 315 (492 -32 64 ) (492 -256 64 ) (484 -256 64 ) (484 -32 64 ) 
4 294 301 (484 -32 64 ) (484 -256 64 ) (484 -256 146.666672 ) (484 -32 146.666672 ) 
4 294 299 (484 -256 80 ) (484 -256 64 ) (492 -256 64 ) (492 -256 80 ) 
3 295 296 (492 -390.077789 143.622452 ) (484.116486 -387.927338 146.608688 ) (492 -380.759918 143.622711 ) 
4 297 303 (492 -682 138.333328 ) (492 -682 146.666672 ) (484 -682 146.666672 ) (484 -682 138.333328 ) 
4 297 301 (484 -682 138.333328 ) (484 -682 146.666672 ) (484 -400 146.666672 ) (484 -400 138.333328 ) 
4 297 300 (492 -682 138.333328 ) (484 -682 138.333328 ) (484 -400 138.333328 ) (492 -400 138.333328 ) 
4 299 315 (492 -256 64 ) (492 -400 64 ) (484 -400 64 ) (484 -256 64 ) 
10 299 301 (484 -256 64 ) (484 -400 64 ) (484 -400 88.333328 ) (484 -388 113.333321 ) (484 -368 130 ) (484 -352 138.333328 ) (484 -304 138.333328 ) (484 -288 130 ) (484 -268 113.333313 ) (484 -256 80 ) 
4 299 300 (484 -400 88.333328 ) (484 -400 64 ) (492 -400 64 ) (492 -400 88.333328 ) 
4 300 315 (492 -400 64 ) (492 -538 64 ) (484 -538 64 ) (484 -400 64 ) 
4 300 303 (492 -682 120 ) (492 -682 138.333328 ) (484 -682 138.333328 ) (484 -682 120 ) 
4 300 301 (484 -400 64 ) (484 -682 64 ) (484 -682 138.333328 ) (484 -400 138.333328 ) 
4 301 315 (484 -32 64 ) (484 -538 64 ) (444 -538 64 ) (444 -32 64 ) 
4 301 309 (444 -32 64 ) (444 -682 64 ) (444 -682 146.666672 ) (444 -32 146.666672 ) 
4 301 303 (444 -682 146.666672 ) (444 -682 120 ) (484 -682 120 ) (484 -682 146.666672 ) 
4 302 309 (444 -1024 175 ) (444 -1024 912 ) (444 -682 912 ) (444 -682 175 ) 
4 302 303 (444 -698 175 ) (444 -682 175 ) (492 -682 175 ) (492 -698 175 ) 
4 302 304 (444 -1024 175 ) (444 -876 175 ) (492 -876 175 ) (492 -1024 175 ) 
4 303 309 (444 -698 175 ) (444 -682 175 ) (444 -682 120 ) (444 -698 120 ) 
4 304 309 (444 -1024 120 ) (444 -1024 175 ) (444 -876 175 ) (444 -876 120 ) 
4 304 305 (444 -1024 120 ) (444 -876 120 ) (492 -876 120 ) (492 -1024 120 ) 
4 305 309 (444 -1024 112 ) (444 -1024 120 ) (444 -876 120 ) (444 -876 112 ) 
4 305 307 (444 -1024 112 ) (444 -876 112 ) (492 -876 112 ) (492 -1024 112 ) 
4 306 309 (444 -724 64 ) (444 -834 64 ) (444 -834 112 ) (444 -724 112 ) 
4 307 316 (492 -1018 64 ) (492 -1024 64 ) (444 -1024 64 ) (444 -1018 64 ) 
4 307 309 (444 -876 64 ) (444 -1024 64 ) (444 -1024 112 ) (444 -876 112 ) 
4 308 309 (348 -32 912 ) (348 -32 208 ) (444 -32 208 ) (444 -32 912 ) 
4 308 310 (348 -32 208 ) (348 -32 912 ) (348 0 912 ) (348 0 208 ) 
4 309 323 (354 -1024 64 ) (348 -1024 64 ) (348 -32 64 ) (354 -32 64 ) 
4 309 319 (402 -1024 64 ) (354 -1024 64 ) (354 -32 64 ) (402 -32 64 ) 
4 309 316 (444 -1018 64 ) (444 -1024 64 ) (402 -1024 64 ) (402 -1018 64 ) 
4 309 315 (444 -32 64 ) (444 -538 64 ) (402 -538 64 ) (402 -32 64 ) 
4 309 310 (348 -32 64 ) (348 -1024 64 ) (348 -1024 912 ) (348 -32 912 ) 
4 310 332 (184 -1024 64 ) (312 -1024 64 ) (312 -1024 160 ) (184 -1024 160 ) 
4 310 325 (112 0 64 ) (128 0 64 ) (128 -744 64 ) (112 -744 64 ) 
4 310 324 (128 0 64 ) (348 0 64 ) (348 -1024 64 ) (128 -1024 64 ) 
4 310 312 (112 0 64 ) (112 -832 64 ) (112 -832 112 ) (112 0 112 ) 
4 310 313 (112 -928 64 ) (112 -1024 64 ) (112 -1024 112 ) (112 -928 112 ) 
4 310 311 (112 -1024 112 ) (112 -1024 912 ) (112 0 912 ) (112 0 112 ) 
4 311 405 (0 -924 112 ) (0 -1020 112 ) (0 -1020 912 ) (0 -924 912 ) 
4 311 406 (0 -1020 112 ) (0 -1024 112 ) (0 -1024 912 ) (0 -1020 912 ) 
4 311 399 (0 -480 112 ) (0 -924 112 ) (0 -924 912 ) (0 -480 912 ) 
4 311 396 (0 -384 112 ) (0 -480 112 ) (0 -480 912 ) (0 -384 912 ) 
4 311 390 (0 0 912 ) (0 0 112 ) (0 -384 112 ) (0 -384 912 ) 
4 311 312 (112 0 112 ) (112 -832 112 ) (64 -832 112 ) (64 0 112 ) 
4 311 313 (112 -928 112 ) (112 -1024 112 ) (64 -1024 112 ) (64 -928 112 ) 
4 311 314 (64 -1024 112 ) (0 -1024 112 ) (0 0 112 ) (64 0 112 ) 
4 312 325 (64 0 64 ) (112 0 64 ) (112 -744 64 ) (64 -744 64 ) 
4 312 314 (64 0 64 ) (64 -832 64 ) (64 -832 112 ) (64 0 112 ) 
4 313 314 (64 -928 64 ) (64 -1024 64 ) (64 -1024 112 ) (64 -928 112 ) 
4 314 405 (0 -924 64 ) (0 -1020 64 ) (0 -1020 112 ) (0 -924 112 ) 
4 314 406 (0 -1020 64 ) (0 -1024 64 ) (0 -1024 112 ) (0 -1020 112 ) 
4 314 403 (0 -624 64 ) (0 -924 64 ) (0 -924 96 ) (0 -624 96 ) 
4 314 402 (0 -480 64 ) (0 -624 64 ) (0 -624 96 ) (0 -480 96 ) 
4 314 399 (0 -924 96 ) (0 -924 112 ) (0 -480 112 ) (0 -480 96 ) 
4 314 396 (0 -384 64 ) (0 -480 64 ) (0 -480 112 ) (0 -384 112 ) 
4 314 390 (0 0 112 ) (0 0 64 ) (0 -384 64 ) (0 -384 112 ) 
4 314 327 (0 0 64 ) (16 0 64 ) (16 -924 64 ) (0 -924 64 ) 
4 314 328 (16 -1020 64 ) (16 -1024 64 ) (0 -1024 64 ) (0 -1020 64 ) 
4 314 326 (16 0 64 ) (32 0 64 ) (32 -1024 64 ) (16 -1024 64 ) 
4 314 325 (32 0 64 ) (64 0 64 ) (64 -744 64 ) (32 -744 64 ) 
4 315 320 (402 -32 -32 ) (402 -538 -32 ) (402 -538 16 ) (402 -32 16 ) 
4 315 319 (402 -538 16 ) (402 -538 64 ) (402 -32 64 ) (402 -32 16 ) 
4 316 319 (402 -1024 16 ) (402 -1024 64 ) (402 -1018 64 ) (402 -1018 16 ) 
4 316 318 (402 -1024 16 ) (402 -1018 16 ) (450 -1018 16 ) (450 -1024 16 ) 
4 316 317 (450 -1018 16 ) (492 -1018 16 ) (492 -1024 16 ) (450 -1024 16 ) 
4 317 318 (450 -1024 -32 ) (450 -1024 16 ) (450 -1018 16 ) (450 -1018 -32 ) 
4 318 322 (402 -1018 -32 ) (402 -1024 -32 ) (402 -1024 16 ) (402 -1018 16 ) 
4 319 323 (354 -1024 16 ) (354 -1024 64 ) (354 -32 64 ) (354 -32 16 ) 
4 319 322 (354 -1024 16 ) (354 -922 16 ) (402 -922 16 ) (402 -1024 16 ) 
4 319 321 (354 -826 16 ) (354 -712 16 ) (402 -712 16 ) (402 -826 16 ) 
4 319 320 (354 -664 16 ) (354 -32 16 ) (402 -32 16 ) (402 -664 16 ) 
4 320 323 (354 -32 -32 ) (354 -664 -32 ) (354 -664 16 ) (354 -32 16 ) 
4 321 323 (354 -712 -32 ) (354 -826 -32 ) (354 -826 16 ) (354 -712 16 ) 
4 322 323 (354 -922 -32 ) (354 -1024 -32 ) (354 -1024 16 ) (354 -922 16 ) 
4 323 324 (348 -32 -32 ) (348 -1024 -32 ) (348 -1024 64 ) (348 -32 64 ) 
4 324 332 (184 -1024 -32 ) (312 -1024 -32 ) (312 -1024 64 ) (184 -1024 64 ) 
4 324 325 (128 0 -32 ) (128 -744 -32 ) (128 -744 64 ) (128 0 64 ) 
4 325 326 (32 0 -32 ) (32 -744 -32 ) (32 -744 64 ) (32 0 64 ) 
4 326 327 (16 0 -32 ) (16 -924 -32 ) (16 -924 64 ) (16 0 64 ) 
4 326 328 (16 -1020 -32 ) (16 -1024 -32 ) (16 -1024 64 ) (16 -1020 64 ) 
4 327 403 (0 -624 -32 ) (0 -924 -32 ) (0 -924 64 ) (0 -624 64 ) 
4 327 402 (0 -480 -32 ) (0 -624 -32 ) (0 -624 64 ) (0 -480 64 ) 
4 327 397 (0 -384 -32 ) (0 -480 -32 ) (0 -480 16 ) (0 -384 16 ) 
4 327 396 (0 -480 16 ) (0 -480 64 ) (0 -384 64 ) (0 -384 16 ) 
4 327 390 (0 0 64 ) (0 0 -32 ) (0 -384 -32 ) (0 -384 64 ) 
4 328 406 (0 -1020 -32 ) (0 -1024 -32 ) (0 -1024 64 ) (0 -1020 64 ) 
3 329 331 (1344 -1028 160 ) (1344 -1028 159.536331 ) (1344.480713 -1028 160 ) 
5 330 331 (1344 -1028 137.605850 ) (1344 -1028 -32 ) (1472 -1028 -32 ) (1472 -1028 160 ) (1367.258423 -1028 160 ) 
4 331 339 (1344 -1068 -32 ) (1384 -1068 -32 ) (1384 -1068 160 ) (1344 -1068 160 ) 
4 331 338 (1384 -1068 -32 ) (1464 -1068 -32 ) (1464 -1068 160 ) (1384 -1068 160 ) 
4 331 334 (1468 -1068 -32 ) (1472 -1068 -32 ) (1472 -1068 16 ) (1468 -1068 16 ) 
4 331 337 (1464 -1068 -32 ) (1468 -1068 -32 ) (1468 -1068 16 ) (1464 -1068 16 ) 
4 331 333 (1472 -1068 16 ) (1472 -1068 160 ) (1464 -1068 160 ) (1464 -1068 16 ) 
4 332 359 (184 -1068 -32 ) (192 -1068 -32 ) (192 -1068 16 ) (184 -1068 16 ) 
4 332 354 (308 -1068 -32 ) (312 -1068 -32 ) (312 -1068 16 ) (308 -1068 16 ) 
4 332 355 (192 -1068 -32 ) (308 -1068 -32 ) (308 -1068 16 ) (192 -1068 16 ) 
4 332 351 (312 -1068 16 ) (312 -1068 160 ) (184 -1068 160 ) (184 -1068 16 ) 
4 333 374 (1464 -2064 152 ) (1464 -2064 16 ) (1496 -2064 16 ) (1496 -2064 152 ) 
4 333 349 (1464 -2032 16 ) (1464 -2064 16 ) (1464 -2064 160 ) (1464 -2032 160 ) 
4 333 347 (1464 -2000 16 ) (1464 -2032 16 ) (1464 -2032 160 ) (1464 -2000 160 ) 
4 333 342 (1464 -1968 16 ) (1464 -2000 16 ) (1464 -2000 160 ) (1464 -1968 160 ) 
4 333 341 (1464 -1472 16 ) (1464 -1968 16 ) (1464 -1968 160 ) (1464 -1472 160 ) 
4 333 338 (1464 -1068 160 ) (1464 -1068 16 ) (1464 -1472 16 ) (1464 -1472 160 ) 
4 333 336 (1516 -1484 16 ) (1516 -2064 16 ) (1468 -2064 16 ) (1468 -1484 16 ) 
4 333 335 (1516 -1324 16 ) (1516 -1436 16 ) (1468 -1436 16 ) (1468 -1324 16 ) 
4 333 334 (1468 -1068 16 ) (1516 -1068 16 ) (1516 -1228 16 ) (1468 -1228 16 ) 
4 333 337 (1464 -2064 16 ) (1464 -1068 16 ) (1468 -1068 16 ) (1468 -2064 16 ) 
4 334 337 (1468 -1228 16 ) (1468 -1068 16 ) (1468 -1068 -32 ) (1468 -1228 -32 ) 
4 335 337 (1468 -1436 16 ) (1468 -1324 16 ) (1468 -1324 -32 ) (1468 -1436 -32 ) 
4 336 374 (1468 -2064 -32 ) (1496 -2064 -32 ) (1496 -2064 16 ) (1468 -2064 16 ) 
4 336 337 (1468 -2064 -32 ) (1468 -2064 16 ) (1468 -1484 16 ) (1468 -1484 -32 ) 
4 337 374 (1464 -2064 -32 ) (1468 -2064 -32 ) (1468 -2064 16 ) (1464 -2064 16 ) 
4 337 347 (1464 -2032 0 ) (1464 -2032 16 ) (1464 -2000 16 ) (1464 -2000 0 ) 
4 337 342 (1464 -2000 -16 ) (1464 -2000 16 ) (1464 -1968 16 ) (1464 -1968 -16 ) 
4 337 341 (1464 -1472 -32 ) (1464 -1968 -32 ) (1464 -1968 16 ) (1464 -1472 16 ) 
4 337 338 (1464 -1068 16 ) (1464 -1068 -32 ) (1464 -1472 -32 ) (1464 -1472 16 ) 
4 338 341 (1464 -1472 -32 ) (1464 -1472 160 ) (1384 -1472 160 ) (1384 -1472 -32 ) 
4 338 340 (1384 -1472 64 ) (1384 -1472 160 ) (1384 -1376 160 ) (1384 -1376 64 ) 
4 338 339 (1384 -1376 160 ) (1384 -1068 160 ) (1384 -1068 -32 ) (1384 -1376 -32 ) 
4 339 340 (1384 -1376 64 ) (1384 -1376 160 ) (1292 -1376 160 ) (1292 -1376 64 ) 
4 340 344 (1340 -1472 160 ) (1292 -1472 160 ) (1292 -1472 64 ) (1340 -1472 64 ) 
4 340 341 (1384 -1472 160 ) (1344 -1472 160 ) (1344 -1472 64 ) (1384 -1472 64 ) 
4 340 343 (1344 -1472 160 ) (1340 -1472 160 ) (1340 -1472 64 ) (1344 -1472 64 ) 
4 341 342 (1344 -1968 160 ) (1344 -1968 -16 ) (1464 -1968 -16 ) (1464 -1968 160 ) 
4 341 343 (1344 -1472 160 ) (1344 -1472 -32 ) (1344 -1968 -32 ) (1344 -1968 160 ) 
4 342 347 (1464 -2000 0 ) (1464 -2000 160 ) (1344 -2000 160 ) (1344 -2000 0 ) 
4 342 343 (1344 -2000 -16 ) (1344 -2000 160 ) (1344 -1968 160 ) (1344 -1968 -16 ) 
4 343 348 (1340 -2000 -32 ) (1344 -2000 -32 ) (1344 -2000 160 ) (1340 -2000 160 ) 
4 343 346 (1340 -1768 -32 ) (1340 -2000 -32 ) (1340 -2000 16 ) (1340 -1768 16 ) 
4 343 345 (1340 -1472 16 ) (1340 -1472 -32 ) (1340 -1672 -32 ) (1340 -1672 16 ) 
4 343 344 (1340 -1472 160 ) (1340 -1472 16 ) (1340 -2000 16 ) (1340 -2000 160 ) 
4 344 348 (1292 -2000 160 ) (1292 -2000 16 ) (1340 -2000 16 ) (1340 -2000 160 ) 
4 344 346 (1340 -1768 16 ) (1340 -2000 16 ) (1292 -2000 16 ) (1292 -1768 16 ) 
4 344 345 (1292 -1472 16 ) (1340 -1472 16 ) (1340 -1672 16 ) (1292 -1672 16 ) 
4 346 348 (1292 -2000 16 ) (1292 -2000 -32 ) (1340 -2000 -32 ) (1340 -2000 16 ) 
4 347 349 (1464 -2032 16 ) (1464 -2032 160 ) (1344 -2032 160 ) (1344 -2032 16 ) 
4 347 348 (1344 -2032 0 ) (1344 -2032 160 ) (1344 -2000 160 ) (1344 -2000 0 ) 
4 348 350 (1344 -2032 160 ) (1292 -2032 160 ) (1292 -2032 -32 ) (1344 -2032 -32 ) 
4 349 375 (1464 -2064 32 ) (1464 -2064 152 ) (1344 -2064 152 ) (1344 -2064 32 ) 
4 349 350 (1344 -2032 160 ) (1344 -2032 16 ) (1344 -2064 16 ) (1344 -2064 160 ) 
4 350 376 (1292 -2064 -32 ) (1344 -2064 -32 ) (1344 -2064 152 ) (1292 -2064 152 ) 
4 351 378 (344 -2064 16 ) (360 -2064 16 ) (360 -2064 32 ) (344 -2064 32 ) 
4 351 377 (184 -2064 160 ) (184 -2064 32 ) (360 -2064 32 ) (360 -2064 160 ) 
4 351 366 (184 -2032 16 ) (184 -2000 16 ) (344 -2000 16 ) (344 -2032 16 ) 
4 351 365 (360 -2000 16 ) (360 -2064 16 ) (344 -2064 16 ) (344 -2000 16 ) 
4 351 363 (192 -1968 16 ) (192 -2000 16 ) (184 -2000 16 ) (184 -1968 16 ) 
4 351 362 (192 -1856 16 ) (192 -1968 16 ) (184 -1968 16 ) (184 -1856 16 ) 
4 351 361 (192 -1664 16 ) (192 -1760 16 ) (184 -1760 16 ) (184 -1664 16 ) 
4 351 359 (184 -1068 16 ) (192 -1068 16 ) (192 -1568 16 ) (184 -1568 16 ) 
4 351 358 (344 -2000 16 ) (192 -2000 16 ) (192 -1968 16 ) (344 -1968 16 ) 
4 351 357 (192 -1968 16 ) (192 -1160 16 ) (344 -1160 16 ) (344 -1968 16 ) 
4 351 356 (356 -1160 16 ) (356 -2000 16 ) (344 -2000 16 ) (344 -1160 16 ) 
4 351 354 (308 -1068 16 ) (356 -1068 16 ) (356 -1112 16 ) (308 -1112 16 ) 
4 351 355 (192 -1068 16 ) (308 -1068 16 ) (308 -1160 16 ) (192 -1160 16 ) 
4 351 353 (356 -1068 16 ) (360 -1068 16 ) (360 -2000 16 ) (356 -2000 16 ) 
4 351 352 (184 -1069 16 ) (184 -2064 16 ) (184 -2064 160 ) (184 -1069 160 ) 
4 352 379 (144 -2064 32 ) (144 -2064 16 ) (160 -2064 16 ) (160 -2064 32 ) 
4 352 377 (144 -2064 160 ) (144 -2064 32 ) (184 -2064 32 ) (184 -2064 160 ) 
4 352 368 (144 -2064 16 ) (144 -2032 16 ) (160 -2032 16 ) (160 -2064 16 ) 
4 352 366 (160 -2000 16 ) (184 -2000 16 ) (184 -2032 16 ) (160 -2032 16 ) 
4 352 367 (144 -2032 16 ) (144 -2000 16 ) (160 -2000 16 ) (160 -2032 16 ) 
4 352 363 (184 -1968 16 ) (184 -2000 16 ) (160 -2000 16 ) (160 -1968 16 ) 
4 352 362 (160 -1856 16 ) (184 -1856 16 ) (184 -1968 16 ) (160 -1968 16 ) 
4 352 364 (144 -2000 16 ) (144 -1856 16 ) (160 -1856 16 ) (160 -2000 16 ) 
4 352 361 (144 -1760 16 ) (144 -1664 16 ) (184 -1664 16 ) (184 -1760 16 ) 
4 352 360 (144 -1568 16 ) (144 -1069 16 ) (184 -1069 16 ) (184 -1568 16 ) 
4 353 365 (360 -2000 16 ) (356 -2000 16 ) (356 -2000 -32 ) (360 -2000 -32 ) 
4 353 356 (356 -2000 -32 ) (356 -2000 16 ) (356 -1160 16 ) (356 -1160 -32 ) 
4 353 354 (356 -1112 16 ) (356 -1068 16 ) (356 -1068 -32 ) (356 -1112 -32 ) 
4 354 355 (308 -1112 16 ) (308 -1068 16 ) (308 -1068 -32 ) (308 -1112 -32 ) 
4 355 359 (192 -1160 16 ) (192 -1068 16 ) (192 -1068 -32 ) (192 -1160 -32 ) 
4 355 357 (192 -1160 16 ) (192 -1160 -32 ) (308 -1160 -32 ) (308 -1160 16 ) 
4 356 365 (356 -2000 16 ) (344 -2000 16 ) (344 -2000 -32 ) (356 -2000 -32 ) 
4 356 358 (344 -2000 -16 ) (344 -2000 16 ) (344 -1968 16 ) (344 -1968 -16 ) 
4 356 357 (344 -1160 16 ) (344 -1160 -32 ) (344 -1968 -32 ) (344 -1968 16 ) 
4 357 362 (192 -1968 16 ) (192 -1856 16 ) (192 -1856 -32 ) (192 -1968 -32 ) 
4 357 361 (192 -1760 16 ) (192 -1664 16 ) (192 -1664 -32 ) (192 -1760 -32 ) 
4 357 359 (192 -1568 16 ) (192 -1160 16 ) (192 -1160 -32 ) (192 -1568 -32 ) 
4 357 358 (192 -1968 16 ) (192 -1968 -16 ) (344 -1968 -16 ) (344 -1968 16 ) 
4 358 366 (344 -2000 16 ) (192 -2000 16 ) (192 -2000 0 ) (344 -2000 0 ) 
4 358 363 (192 -2000 -16 ) (192 -2000 16 ) (192 -1968 16 ) (192 -1968 -16 ) 
4 359 360 (184 -1568 -32 ) (184 -1568 16 ) (184 -1069 16 ) (184 -1069 -32 ) 
4 362 363 (160 -1968 16 ) (160 -1968 -16 ) (192 -1968 -16 ) (192 -1968 16 ) 
4 362 364 (160 -1856 16 ) (160 -1856 -32 ) (160 -1968 -32 ) (160 -1968 16 ) 
4 363 366 (192 -2000 16 ) (160 -2000 16 ) (160 -2000 0 ) (192 -2000 0 ) 
4 363 364 (160 -2000 -16 ) (160 -2000 16 ) (160 -1968 16 ) (160 -1968 -16 ) 
4 364 367 (160 -2000 16 ) (144 -2000 16 ) (144 -2000 -32 ) (160 -2000 -32 ) 
4 365 378 (344 -2064 -32 ) (360 -2064 -32 ) (360 -2064 16 ) (344 -2064 16 ) 
4 365 366 (344 -2000 16 ) (344 -2000 0 ) (344 -2032 0 ) (344 -2032 16 ) 
4 366 367 (160 -2000 16 ) (160 -2000 0 ) (160 -2032 0 ) (160 -2032 16 ) 
4 367 368 (160 -2032 16 ) (144 -2032 16 ) (144 -2032 -32 ) (160 -2032 -32 ) 
4 368 379 (144 -2064 -32 ) (160 -2064 -32 ) (160 -2064 16 ) (144 -2064 16 ) 
4 369 380 (1496 -2096 164 ) (1496 -2096 304 ) (1292 -2096 304 ) (1292 -2096 164 ) 
3 369 373 (1292 -2088 164 ) (1292 -2084 164 ) (1296 -2092 164 ) 
3 369 372 (1496 -2084 164 ) (1496 -2088 164 ) (1492 -2092 164 ) 
3 369 371 (1496 -2088 164 ) (1496 -2096 164 ) (1488 -2096 164 ) 
3 369 370 (1292 -2096 164 ) (1292 -2088 164 ) (1300 -2096 164 ) 
4 370 380 (1300 -2096 164 ) (1292 -2096 164 ) (1292 -2096 152 ) (1300 -2096 152 ) 
3 370 376 (1292 -2096 152 ) (1292 -2088 152 ) (1300 -2096 152 ) 
4 370 373 (1296 -2092 152 ) (1292 -2088 152 ) (1292 -2088 164 ) (1296 -2092 164 ) 
4 371 380 (1496 -2096 152 ) (1496 -2096 164 ) (1488 -2096 164 ) (1488 -2096 152 ) 
3 371 374 (1496 -2088 152 ) (1496 -2096 152 ) (1488 -2096 152 ) 
4 371 372 (1496 -2088 152 ) (1492 -2092 152 ) (1492 -2092 164 ) (1496 -2088 164 ) 
3 372 374 (1496 -2084 152 ) (1496 -2088 152 ) (1492 -2092 152 ) 
3 373 376 (1292 -2088 152 ) (1292 -2084 152 ) (1296 -2092 152 ) 
4 374 380 (1496 -2096 32 ) (1496 -2096 152 ) (1464 -2096 152 ) (1464 -2096 32 ) 
4 374 375 (1464 -2096 32 ) (1464 -2096 152 ) (1464 -2064 152 ) (1464 -2064 32 ) 
4 375 380 (1464 -2096 32 ) (1464 -2096 152 ) (1344 -2096 152 ) (1344 -2096 32 ) 
4 375 376 (1344 -2096 32 ) (1344 -2096 152 ) (1344 -2064 152 ) (1344 -2064 32 ) 
4 376 380 (1344 -2096 32 ) (1344 -2096 152 ) (1292 -2096 152 ) (1292 -2096 32 ) 
4 377 384 (300 -2096 160 ) (160 -2096 160 ) (160 -2096 32 ) (300 -2096 32 ) 
4 377 383 (360 -2096 160 ) (300 -2096 160 ) (300 -2096 32 ) (360 -2096 32 ) 
4 377 379 (144 -2096 32 ) (144 -2064 32 ) (160 -2064 32 ) (160 -2096 32 ) 
4 377 378 (344 -2064 32 ) (360 -2064 32 ) (360 -2096 32 ) (344 -2096 32 ) 
8 380 386 (464 -2660 32 ) (464 -2396 32 ) (476 -2384 32 ) (1188 -2384 32 ) (1200 -2396 32 ) (1200 -2660 32 ) (1188 -2672 32 ) (476 -2672 32 ) 
4 380 381 (440 -2144 80 ) (440 -2144 304 ) (440 -2096 304 ) (440 -2096 80 ) 
4 380 382 (440 -2144 32 ) (440 -2960 32 ) (440 -2960 304 ) (440 -2144 304 ) 
4 381 382 (392 -2144 304 ) (392 -2144 80 ) (440 -2144 80 ) (440 -2144 304 ) 
4 381 383 (392 -2144 80 ) (392 -2144 304 ) (392 -2096 304 ) (392 -2096 80 ) 
4 382 383 (392 -2144 32 ) (392 -2960 32 ) (392 -2960 304 ) (392 -2144 304 ) 
4 383 385 (300 -2960 160 ) (300 -2960 304 ) (300 -2824 304 ) (300 -2824 160 ) 
4 383 384 (300 -2096 32 ) (300 -2824 32 ) (300 -2824 304 ) (300 -2096 304 ) 
4 384 385 (300 -2824 160 ) (300 -2824 304 ) (160 -2824 304 ) (160 -2824 160 ) 
8 386 387 (464 -2660 24 ) (464 -2396 24 ) (476 -2384 24 ) (1188 -2384 24 ) (1200 -2396 24 ) (1200 -2660 24 ) (1188 -2672 24 ) (476 -2672 24 ) 
4 387 389 (464 -2336 -32 ) (1248 -2336 -32 ) (1248 -2720 -32 ) (464 -2720 -32 ) 
4 387 388 (464 -2336 24 ) (464 -2336 -32 ) (464 -2720 -32 ) (464 -2720 24 ) 
4 388 389 (416 -2336 -32 ) (464 -2336 -32 ) (464 -2720 -32 ) (416 -2720 -32 ) 
4 390 397 (0 -384 -32 ) (0 -384 16 ) (-304 -384 16 ) (-304 -384 -32 ) 
4 390 396 (0 -384 16 ) (0 -384 912 ) (-304 -384 912 ) (-304 -384 16 ) 
4 390 392 (-304 -336 16 ) (-304 -336 912 ) (-304 -288 912 ) (-304 -288 16 ) 
4 390 391 (-304 0 -32 ) (-304 -288 -32 ) (-304 -288 912 ) (-304 0 912 ) 
4 390 393 (-304 -336 -32 ) (-304 -384 -32 ) (-304 -384 912 ) (-304 -336 912 ) 
4 391 394 (-352 -288 912 ) (-352 0 912 ) (-352 0 200 ) (-352 -288 200 ) 
4 391 392 (-304 -288 16 ) (-304 -288 912 ) (-352 -288 912 ) (-352 -288 16 ) 
4 392 395 (-352 -336 912 ) (-352 -288 912 ) (-352 -288 232 ) (-352 -336 232 ) 
4 392 393 (-304 -336 16 ) (-304 -336 912 ) (-352 -336 912 ) (-352 -336 16 ) 
4 393 396 (-304 -384 912 ) (-352 -384 912 ) (-352 -384 16 ) (-304 -384 16 ) 
4 393 395 (-352 -384 232 ) (-352 -384 912 ) (-352 -336 912 ) (-352 -336 232 ) 
4 394 395 (-440 -288 912 ) (-440 -288 232 ) (-352 -288 232 ) (-352 -288 912 ) 
4 395 398 (-440 -384 912 ) (-440 -384 256 ) (-352 -384 256 ) (-352 -384 912 ) 
4 396 402 (0 -480 16 ) (0 -480 96 ) (-304 -480 96 ) (-304 -480 16 ) 
4 396 400 (-304 -480 912 ) (-352 -480 912 ) (-352 -480 224 ) (-304 -480 224 ) 
4 396 399 (0 -480 96 ) (0 -480 912 ) (-304 -480 912 ) (-304 -480 96 ) 
4 396 398 (-352 -384 912 ) (-352 -384 256 ) (-352 -480 256 ) (-352 -480 912 ) 
4 396 397 (0 -480 16 ) (-304 -480 16 ) (-304 -384 16 ) (0 -384 16 ) 
4 397 402 (-304 -480 -32 ) (0 -480 -32 ) (0 -480 16 ) (-304 -480 16 ) 
4 398 400 (-440 -480 912 ) (-440 -480 256 ) (-352 -480 256 ) (-352 -480 912 ) 
4 399 407 (-176 -924 912 ) (-304 -924 912 ) (-304 -924 96 ) (-176 -924 96 ) 
4 399 405 (0 -924 96 ) (0 -924 912 ) (-176 -924 912 ) (-176 -924 96 ) 
4 399 403 (0 -924 96 ) (-304 -924 96 ) (-304 -624 96 ) (0 -624 96 ) 
4 399 402 (-304 -624 96 ) (-304 -480 96 ) (0 -480 96 ) (0 -624 96 ) 
4 399 400 (-304 -608 224 ) (-304 -608 912 ) (-304 -480 912 ) (-304 -480 224 ) 
4 399 401 (-304 -608 96 ) (-304 -924 96 ) (-304 -924 912 ) (-304 -608 912 ) 
4 400 401 (-304 -608 224 ) (-304 -608 912 ) (-440 -608 912 ) (-440 -608 224 ) 
4 401 407 (-304 -924 912 ) (-440 -924 912 ) (-440 -924 96 ) (-304 -924 96 ) 
4 401 404 (-312 -924 96 ) (-440 -924 96 ) (-440 -880 96 ) (-312 -880 96 ) 
4 401 403 (-304 -924 96 ) (-312 -924 96 ) (-312 -624 96 ) (-304 -624 96 ) 
4 402 403 (-304 -624 -32 ) (0 -624 -32 ) (0 -624 96 ) (-304 -624 96 ) 
4 403 407 (-312 -924 -32 ) (-176 -924 -32 ) (-176 -924 96 ) (-312 -924 96 ) 
4 403 405 (0 -924 64 ) (0 -924 96 ) (-176 -924 96 ) (-176 -924 64 ) 
4 403 404 (-312 -880 -32 ) (-312 -924 -32 ) (-312 -924 96 ) (-312 -880 96 ) 
4 404 407 (-440 -924 -32 ) (-312 -924 -32 ) (-312 -924 96 ) (-440 -924 96 ) 
4 405 407 (-176 -924 912 ) (-176 -924 64 ) (-176 -1020 64 ) (-176 -1020 912 ) 
4 405 406 (-176 -1020 912 ) (-176 -1020 64 ) (0 -1020 64 ) (0 -1020 912 ) 
4 406 407 (-176 -1020 -32 ) (-176 -1024 -32 ) (-176 -1024 912 ) (-176 -1020 912 ) 
4 408 409 (-440 -1840 278 ) (-440 -1840 -32 ) (-440 -2640 -32 ) (-440 -2640 278 ) 
