PRT1
132
401
4 0 5 (4976 928 16 ) (4976 928 1136 ) (4880 928 1136 ) (4880 928 16 ) 
4 0 3 (4880 1000 16 ) (4880 928 16 ) (4880 928 1136 ) (4880 1000 1136 ) 
4 0 2 (4880 1000 416 ) (4880 1000 1136 ) (4880 1336 1136 ) (4880 1336 416 ) 
4 0 1 (4880 4969.821782178216 1136 ) (4880 4969.821782178216 16 ) (4880 1336 16 ) (4880 1336 1136 ) 
4 1 4 (4472 4969.821782178216 1136 ) (4472 4969.821782178216 16 ) (4472 1336 16 ) (4472 1336 1136 ) 
4 1 2 (4472 1336 1136 ) (4472 1336 416 ) (4880 1336 416 ) (4880 1336 1136 ) 
4 2 4 (4472 1000 416 ) (4472 1000 1136 ) (4472 1336 1136 ) (4472 1336 416 ) 
4 2 3 (4472 1000 1136 ) (4472 1000 416 ) (4880 1000 416 ) (4880 1000 1136 ) 
4 3 6 (4808 928 1136 ) (4472 928 1136 ) (4472 928 288 ) (4808 928 288 ) 
4 3 5 (4880 928 1136 ) (4808 928 1136 ) (4808 928 16 ) (4880 928 16 ) 
4 3 4 (4472 1000 16 ) (4472 928 16 ) (4472 928 1136 ) (4472 1000 1136 ) 
4 4 41 (4464 4969.821782178216 16 ) (4464 928 16 ) (4464 928 1136 ) (4464 4969.821782178216 1136 ) 
4 4 6 (4472 928 1136 ) (4464 928 1136 ) (4464 928 288 ) (4472 928 288 ) 
4 5 8 (4976 592 16 ) (4976 592 1136 ) (4808 592 1136 ) (4808 592 16 ) 
4 5 7 (4808 680 16 ) (4808 592 16 ) (4808 592 1136 ) (4808 680 1136 ) 
4 5 6 (4808 928 1136 ) (4808 928 288 ) (4808 680 288 ) (4808 680 1136 ) 
4 6 41 (4464 680 288 ) (4464 680 1136 ) (4464 928 1136 ) (4464 928 288 ) 
4 6 7 (4808 680 288 ) (4808 680 1136 ) (4464 680 1136 ) (4464 680 288 ) 
4 7 41 (4464 680 16 ) (4464 592 16 ) (4464 592 1136 ) (4464 680 1136 ) 
4 7 11 (4488 592 1136 ) (4464 592 1136 ) (4464 592 16 ) (4488 592 16 ) 
4 7 9 (4712 592 1136 ) (4488 592 1136 ) (4488 592 208 ) (4712 592 208 ) 
4 7 8 (4808 592 1136 ) (4712 592 1136 ) (4712 592 16 ) (4808 592 16 ) 
4 8 17 (4864 -312 16 ) (4976 -312 16 ) (4976 -312 112 ) (4864 -312 112 ) 
4 8 15 (4864 -312 1136 ) (4712 -312 1136 ) (4712 -312 208 ) (4864 -312 208 ) 
4 8 14 (4976 -312 1136 ) (4864 -312 1136 ) (4864 -312 112 ) (4976 -312 112 ) 
4 8 13 (4712 -224 16 ) (4712 -312 16 ) (4712 -312 1136 ) (4712 -224 1136 ) 
4 8 12 (4712 -224 112 ) (4712 -224 1136 ) (4712 208 1136 ) (4712 208 112 ) 
4 8 10 (4712 256 16 ) (4712 208 16 ) (4712 208 1136 ) (4712 256 1136 ) 
4 8 9 (4712 592 1136 ) (4712 592 208 ) (4712 256 208 ) (4712 256 1136 ) 
4 9 11 (4488 592 1136 ) (4488 592 208 ) (4488 256 208 ) (4488 256 1136 ) 
4 9 10 (4488 256 1136 ) (4488 256 208 ) (4712 256 208 ) (4712 256 1136 ) 
4 10 12 (4712 208 112 ) (4712 208 1136 ) (4488 208 1136 ) (4488 208 112 ) 
4 10 11 (4488 256 16 ) (4488 208 16 ) (4488 208 1136 ) (4488 256 1136 ) 
4 11 41 (4464 592 16 ) (4464 208 16 ) (4464 208 1136 ) (4464 592 1136 ) 
4 11 12 (4488 208 1136 ) (4464 208 1136 ) (4464 208 112 ) (4488 208 112 ) 
4 12 41 (4464 -224 112 ) (4464 -224 1136 ) (4464 208 1136 ) (4464 208 112 ) 
4 12 13 (4712 -224 112 ) (4712 -224 1136 ) (4464 -224 1136 ) (4464 -224 112 ) 
4 13 41 (4464 -224 16 ) (4464 -312 16 ) (4464 -312 1136 ) (4464 -224 1136 ) 
4 13 15 (4712 -312 1136 ) (4464 -312 1136 ) (4464 -312 208 ) (4712 -312 208 ) 
4 14 21 (4976 -968 1136 ) (4864 -968 1136 ) (4864 -968 112 ) (4976 -968 112 ) 
4 14 17 (4976 -968 112 ) (4864 -968 112 ) (4864 -312 112 ) (4976 -312 112 ) 
4 14 16 (4864 -504 112 ) (4864 -968 112 ) (4864 -968 1136 ) (4864 -504 1136 ) 
4 14 15 (4864 -312 1136 ) (4864 -312 208 ) (4864 -504 208 ) (4864 -504 1136 ) 
4 15 41 (4464 -504 1136 ) (4464 -312 1136 ) (4464 -312 208 ) (4464 -504 208 ) 
4 15 16 (4864 -504 208 ) (4864 -504 1136 ) (4464 -504 1136 ) (4464 -504 208 ) 
4 16 41 (4464 -968 112 ) (4464 -968 1136 ) (4464 -504 1136 ) (4464 -504 112 ) 
4 16 23 (4464 -968 400 ) (4464 -968 112 ) (4864 -968 112 ) (4864 -968 400 ) 
4 16 22 (4864 -968 1136 ) (4464 -968 1136 ) (4464 -968 400 ) (4864 -968 400 ) 
4 16 20 (4680 -968 112 ) (4648 -968 112 ) (4648 -776 112 ) (4680 -776 112 ) 
4 16 19 (4464 -776 112 ) (4464 -736 112 ) (4864 -736 112 ) (4864 -776 112 ) 
4 16 18 (4464 -544 112 ) (4464 -504 112 ) (4864 -504 112 ) (4864 -544 112 ) 
4 17 21 (4976 -968 112 ) (4864 -968 112 ) (4864 -968 16 ) (4976 -968 16 ) 
4 17 19 (4864 -776 112 ) (4864 -736 112 ) (4864 -736 16 ) (4864 -776 16 ) 
4 17 18 (4864 -544 112 ) (4864 -504 112 ) (4864 -504 16 ) (4864 -544 16 ) 
4 18 41 (4464 -504 16 ) (4464 -544 16 ) (4464 -544 112 ) (4464 -504 112 ) 
4 19 41 (4464 -736 16 ) (4464 -776 16 ) (4464 -776 112 ) (4464 -736 112 ) 
4 19 20 (4680 -776 112 ) (4648 -776 112 ) (4648 -776 16 ) (4680 -776 16 ) 
4 20 23 (4680 -968 112 ) (4648 -968 112 ) (4648 -968 16 ) (4680 -968 16 ) 
4 21 32 (4888 -2416 1136 ) (4864 -2416 1136 ) (4864 -2416 224 ) (4888 -2416 224 ) 
4 21 31 (4976 -2416 16 ) (4976 -2416 1136 ) (4888 -2416 1136 ) (4888 -2416 16 ) 
4 21 30 (4864 -2328 16 ) (4864 -2416 16 ) (4864 -2416 400 ) (4864 -2328 400 ) 
4 21 29 (4864 -2064 16 ) (4864 -2104 16 ) (4864 -2104 400 ) (4864 -2064 400 ) 
4 21 26 (4864 -1256 16 ) (4864 -1840 16 ) (4864 -1840 400 ) (4864 -1256 400 ) 
4 21 25 (4864 -1200 16 ) (4864 -1256 16 ) (4864 -1256 400 ) (4864 -1200 400 ) 
4 21 24 (4864 -1200 112 ) (4864 -1200 400 ) (4864 -1008 400 ) (4864 -1008 112 ) 
4 21 23 (4864 -968 400 ) (4864 -968 16 ) (4864 -1008 16 ) (4864 -1008 400 ) 
4 21 22 (4864 -968 1136 ) (4864 -968 400 ) (4864 -2416 400 ) (4864 -2416 1136 ) 
4 22 41 (4464 -2416 400 ) (4464 -2416 1136 ) (4464 -968 1136 ) (4464 -968 400 ) 
4 22 32 (4864 -2416 1136 ) (4464 -2416 1136 ) (4464 -2416 400 ) (4864 -2416 400 ) 
4 22 30 (4864 -2328 400 ) (4864 -2416 400 ) (4464 -2416 400 ) (4464 -2328 400 ) 
4 22 29 (4864 -2064 400 ) (4864 -2104 400 ) (4464 -2104 400 ) (4464 -2064 400 ) 
4 22 28 (4816 -1840 400 ) (4464 -1840 400 ) (4464 -1752 400 ) (4816 -1752 400 ) 
4 22 27 (4464 -1752 400 ) (4464 -1256 400 ) (4816 -1256 400 ) (4816 -1752 400 ) 
4 22 26 (4864 -1256 400 ) (4864 -1840 400 ) (4816 -1840 400 ) (4816 -1256 400 ) 
4 22 25 (4864 -1200 400 ) (4864 -1256 400 ) (4464 -1256 400 ) (4464 -1200 400 ) 
4 22 24 (4864 -1008 400 ) (4864 -1200 400 ) (4464 -1200 400 ) (4464 -1008 400 ) 
4 22 23 (4464 -968 400 ) (4864 -968 400 ) (4864 -1008 400 ) (4464 -1008 400 ) 
4 23 41 (4464 -968 16 ) (4464 -1008 16 ) (4464 -1008 400 ) (4464 -968 400 ) 
4 23 24 (4864 -1008 112 ) (4864 -1008 400 ) (4464 -1008 400 ) (4464 -1008 112 ) 
4 24 41 (4464 -1200 112 ) (4464 -1200 400 ) (4464 -1008 400 ) (4464 -1008 112 ) 
4 24 25 (4864 -1200 112 ) (4864 -1200 400 ) (4464 -1200 400 ) (4464 -1200 112 ) 
4 25 41 (4464 -1200 16 ) (4464 -1256 16 ) (4464 -1256 400 ) (4464 -1200 400 ) 
4 25 27 (4816 -1256 400 ) (4464 -1256 400 ) (4464 -1256 224 ) (4816 -1256 224 ) 
4 25 26 (4864 -1256 16 ) (4864 -1256 400 ) (4816 -1256 400 ) (4816 -1256 16 ) 
4 26 28 (4816 -1752 16 ) (4816 -1840 16 ) (4816 -1840 400 ) (4816 -1752 400 ) 
4 26 27 (4816 -1256 400 ) (4816 -1256 224 ) (4816 -1752 224 ) (4816 -1752 400 ) 
4 27 41 (4464 -1752 224 ) (4464 -1752 400 ) (4464 -1256 400 ) (4464 -1256 224 ) 
4 27 28 (4816 -1752 224 ) (4816 -1752 400 ) (4464 -1752 400 ) (4464 -1752 224 ) 
4 28 41 (4464 -1752 16 ) (4464 -1840 16 ) (4464 -1840 400 ) (4464 -1752 400 ) 
4 29 41 (4464 -2064 16 ) (4464 -2104 16 ) (4464 -2104 400 ) (4464 -2064 400 ) 
4 30 41 (4464 -2328 16 ) (4464 -2416 16 ) (4464 -2416 400 ) (4464 -2328 400 ) 
4 30 32 (4464 -2416 400 ) (4464 -2416 224 ) (4864 -2416 224 ) (4864 -2416 400 ) 
4 31 34 (4976 -3192 16 ) (4976 -3192 1136 ) (4888 -3192 1136 ) (4888 -3192 16 ) 
4 31 33 (4888 -3088 16 ) (4888 -3192 16 ) (4888 -3192 1136 ) (4888 -3088 1136 ) 
4 31 32 (4888 -2416 1136 ) (4888 -2416 224 ) (4888 -3088 224 ) (4888 -3088 1136 ) 
4 32 41 (4464 -3088 224 ) (4464 -3088 1136 ) (4464 -2416 1136 ) (4464 -2416 224 ) 
4 32 33 (4888 -3088 224 ) (4888 -3088 1136 ) (4464 -3088 1136 ) (4464 -3088 224 ) 
4 33 41 (4464 -3088 16 ) (4464 -3192 16 ) (4464 -3192 1136 ) (4464 -3088 1136 ) 
4 33 37 (4496 -3192 1136 ) (4464 -3192 1136 ) (4464 -3192 16 ) (4496 -3192 16 ) 
4 33 35 (4824 -3192 1136 ) (4496 -3192 1136 ) (4496 -3192 320 ) (4824 -3192 320 ) 
4 33 34 (4888 -3192 1136 ) (4824 -3192 1136 ) (4824 -3192 16 ) (4888 -3192 16 ) 
4 34 38 (4976 -3760 16 ) (4976 -3760 1136 ) (4824 -3760 1136 ) (4824 -3760 16 ) 
4 34 36 (4824 -3672 16 ) (4824 -3760 16 ) (4824 -3760 1136 ) (4824 -3672 1136 ) 
4 34 35 (4824 -3192 1136 ) (4824 -3192 320 ) (4824 -3672 320 ) (4824 -3672 1136 ) 
4 35 37 (4496 -3192 1136 ) (4496 -3192 320 ) (4496 -3672 320 ) (4496 -3672 1136 ) 
4 35 36 (4496 -3672 1136 ) (4496 -3672 320 ) (4824 -3672 320 ) (4824 -3672 1136 ) 
4 36 39 (4784 -3760 1136 ) (4496 -3760 1136 ) (4496 -3760 208 ) (4784 -3760 208 ) 
4 36 38 (4824 -3760 1136 ) (4784 -3760 1136 ) (4784 -3760 16 ) (4824 -3760 16 ) 
4 36 37 (4496 -3672 16 ) (4496 -3760 16 ) (4496 -3760 1136 ) (4496 -3672 1136 ) 
4 37 41 (4464 -3192 16 ) (4464 -3760 16 ) (4464 -3760 1136 ) (4464 -3192 1136 ) 
4 37 39 (4496 -3760 1136 ) (4464 -3760 1136 ) (4464 -3760 208 ) (4496 -3760 208 ) 
4 38 40 (4784 -4240 16 ) (4784 -4992 16 ) (4784 -4992 1136 ) (4784 -4240 1136 ) 
4 38 39 (4784 -3760 1136 ) (4784 -3760 208 ) (4784 -4240 208 ) (4784 -4240 1136 ) 
4 39 41 (4464 -4240 208 ) (4464 -4240 1136 ) (4464 -3760 1136 ) (4464 -3760 208 ) 
4 39 40 (4784 -4240 208 ) (4784 -4240 1136 ) (4464 -4240 1136 ) (4464 -4240 208 ) 
4 40 53 (4464 -4248 16 ) (4464 -4992 16 ) (4464 -4992 1136 ) (4464 -4248 1136 ) 
4 40 41 (4464 -4240 16 ) (4464 -4248 16 ) (4464 -4248 1136 ) (4464 -4240 1136 ) 
4 41 53 (4464 -4248 16 ) (4464 -4248 1136 ) (4416 -4248 1136 ) (4416 -4248 16 ) 
4 41 43 (4416 -4248 40 ) (4416 -4248 1136 ) (4416 1472 1136 ) (4416 1472 40 ) 
4 41 42 (4416 4969.821782178216 1136 ) (4416 4969.821782178216 16 ) (4416 1472 16 ) (4416 1472 1136 ) 
4 42 45 (4376 4969.821782178216 16 ) (4376 1472 16 ) (4376 1472 32 ) (4376 4969.821782178216 32 ) 
4 42 44 (4376 1472 32 ) (4376 1472 1136 ) (4376 4969.821782178216 1136 ) (4376 4969.821782178216 32 ) 
4 42 43 (4376 1472 1136 ) (4376 1472 40 ) (4416 1472 40 ) (4416 1472 1136 ) 
4 43 53 (4416 -4248 1136 ) (4376 -4248 1136 ) (4376 -4248 40 ) (4416 -4248 40 ) 
4 43 44 (4376 -4248 40 ) (4376 -4248 1136 ) (4376 1472 1136 ) (4376 1472 40 ) 
4 44 53 (4376 -4248 1136 ) (3976 -4248 1136 ) (3976 -4248 32 ) (4376 -4248 32 ) 
4 44 47 (3976 -4248 40 ) (3976 -4248 1136 ) (3976 1472 1136 ) (3976 1472 40 ) 
4 44 46 (3976 1472 1136 ) (3976 4969.821782178216 1136 ) (3976 4969.821782178216 32 ) (3976 1472 32 ) 
4 44 45 (3976 1472 32 ) (3976 4969.821782178216 32 ) (4376 4969.821782178216 32 ) (4376 1472 32 ) 
4 45 46 (3976 4969.821782178216 16 ) (3976 1472 16 ) (3976 1472 32 ) (3976 4969.821782178216 32 ) 
4 46 48 (3936 4969.821782178216 1136 ) (3936 4969.821782178216 16 ) (3936 1472 16 ) (3936 1472 1136 ) 
4 46 47 (3936 1472 1136 ) (3936 1472 40 ) (3976 1472 40 ) (3976 1472 1136 ) 
4 47 53 (3976 -4248 1136 ) (3936 -4248 1136 ) (3936 -4248 40 ) (3976 -4248 40 ) 
4 47 48 (3936 -4248 40 ) (3936 -4248 1136 ) (3936 1472 1136 ) (3936 1472 40 ) 
4 48 53 (3936 -4248 1136 ) (3896 -4248 1136 ) (3896 -4248 16 ) (3936 -4248 16 ) 
4 48 52 (3896 -4184 16 ) (3896 -4248 16 ) (3896 -4248 112 ) (3896 -4184 112 ) 
4 48 51 (3896 -4016 16 ) (3896 -4064 16 ) (3896 -4064 112 ) (3896 -4016 112 ) 
4 48 50 (3896 4969.821782178216 16 ) (3896 -3896 16 ) (3896 -3896 112 ) (3896 4969.821782178216 112 ) 
4 48 49 (3896 -4248 112 ) (3896 -4248 1136 ) (3896 4969.821782178216 1136 ) (3896 4969.821782178216 112 ) 
4 49 127 (3888 -4248 112 ) (3888 -4248 1136 ) (3888 -3848 1136 ) (3888 -3848 112 ) 
4 49 125 (3888 -3728 112 ) (3888 -3848 112 ) (3888 -3848 368 ) (3888 -3728 368 ) 
4 49 124 (3888 -3672 112 ) (3888 -3728 112 ) (3888 -3728 368 ) (3888 -3672 368 ) 
4 49 121 (3888 -3504 112 ) (3888 -3672 112 ) (3888 -3672 368 ) (3888 -3504 368 ) 
4 49 118 (3888 -3336 368 ) (3888 -3336 112 ) (3888 -3504 112 ) (3888 -3504 368 ) 
4 49 117 (3888 -3848 1136 ) (3888 -3336 1136 ) (3888 -3336 368 ) (3888 -3848 368 ) 
4 49 113 (3888 -2992 112 ) (3888 -3336 112 ) (3888 -3336 368 ) (3888 -2992 368 ) 
4 49 111 (3888 -2992 248 ) (3888 -2992 368 ) (3888 -2488 368 ) (3888 -2488 248 ) 
4 49 110 (3888 -2464 368 ) (3888 -2464 112 ) (3888 -2488 112 ) (3888 -2488 368 ) 
4 49 109 (3888 -3336 1136 ) (3888 -2464 1136 ) (3888 -2464 368 ) (3888 -3336 368 ) 
4 49 107 (3888 -2464 1136 ) (3888 -2240 1136 ) (3888 -2240 248 ) (3888 -2464 248 ) 
4 49 106 (3888 -2240 1136 ) (3888 -2152 1136 ) (3888 -2152 112 ) (3888 -2240 112 ) 
4 49 104 (3888 -2152 1136 ) (3888 -1928 1136 ) (3888 -1928 544 ) (3888 -2152 544 ) 
4 49 103 (3888 -1928 1136 ) (3888 -1840 1136 ) (3888 -1840 112 ) (3888 -1928 112 ) 
4 49 89 (3888 -1368 208 ) (3888 -1368 112 ) (3888 -1840 112 ) (3888 -1840 208 ) 
4 49 88 (3888 -1840 1136 ) (3888 -1368 1136 ) (3888 -1368 208 ) (3888 -1840 208 ) 
4 49 84 (3888 -1368 1136 ) (3888 -952 1136 ) (3888 -952 112 ) (3888 -1368 112 ) 
4 49 78 (3888 -952 1136 ) (3888 -856 1136 ) (3888 -856 112 ) (3888 -952 112 ) 
4 49 77 (3888 -856 1136 ) (3888 -400 1136 ) (3888 -400 224 ) (3888 -856 224 ) 
4 49 76 (3888 -400 1136 ) (3888 -312 1136 ) (3888 -312 112 ) (3888 -400 112 ) 
4 49 74 (3888 -312 1136 ) (3888 -192 1136 ) (3888 -192 120 ) (3888 -312 120 ) 
4 49 67 (3888 264 112 ) (3888 -192 112 ) (3888 -192 176 ) (3888 264 176 ) 
4 49 65 (3888 -192 1136 ) (3888 360 1136 ) (3888 360 176 ) (3888 -192 176 ) 
4 49 64 (3888 360 1136 ) (3888 728 1136 ) (3888 728 272 ) (3888 360 272 ) 
4 49 59 (3888 728 1136 ) (3888 1144 1136 ) (3888 1144 112 ) (3888 728 112 ) 
4 49 55 (3888 1144 1136 ) (3888 1352 1136 ) (3888 1352 120 ) (3888 1144 120 ) 
4 49 54 (3888 1352 1136 ) (3888 4969.821782178216 1136 ) (3888 4969.821782178216 112 ) (3888 1352 112 ) 
4 49 53 (3896 -4248 1136 ) (3888 -4248 1136 ) (3888 -4248 112 ) (3896 -4248 112 ) 
4 49 52 (3896 -4184 112 ) (3896 -4248 112 ) (3888 -4248 112 ) (3888 -4184 112 ) 
4 49 51 (3896 -4016 112 ) (3896 -4064 112 ) (3888 -4064 112 ) (3888 -4016 112 ) 
4 49 50 (3888 4969.821782178216 112 ) (3896 4969.821782178216 112 ) (3896 -3896 112 ) (3888 -3896 112 ) 
4 50 128 (3888 -3848 16 ) (3888 -3896 16 ) (3888 -3896 112 ) (3888 -3848 112 ) 
4 50 124 (3888 -3672 16 ) (3888 -3728 16 ) (3888 -3728 112 ) (3888 -3672 112 ) 
4 50 121 (3888 -3504 16 ) (3888 -3672 16 ) (3888 -3672 112 ) (3888 -3504 112 ) 
4 50 118 (3888 -3336 16 ) (3888 -3504 16 ) (3888 -3504 112 ) (3888 -3336 112 ) 
4 50 113 (3888 -2992 16 ) (3888 -3336 16 ) (3888 -3336 112 ) (3888 -2992 112 ) 
4 50 110 (3888 -2464 16 ) (3888 -2488 16 ) (3888 -2488 112 ) (3888 -2464 112 ) 
4 50 106 (3888 -2152 16 ) (3888 -2240 16 ) (3888 -2240 112 ) (3888 -2152 112 ) 
4 50 103 (3888 -1840 16 ) (3888 -1928 16 ) (3888 -1928 112 ) (3888 -1840 112 ) 
4 50 95 (3888 -1368 16 ) (3888 -1840 16 ) (3888 -1840 112 ) (3888 -1368 112 ) 
4 50 84 (3888 -952 16 ) (3888 -1368 16 ) (3888 -1368 112 ) (3888 -952 112 ) 
4 50 78 (3888 -856 16 ) (3888 -952 16 ) (3888 -952 112 ) (3888 -856 112 ) 
4 50 76 (3888 -312 16 ) (3888 -400 16 ) (3888 -400 112 ) (3888 -312 112 ) 
4 50 68 (3888 -8 16 ) (3888 -192 16 ) (3888 -192 80 ) (3888 -8 80 ) 
4 50 67 (3888 -192 80 ) (3888 -192 112 ) (3888 264 112 ) (3888 264 80 ) 
4 50 59 (3888 1144 16 ) (3888 728 16 ) (3888 728 112 ) (3888 1144 112 ) 
4 50 54 (3888 4969.821782178216 16 ) (3888 1352 16 ) (3888 1352 112 ) (3888 4969.821782178216 112 ) 
4 51 129 (3888 -4016 16 ) (3888 -4064 16 ) (3888 -4064 112 ) (3888 -4016 112 ) 
4 52 130 (3888 -4184 16 ) (3888 -4248 16 ) (3888 -4248 112 ) (3888 -4184 112 ) 
4 52 53 (3888 -4248 112 ) (3888 -4248 16 ) (3896 -4248 16 ) (3896 -4248 112 ) 
4 53 130 (3888 -4248 16 ) (3888 -4992 16 ) (3888 -4992 112 ) (3888 -4248 112 ) 
4 53 127 (3888 -4992 112 ) (3888 -4992 1136 ) (3888 -4248 1136 ) (3888 -4248 112 ) 
4 54 58 (3472 1352 1136 ) (-4976 1352 1136 ) (-4976 1352 16 ) (3472 1352 16 ) 
4 54 57 (3664 1352 1136 ) (3472 1352 1136 ) (3472 1352 248 ) (3664 1352 248 ) 
4 54 56 (3760 1352 1136 ) (3664 1352 1136 ) (3664 1352 16 ) (3760 1352 16 ) 
4 54 55 (3888 1352 120 ) (3888 1352 1136 ) (3760 1352 1136 ) (3760 1352 120 ) 
4 55 60 (3864 1144 1136 ) (3760 1144 1136 ) (3760 1144 120 ) (3864 1144 120 ) 
4 55 59 (3888 1144 120 ) (3888 1144 1136 ) (3864 1144 1136 ) (3864 1144 120 ) 
4 55 56 (3760 1352 1136 ) (3760 1352 120 ) (3760 1144 120 ) (3760 1144 1136 ) 
4 56 63 (3688 1144 1136 ) (3664 1144 1136 ) (3664 1144 16 ) (3688 1144 16 ) 
4 56 60 (3760 1144 1136 ) (3688 1144 1136 ) (3688 1144 16 ) (3760 1144 16 ) 
4 56 57 (3664 1352 1136 ) (3664 1352 248 ) (3664 1144 248 ) (3664 1144 1136 ) 
4 57 63 (3664 1144 1136 ) (3472 1144 1136 ) (3472 1144 248 ) (3664 1144 248 ) 
4 57 58 (3472 1352 1136 ) (3472 1352 248 ) (3472 1144 248 ) (3472 1144 1136 ) 
4 58 63 (3472 1144 1136 ) (-4976 1144 1136 ) (-4976 1144 16 ) (3472 1144 16 ) 
4 59 64 (3888 728 272 ) (3888 728 1136 ) (3864 728 1136 ) (3864 728 272 ) 
4 59 62 (3864 792 16 ) (3864 728 16 ) (3864 728 1136 ) (3864 792 1136 ) 
4 59 61 (3864 792 168 ) (3864 792 1136 ) (3864 1072 1136 ) (3864 1072 168 ) 
4 59 60 (3864 1144 1136 ) (3864 1144 16 ) (3864 1072 16 ) (3864 1072 1136 ) 
4 60 63 (3688 1144 1136 ) (3688 1144 16 ) (3688 1072 16 ) (3688 1072 1136 ) 
4 60 61 (3688 1072 1136 ) (3688 1072 168 ) (3864 1072 168 ) (3864 1072 1136 ) 
4 61 63 (3688 792 168 ) (3688 792 1136 ) (3688 1072 1136 ) (3688 1072 168 ) 
4 61 62 (3688 792 1136 ) (3688 792 168 ) (3864 792 168 ) (3864 792 1136 ) 
4 62 69 (3688 728 16 ) (3768 728 16 ) (3768 728 176 ) (3688 728 176 ) 
4 62 66 (3768 728 1136 ) (3688 728 1136 ) (3688 728 176 ) (3768 728 176 ) 
4 62 64 (3864 728 272 ) (3864 728 1136 ) (3768 728 1136 ) (3768 728 272 ) 
4 62 63 (3688 792 16 ) (3688 728 16 ) (3688 728 1136 ) (3688 792 1136 ) 
4 63 73 (-4976 728 176 ) (-4976 728 16 ) (3440 728 16 ) (3440 728 176 ) 
4 63 70 (3440 728 16 ) (3560 728 16 ) (3560 728 176 ) (3440 728 176 ) 
4 63 69 (3560 728 16 ) (3688 728 16 ) (3688 728 176 ) (3560 728 176 ) 
4 63 66 (-4976 728 1136 ) (-4976 728 176 ) (3688 728 176 ) (3688 728 1136 ) 
4 64 66 (3768 360 272 ) (3768 360 1136 ) (3768 728 1136 ) (3768 728 272 ) 
4 64 65 (3768 360 1136 ) (3768 360 272 ) (3888 360 272 ) (3888 360 1136 ) 
4 65 74 (3768 -192 176 ) (3888 -192 176 ) (3888 -192 1136 ) (3768 -192 1136 ) 
4 65 67 (3888 -192 176 ) (3768 -192 176 ) (3768 264 176 ) (3888 264 176 ) 
4 65 66 (3768 360 176 ) (3768 -192 176 ) (3768 -192 1136 ) (3768 360 1136 ) 
4 66 75 (-4976 -192 1136 ) (-4976 -192 176 ) (3152 -192 176 ) (3152 -192 1136 ) 
4 66 74 (3152 -192 176 ) (3768 -192 176 ) (3768 -192 1136 ) (3152 -192 1136 ) 
4 66 73 (3440 -192 176 ) (-4976 -192 176 ) (-4976 728 176 ) (3440 728 176 ) 
4 66 72 (3560 -192 176 ) (3440 -192 176 ) (3440 -136 176 ) (3560 -136 176 ) 
4 66 71 (3440 -136 176 ) (3440 600 176 ) (3560 600 176 ) (3560 -136 176 ) 
4 66 70 (3440 600 176 ) (3440 728 176 ) (3560 728 176 ) (3560 600 176 ) 
4 66 69 (3768 -192 176 ) (3560 -192 176 ) (3560 728 176 ) (3768 728 176 ) 
4 67 74 (3888 -192 120 ) (3888 -192 176 ) (3768 -192 176 ) (3768 -192 120 ) 
4 67 69 (3768 -192 80 ) (3768 -192 176 ) (3768 264 176 ) (3768 264 80 ) 
4 67 68 (3888 -192 80 ) (3768 -192 80 ) (3768 -8 80 ) (3888 -8 80 ) 
4 68 69 (3768 -192 16 ) (3768 -192 80 ) (3768 -8 80 ) (3768 -8 16 ) 
4 69 74 (3768 -192 120 ) (3768 -192 176 ) (3560 -192 176 ) (3560 -192 120 ) 
4 69 72 (3560 -192 16 ) (3560 -192 176 ) (3560 -136 176 ) (3560 -136 16 ) 
4 69 71 (3560 -136 176 ) (3560 600 176 ) (3560 600 120 ) (3560 -136 120 ) 
4 69 70 (3560 600 176 ) (3560 728 176 ) (3560 728 16 ) (3560 600 16 ) 
4 70 73 (3440 600 176 ) (3440 728 176 ) (3440 728 16 ) (3440 600 16 ) 
4 70 71 (3440 600 176 ) (3440 600 120 ) (3560 600 120 ) (3560 600 176 ) 
4 71 73 (3440 -136 176 ) (3440 600 176 ) (3440 600 120 ) (3440 -136 120 ) 
4 71 72 (3440 -136 176 ) (3440 -136 120 ) (3560 -136 120 ) (3560 -136 176 ) 
4 72 74 (3560 -192 120 ) (3560 -192 176 ) (3440 -192 176 ) (3440 -192 120 ) 
4 72 73 (3440 -192 16 ) (3440 -192 176 ) (3440 -136 176 ) (3440 -136 16 ) 
4 73 75 (-4976 -192 176 ) (-4976 -192 16 ) (3152 -192 16 ) (3152 -192 176 ) 
4 73 74 (3440 -192 120 ) (3440 -192 176 ) (3152 -192 176 ) (3152 -192 120 ) 
4 74 83 (3440 -312 1136 ) (3152 -312 1136 ) (3152 -312 120 ) (3440 -312 120 ) 
4 74 80 (3560 -312 1136 ) (3440 -312 1136 ) (3440 -312 120 ) (3560 -312 120 ) 
4 74 79 (3672 -312 1136 ) (3560 -312 1136 ) (3560 -312 120 ) (3672 -312 120 ) 
4 74 76 (3888 -312 120 ) (3888 -312 1136 ) (3672 -312 1136 ) (3672 -312 120 ) 
4 74 75 (3152 -312 120 ) (3152 -312 1136 ) (3152 -192 1136 ) (3152 -192 120 ) 
4 75 83 (3152 -312 1136 ) (-4976 -312 1136 ) (-4976 -312 16 ) (3152 -312 16 ) 
4 76 79 (3672 -312 1136 ) (3672 -312 16 ) (3672 -400 16 ) (3672 -400 1136 ) 
4 76 77 (3672 -400 1136 ) (3672 -400 224 ) (3888 -400 224 ) (3888 -400 1136 ) 
4 77 79 (3672 -856 224 ) (3672 -856 1136 ) (3672 -400 1136 ) (3672 -400 224 ) 
4 77 78 (3672 -856 1136 ) (3672 -856 224 ) (3888 -856 224 ) (3888 -856 1136 ) 
4 78 85 (3864 -952 1136 ) (3672 -952 1136 ) (3672 -952 416 ) (3864 -952 416 ) 
4 78 84 (3888 -952 16 ) (3888 -952 1136 ) (3864 -952 1136 ) (3864 -952 16 ) 
4 78 79 (3672 -856 16 ) (3672 -952 16 ) (3672 -952 1136 ) (3672 -856 1136 ) 
4 79 85 (3672 -952 1136 ) (3560 -952 1136 ) (3560 -952 416 ) (3672 -952 416 ) 
4 79 82 (3560 -872 16 ) (3560 -952 16 ) (3560 -952 1136 ) (3560 -872 1136 ) 
4 79 81 (3560 -872 120 ) (3560 -872 1136 ) (3560 -368 1136 ) (3560 -368 120 ) 
4 79 80 (3560 -312 1136 ) (3560 -312 16 ) (3560 -368 16 ) (3560 -368 1136 ) 
4 80 83 (3440 -312 1136 ) (3440 -312 16 ) (3440 -368 16 ) (3440 -368 1136 ) 
4 80 81 (3440 -368 1136 ) (3440 -368 120 ) (3560 -368 120 ) (3560 -368 1136 ) 
4 81 83 (3440 -872 120 ) (3440 -872 1136 ) (3440 -368 1136 ) (3440 -368 120 ) 
4 81 82 (3440 -872 1136 ) (3440 -872 120 ) (3560 -872 120 ) (3560 -872 1136 ) 
4 82 87 (3536 -952 1136 ) (3440 -952 1136 ) (3440 -952 16 ) (3536 -952 16 ) 
4 82 85 (3560 -952 1136 ) (3536 -952 1136 ) (3536 -952 416 ) (3560 -952 416 ) 
4 82 83 (3440 -872 16 ) (3440 -952 16 ) (3440 -952 1136 ) (3440 -872 1136 ) 
4 83 87 (3440 -952 1136 ) (-4976 -952 1136 ) (-4976 -952 16 ) (3440 -952 16 ) 
4 84 95 (3864 -1368 16 ) (3888 -1368 16 ) (3888 -1368 112 ) (3864 -1368 112 ) 
4 84 89 (3888 -1368 112 ) (3888 -1368 208 ) (3864 -1368 208 ) (3864 -1368 112 ) 
4 84 88 (3888 -1368 208 ) (3888 -1368 1136 ) (3864 -1368 1136 ) (3864 -1368 208 ) 
4 84 86 (3864 -1288 16 ) (3864 -1368 16 ) (3864 -1368 1136 ) (3864 -1288 1136 ) 
4 84 85 (3864 -952 1136 ) (3864 -952 416 ) (3864 -1288 416 ) (3864 -1288 1136 ) 
4 85 87 (3536 -952 1136 ) (3536 -952 416 ) (3536 -1288 416 ) (3536 -1288 1136 ) 
4 85 86 (3536 -1288 1136 ) (3536 -1288 416 ) (3864 -1288 416 ) (3864 -1288 1136 ) 
4 86 97 (3640 -1368 16 ) (3672 -1368 16 ) (3672 -1368 112 ) (3640 -1368 112 ) 
4 86 95 (3856 -1368 16 ) (3864 -1368 16 ) (3864 -1368 112 ) (3856 -1368 112 ) 
4 86 89 (3864 -1368 112 ) (3864 -1368 208 ) (3640 -1368 208 ) (3640 -1368 112 ) 
4 86 88 (3864 -1368 208 ) (3864 -1368 1136 ) (3536 -1368 1136 ) (3536 -1368 208 ) 
4 86 87 (3536 -1288 16 ) (3536 -1368 16 ) (3536 -1368 1136 ) (3536 -1288 1136 ) 
4 87 102 (-4976 -1368 112 ) (-4976 -1368 16 ) (3248 -1368 16 ) (3248 -1368 112 ) 
4 87 100 (3248 -1368 16 ) (3432 -1368 16 ) (3432 -1368 112 ) (3248 -1368 112 ) 
4 87 99 (3432 -1368 16 ) (3456 -1368 16 ) (3456 -1368 112 ) (3432 -1368 112 ) 
4 87 94 (-4976 -1368 208 ) (-4976 -1368 112 ) (3248 -1368 112 ) (3248 -1368 208 ) 
4 87 92 (3248 -1368 112 ) (3432 -1368 112 ) (3432 -1368 208 ) (3248 -1368 208 ) 
4 87 91 (3432 -1368 112 ) (3456 -1368 112 ) (3456 -1368 208 ) (3432 -1368 208 ) 
4 87 88 (-4976 -1368 1136 ) (-4976 -1368 208 ) (3536 -1368 208 ) (3536 -1368 1136 ) 
4 88 105 (-4976 -1840 1136 ) (-4976 -1840 208 ) (3672 -1840 208 ) (3672 -1840 1136 ) 
4 88 103 (3672 -1840 208 ) (3888 -1840 208 ) (3888 -1840 1136 ) (3672 -1840 1136 ) 
4 88 94 (3248 -1840 208 ) (-4976 -1840 208 ) (-4976 -1368 208 ) (3248 -1368 208 ) 
4 88 93 (3432 -1840 208 ) (3248 -1840 208 ) (3248 -1704 208 ) (3432 -1704 208 ) 
4 88 92 (3248 -1512 208 ) (3248 -1368 208 ) (3432 -1368 208 ) (3432 -1512 208 ) 
4 88 91 (3456 -1840 208 ) (3432 -1840 208 ) (3432 -1368 208 ) (3456 -1368 208 ) 
4 88 90 (3456 -1648 208 ) (3456 -1560 208 ) (3640 -1560 208 ) (3640 -1648 208 ) 
4 88 89 (3888 -1840 208 ) (3640 -1840 208 ) (3640 -1368 208 ) (3888 -1368 208 ) 
4 89 105 (3640 -1840 112 ) (3672 -1840 112 ) (3672 -1840 208 ) (3640 -1840 208 ) 
4 89 103 (3672 -1840 112 ) (3888 -1840 112 ) (3888 -1840 208 ) (3672 -1840 208 ) 
4 89 97 (3672 -1840 112 ) (3640 -1840 112 ) (3640 -1368 112 ) (3672 -1368 112 ) 
4 89 96 (3672 -1648 112 ) (3672 -1560 112 ) (3856 -1560 112 ) (3856 -1648 112 ) 
4 89 95 (3888 -1840 112 ) (3856 -1840 112 ) (3856 -1368 112 ) (3888 -1368 112 ) 
4 89 90 (3640 -1560 112 ) (3640 -1648 112 ) (3640 -1648 208 ) (3640 -1560 208 ) 
4 90 98 (3456 -1648 112 ) (3456 -1560 112 ) (3640 -1560 112 ) (3640 -1648 112 ) 
4 90 91 (3456 -1560 112 ) (3456 -1648 112 ) (3456 -1648 208 ) (3456 -1560 208 ) 
4 91 105 (3432 -1840 112 ) (3456 -1840 112 ) (3456 -1840 208 ) (3432 -1840 208 ) 
4 91 99 (3456 -1840 112 ) (3432 -1840 112 ) (3432 -1368 112 ) (3456 -1368 112 ) 
4 91 93 (3432 -1704 112 ) (3432 -1840 112 ) (3432 -1840 208 ) (3432 -1704 208 ) 
4 91 92 (3432 -1368 112 ) (3432 -1512 112 ) (3432 -1512 208 ) (3432 -1368 208 ) 
4 92 100 (3248 -1512 112 ) (3248 -1368 112 ) (3432 -1368 112 ) (3432 -1512 112 ) 
4 92 94 (3248 -1368 112 ) (3248 -1512 112 ) (3248 -1512 208 ) (3248 -1368 208 ) 
4 93 105 (3248 -1840 112 ) (3432 -1840 112 ) (3432 -1840 208 ) (3248 -1840 208 ) 
4 93 101 (3432 -1840 112 ) (3248 -1840 112 ) (3248 -1704 112 ) (3432 -1704 112 ) 
4 93 94 (3248 -1704 112 ) (3248 -1840 112 ) (3248 -1840 208 ) (3248 -1704 208 ) 
4 94 105 (-4976 -1840 208 ) (-4976 -1840 112 ) (3248 -1840 112 ) (3248 -1840 208 ) 
4 94 102 (3248 -1840 112 ) (-4976 -1840 112 ) (-4976 -1368 112 ) (3248 -1368 112 ) 
4 95 103 (3856 -1840 16 ) (3888 -1840 16 ) (3888 -1840 112 ) (3856 -1840 112 ) 
4 95 96 (3856 -1648 112 ) (3856 -1560 112 ) (3856 -1560 16 ) (3856 -1648 16 ) 
4 96 97 (3672 -1648 112 ) (3672 -1560 112 ) (3672 -1560 16 ) (3672 -1648 16 ) 
4 97 105 (3640 -1840 16 ) (3672 -1840 16 ) (3672 -1840 112 ) (3640 -1840 112 ) 
4 97 98 (3640 -1648 112 ) (3640 -1560 112 ) (3640 -1560 16 ) (3640 -1648 16 ) 
4 98 99 (3456 -1648 112 ) (3456 -1560 112 ) (3456 -1560 16 ) (3456 -1648 16 ) 
4 99 105 (3432 -1840 16 ) (3456 -1840 16 ) (3456 -1840 112 ) (3432 -1840 112 ) 
4 99 101 (3432 -1840 16 ) (3432 -1840 112 ) (3432 -1704 112 ) (3432 -1704 16 ) 
4 99 100 (3432 -1512 112 ) (3432 -1368 112 ) (3432 -1368 16 ) (3432 -1512 16 ) 
4 100 102 (3248 -1512 112 ) (3248 -1368 112 ) (3248 -1368 16 ) (3248 -1512 16 ) 
4 101 105 (3248 -1840 16 ) (3432 -1840 16 ) (3432 -1840 112 ) (3248 -1840 112 ) 
4 101 102 (3248 -1840 16 ) (3248 -1840 112 ) (3248 -1704 112 ) (3248 -1704 16 ) 
4 102 105 (-4976 -1840 112 ) (-4976 -1840 16 ) (3248 -1840 16 ) (3248 -1840 112 ) 
4 103 105 (3672 -1928 1136 ) (3672 -1840 1136 ) (3672 -1840 16 ) (3672 -1928 16 ) 
4 103 104 (3672 -1928 1136 ) (3672 -1928 544 ) (3888 -1928 544 ) (3888 -1928 1136 ) 
4 104 106 (3888 -2152 544 ) (3888 -2152 1136 ) (3672 -2152 1136 ) (3672 -2152 544 ) 
4 104 105 (3672 -2152 544 ) (3672 -2152 1136 ) (3672 -1928 1136 ) (3672 -1928 544 ) 
4 105 108 (3544 -2152 1136 ) (-4976 -2152 1136 ) (-4976 -2152 16 ) (3544 -2152 16 ) 
4 105 106 (3672 -2152 1136 ) (3544 -2152 1136 ) (3544 -2152 16 ) (3672 -2152 16 ) 
4 106 108 (3544 -2152 1136 ) (3544 -2152 16 ) (3544 -2240 16 ) (3544 -2240 1136 ) 
4 106 107 (3544 -2240 1136 ) (3544 -2240 248 ) (3888 -2240 248 ) (3888 -2240 1136 ) 
4 107 112 (3696 -2464 368 ) (3544 -2464 368 ) (3544 -2464 248 ) (3696 -2464 248 ) 
4 107 110 (3888 -2464 248 ) (3888 -2464 368 ) (3696 -2464 368 ) (3696 -2464 248 ) 
4 107 109 (3888 -2464 368 ) (3888 -2464 1136 ) (3544 -2464 1136 ) (3544 -2464 368 ) 
4 107 108 (3544 -2464 248 ) (3544 -2464 1136 ) (3544 -2240 1136 ) (3544 -2240 248 ) 
4 108 112 (-4976 -2464 368 ) (-4976 -2464 16 ) (3544 -2464 16 ) (3544 -2464 368 ) 
4 108 109 (3544 -2464 1136 ) (-4976 -2464 1136 ) (-4976 -2464 368 ) (3544 -2464 368 ) 
4 109 117 (3888 -3336 368 ) (3888 -3336 1136 ) (-4976 -3336 1136 ) (-4976 -3336 368 ) 
4 109 116 (3752 -3336 368 ) (-4976 -3336 368 ) (-4976 -2992 368 ) (3752 -2992 368 ) 
4 109 115 (3752 -3216 368 ) (3752 -3168 368 ) (3864 -3168 368 ) (3864 -3216 368 ) 
4 109 114 (3752 -3048 368 ) (3752 -2992 368 ) (3864 -2992 368 ) (3864 -3048 368 ) 
4 109 113 (3888 -3336 368 ) (3864 -3336 368 ) (3864 -2992 368 ) (3888 -2992 368 ) 
4 109 112 (-4976 -2992 368 ) (-4976 -2464 368 ) (3696 -2464 368 ) (3696 -2992 368 ) 
4 109 111 (3888 -2488 368 ) (3888 -2992 368 ) (3696 -2992 368 ) (3696 -2488 368 ) 
4 109 110 (3696 -2464 368 ) (3888 -2464 368 ) (3888 -2488 368 ) (3696 -2488 368 ) 
4 110 112 (3696 -2488 368 ) (3696 -2464 368 ) (3696 -2464 16 ) (3696 -2488 16 ) 
4 110 111 (3696 -2488 368 ) (3696 -2488 248 ) (3888 -2488 248 ) (3888 -2488 368 ) 
4 111 116 (3752 -2992 368 ) (3696 -2992 368 ) (3696 -2992 248 ) (3752 -2992 248 ) 
4 111 114 (3864 -2992 368 ) (3752 -2992 368 ) (3752 -2992 248 ) (3864 -2992 248 ) 
4 111 113 (3888 -2992 248 ) (3888 -2992 368 ) (3864 -2992 368 ) (3864 -2992 248 ) 
4 111 112 (3696 -2992 248 ) (3696 -2992 368 ) (3696 -2488 368 ) (3696 -2488 248 ) 
4 112 116 (3696 -2992 368 ) (-4976 -2992 368 ) (-4976 -2992 16 ) (3696 -2992 16 ) 
4 113 118 (3888 -3336 16 ) (3888 -3336 368 ) (3864 -3336 368 ) (3864 -3336 16 ) 
4 113 115 (3864 -3168 16 ) (3864 -3216 16 ) (3864 -3216 368 ) (3864 -3168 368 ) 
4 113 114 (3864 -2992 368 ) (3864 -2992 16 ) (3864 -3048 16 ) (3864 -3048 368 ) 
4 114 116 (3752 -2992 368 ) (3752 -2992 16 ) (3752 -3048 16 ) (3752 -3048 368 ) 
4 115 116 (3752 -3168 16 ) (3752 -3216 16 ) (3752 -3216 368 ) (3752 -3168 368 ) 
4 116 120 (3744 -3336 368 ) (-4976 -3336 368 ) (-4976 -3336 16 ) (3744 -3336 16 ) 
4 116 119 (3752 -3336 368 ) (3744 -3336 368 ) (3744 -3336 16 ) (3752 -3336 16 ) 
4 117 131 (3704 -3848 1136 ) (-4976 -3848 1136 ) (-4976 -3848 368 ) (3704 -3848 368 ) 
4 117 127 (3888 -3848 368 ) (3888 -3848 1136 ) (3704 -3848 1136 ) (3704 -3848 368 ) 
4 117 126 (3696 -3848 368 ) (-4976 -3848 368 ) (-4976 -3672 368 ) (3696 -3672 368 ) 
4 117 125 (3888 -3848 368 ) (3696 -3848 368 ) (3696 -3728 368 ) (3888 -3728 368 ) 
4 117 124 (3696 -3728 368 ) (3696 -3672 368 ) (3888 -3672 368 ) (3888 -3728 368 ) 
4 117 123 (-4976 -3672 368 ) (-4976 -3504 368 ) (3744 -3504 368 ) (3744 -3672 368 ) 
4 117 122 (3744 -3504 368 ) (3856 -3504 368 ) (3856 -3552 368 ) (3744 -3552 368 ) 
4 117 121 (3856 -3504 368 ) (3888 -3504 368 ) (3888 -3672 368 ) (3856 -3672 368 ) 
4 117 120 (-4976 -3504 368 ) (-4976 -3336 368 ) (3744 -3336 368 ) (3744 -3504 368 ) 
4 117 119 (3744 -3336 368 ) (3856 -3336 368 ) (3856 -3384 368 ) (3744 -3384 368 ) 
4 117 118 (3856 -3336 368 ) (3888 -3336 368 ) (3888 -3504 368 ) (3856 -3504 368 ) 
4 118 121 (3888 -3504 16 ) (3888 -3504 368 ) (3856 -3504 368 ) (3856 -3504 16 ) 
4 118 119 (3856 -3384 368 ) (3856 -3336 368 ) (3856 -3336 16 ) (3856 -3384 16 ) 
4 119 120 (3744 -3384 368 ) (3744 -3336 368 ) (3744 -3336 16 ) (3744 -3384 16 ) 
4 120 123 (3744 -3504 368 ) (-4976 -3504 368 ) (-4976 -3504 16 ) (3744 -3504 16 ) 
4 121 124 (3888 -3672 16 ) (3888 -3672 368 ) (3856 -3672 368 ) (3856 -3672 16 ) 
4 121 122 (3856 -3504 368 ) (3856 -3504 16 ) (3856 -3552 16 ) (3856 -3552 368 ) 
4 122 123 (3744 -3504 368 ) (3744 -3504 16 ) (3744 -3552 16 ) (3744 -3552 368 ) 
4 123 126 (3696 -3672 368 ) (-4976 -3672 368 ) (-4976 -3672 16 ) (3696 -3672 16 ) 
4 123 124 (3744 -3672 368 ) (3696 -3672 368 ) (3696 -3672 16 ) (3744 -3672 16 ) 
4 124 126 (3696 -3672 368 ) (3696 -3672 16 ) (3696 -3728 16 ) (3696 -3728 368 ) 
4 124 125 (3696 -3728 368 ) (3696 -3728 112 ) (3888 -3728 112 ) (3888 -3728 368 ) 
4 125 131 (3704 -3848 368 ) (3696 -3848 368 ) (3696 -3848 112 ) (3704 -3848 112 ) 
4 125 127 (3888 -3848 112 ) (3888 -3848 368 ) (3704 -3848 368 ) (3704 -3848 112 ) 
4 125 126 (3696 -3848 112 ) (3696 -3848 368 ) (3696 -3728 368 ) (3696 -3728 112 ) 
4 126 131 (3696 -3848 368 ) (-4976 -3848 368 ) (-4976 -3848 16 ) (3696 -3848 16 ) 
4 127 131 (3704 -3848 1136 ) (3704 -3848 112 ) (3704 -4992 112 ) (3704 -4992 1136 ) 
4 127 130 (3888 -4992 112 ) (3704 -4992 112 ) (3704 -4184 112 ) (3888 -4184 112 ) 
4 127 129 (3704 -4064 112 ) (3704 -4016 112 ) (3888 -4016 112 ) (3888 -4064 112 ) 
4 127 128 (3704 -3896 112 ) (3704 -3848 112 ) (3888 -3848 112 ) (3888 -3896 112 ) 
4 128 131 (3704 -3848 112 ) (3704 -3848 16 ) (3704 -3896 16 ) (3704 -3896 112 ) 
4 129 131 (3704 -4016 16 ) (3704 -4064 16 ) (3704 -4064 112 ) (3704 -4016 112 ) 
4 130 131 (3704 -4184 16 ) (3704 -4992 16 ) (3704 -4992 112 ) (3704 -4184 112 ) 
